1 | 2021-07-11 13:34:13,401 - INFO - allennlp.common.params - random_seed = 13370
1 | 2021-07-11 13:34:13,401 - INFO - allennlp.common.params - numpy_seed = 1337
1 | 2021-07-11 13:34:13,401 - INFO - allennlp.common.params - pytorch_seed = 133
1 | 2021-07-11 13:34:13,413 - INFO - allennlp.common.checks - Pytorch version: 1.8.0+cu101
1 | 2021-07-11 13:34:14,463 - INFO - root - Added key: store_based_barrier_key:1 to store for rank: 1
1 | 2021-07-11 13:34:14,474 - INFO - root - Process group of world size 2 initialized for distributed training in worker 1
1 | 2021-07-11 13:34:14,474 - INFO - allennlp.common.params - type = default
1 | 2021-07-11 13:34:14,475 - INFO - allennlp.common.params - dataset_reader.type = data_reader
1 | 2021-07-11 13:34:14,475 - INFO - allennlp.common.params - dataset_reader.max_instances = None
1 | 2021-07-11 13:34:14,475 - INFO - allennlp.common.params - dataset_reader.manual_distributed_sharding = False
1 | 2021-07-11 13:34:14,475 - INFO - allennlp.common.params - dataset_reader.manual_multiprocess_sharding = False
1 | 2021-07-11 13:34:14,475 - INFO - allennlp.common.params - dataset_reader.tokenizer.type = pretrained_transformer
1 | 2021-07-11 13:34:14,475 - INFO - allennlp.common.params - dataset_reader.tokenizer.model_name = hfl/chinese-roberta-wwm-ext-large
1 | 2021-07-11 13:34:14,476 - INFO - allennlp.common.params - dataset_reader.tokenizer.add_special_tokens = True
1 | 2021-07-11 13:34:14,476 - INFO - allennlp.common.params - dataset_reader.tokenizer.max_length = None
1 | 2021-07-11 13:34:14,476 - INFO - allennlp.common.params - dataset_reader.tokenizer.tokenizer_kwargs = None
1 | 2021-07-11 13:34:23,427 - INFO - allennlp.common.params - dataset_reader.token_indexers.bert.type = pretrained_transformer
1 | 2021-07-11 13:34:23,432 - INFO - allennlp.common.params - dataset_reader.token_indexers.bert.token_min_padding_length = 0
1 | 2021-07-11 13:34:23,433 - INFO - allennlp.common.params - dataset_reader.token_indexers.bert.model_name = hfl/chinese-roberta-wwm-ext-large
1 | 2021-07-11 13:34:23,433 - INFO - allennlp.common.params - dataset_reader.token_indexers.bert.namespace = tags
1 | 2021-07-11 13:34:23,433 - INFO - allennlp.common.params - dataset_reader.token_indexers.bert.max_length = None
1 | 2021-07-11 13:34:23,433 - INFO - allennlp.common.params - dataset_reader.token_indexers.bert.tokenizer_kwargs = None
1 | 2021-07-11 13:34:23,433 - INFO - allennlp.common.params - dataset_reader.max_tokens = 512
1 | 2021-07-11 13:34:23,434 - INFO - allennlp.common.params - dataset_reader.text_num = 100
1 | 2021-07-11 13:34:23,434 - INFO - allennlp.common.params - train_data_path = data/BCUT/train.txt
1 | 2021-07-11 13:34:23,434 - INFO - allennlp.common.params - datasets_for_vocab_creation = None
1 | 2021-07-11 13:34:23,435 - INFO - allennlp.common.params - validation_dataset_reader = None
1 | 2021-07-11 13:34:23,435 - INFO - allennlp.common.params - validation_data_path = data/BCUT/test.txt
1 | 2021-07-11 13:34:23,435 - INFO - allennlp.common.params - validation_data_loader = None
1 | 2021-07-11 13:34:23,435 - INFO - allennlp.common.params - test_data_path = None
1 | 2021-07-11 13:34:23,435 - INFO - allennlp.common.params - evaluate_on_test = False
1 | 2021-07-11 13:34:23,435 - INFO - allennlp.common.params - batch_weight_key = 
1 | 2021-07-11 13:34:23,435 - INFO - allennlp.common.params - data_loader.type = multiprocess
1 | 2021-07-11 13:34:23,435 - INFO - allennlp.common.params - data_loader.batch_size = 8
1 | 2021-07-11 13:34:23,435 - INFO - allennlp.common.params - data_loader.drop_last = False
1 | 2021-07-11 13:34:23,435 - INFO - allennlp.common.params - data_loader.shuffle = True
1 | 2021-07-11 13:34:23,436 - INFO - allennlp.common.params - data_loader.batch_sampler = None
1 | 2021-07-11 13:34:23,436 - INFO - allennlp.common.params - data_loader.batches_per_epoch = None
1 | 2021-07-11 13:34:23,436 - INFO - allennlp.common.params - data_loader.num_workers = 8
1 | 2021-07-11 13:34:23,436 - INFO - allennlp.common.params - data_loader.max_instances_in_memory = None
1 | 2021-07-11 13:34:23,436 - INFO - allennlp.common.params - data_loader.start_method = fork
1 | 2021-07-11 13:34:23,436 - INFO - allennlp.common.params - data_loader.cuda_device = None
1 | 2021-07-11 13:34:23,436 - INFO - allennlp.common.params - data_loader.quiet = False
1 | 2021-07-11 13:34:23,480 - INFO - tqdm - loading instances: 0it [00:00, ?it/s]
1 | 2021-07-11 13:34:23,691 - INFO - allennlp.common.params - data_loader.type = multiprocess
1 | 2021-07-11 13:34:23,692 - INFO - allennlp.common.params - data_loader.batch_size = 8
1 | 2021-07-11 13:34:23,692 - INFO - allennlp.common.params - data_loader.drop_last = False
1 | 2021-07-11 13:34:23,692 - INFO - allennlp.common.params - data_loader.shuffle = True
1 | 2021-07-11 13:34:23,692 - INFO - allennlp.common.params - data_loader.batch_sampler = None
1 | 2021-07-11 13:34:23,692 - INFO - allennlp.common.params - data_loader.batches_per_epoch = None
1 | 2021-07-11 13:34:23,692 - INFO - allennlp.common.params - data_loader.num_workers = 8
1 | 2021-07-11 13:34:23,692 - INFO - allennlp.common.params - data_loader.max_instances_in_memory = None
1 | 2021-07-11 13:34:23,692 - INFO - allennlp.common.params - data_loader.start_method = fork
1 | 2021-07-11 13:34:23,692 - INFO - allennlp.common.params - data_loader.cuda_device = None
1 | 2021-07-11 13:34:23,692 - INFO - allennlp.common.params - data_loader.quiet = False
1 | 2021-07-11 13:34:23,749 - INFO - tqdm - loading instances: 0it [00:00, ?it/s]
1 | 2021-07-11 13:34:23,781 - INFO - allennlp.common.params - vocabulary.type = from_files
1 | 2021-07-11 13:34:23,781 - INFO - allennlp.common.params - vocabulary.directory = save1/vocabulary
1 | 2021-07-11 13:34:23,781 - INFO - allennlp.common.params - vocabulary.padding_token = @@PADDING@@
1 | 2021-07-11 13:34:23,781 - INFO - allennlp.common.params - vocabulary.oov_token = @@UNKNOWN@@
1 | 2021-07-11 13:34:23,782 - INFO - allennlp.data.vocabulary - Loading token dictionary from save1/vocabulary.
1 | 2021-07-11 13:34:23,791 - INFO - filelock - Lock 140659821418912 acquired on save1/vocabulary/.lock
1 | 2021-07-11 13:34:23,813 - INFO - filelock - Lock 140659821418912 released on save1/vocabulary/.lock
1 | 2021-07-11 13:34:23,813 - INFO - allennlp.common.params - model.type = tagger
1 | 2021-07-11 13:34:23,813 - INFO - allennlp.common.params - model.embedder.type = basic
1 | 2021-07-11 13:34:23,814 - INFO - allennlp.common.params - model.embedder.token_embedders.bert.type = pretrained_transformer
1 | 2021-07-11 13:34:23,814 - INFO - allennlp.common.params - model.embedder.token_embedders.bert.model_name = hfl/chinese-roberta-wwm-ext-large
1 | 2021-07-11 13:34:23,814 - INFO - allennlp.common.params - model.embedder.token_embedders.bert.max_length = None
1 | 2021-07-11 13:34:23,814 - INFO - allennlp.common.params - model.embedder.token_embedders.bert.sub_module = None
1 | 2021-07-11 13:34:23,814 - INFO - allennlp.common.params - model.embedder.token_embedders.bert.train_parameters = True
1 | 2021-07-11 13:34:23,814 - INFO - allennlp.common.params - model.embedder.token_embedders.bert.eval_mode = False
1 | 2021-07-11 13:34:23,814 - INFO - allennlp.common.params - model.embedder.token_embedders.bert.last_layer_only = True
1 | 2021-07-11 13:34:23,815 - INFO - allennlp.common.params - model.embedder.token_embedders.bert.override_weights_file = None
1 | 2021-07-11 13:34:23,815 - INFO - allennlp.common.params - model.embedder.token_embedders.bert.override_weights_strip_prefix = None
1 | 2021-07-11 13:34:23,815 - INFO - allennlp.common.params - model.embedder.token_embedders.bert.gradient_checkpointing = None
1 | 2021-07-11 13:34:23,815 - INFO - allennlp.common.params - model.embedder.token_embedders.bert.tokenizer_kwargs = None
1 | 2021-07-11 13:34:23,815 - INFO - allennlp.common.params - model.embedder.token_embedders.bert.transformer_kwargs = None
1 | 2021-07-11 13:34:37,249 - INFO - allennlp.common.params - model.threshold = 0.9
1 | 2021-07-11 13:34:37,276 - INFO - allennlp.common.params - trainer.type = gradient_descent
1 | 2021-07-11 13:34:37,276 - INFO - allennlp.common.params - trainer.patience = 20
1 | 2021-07-11 13:34:37,276 - INFO - allennlp.common.params - trainer.validation_metric = -loss
1 | 2021-07-11 13:34:37,276 - INFO - allennlp.common.params - trainer.num_epochs = 100
1 | 2021-07-11 13:34:37,276 - INFO - allennlp.common.params - trainer.cuda_device = 1
1 | 2021-07-11 13:34:37,277 - INFO - allennlp.common.params - trainer.grad_norm = None
1 | 2021-07-11 13:34:37,277 - INFO - allennlp.common.params - trainer.grad_clipping = None
1 | 2021-07-11 13:34:37,277 - INFO - allennlp.common.params - trainer.distributed = True
1 | 2021-07-11 13:34:37,277 - INFO - allennlp.common.params - trainer.world_size = 2
1 | 2021-07-11 13:34:37,277 - INFO - allennlp.common.params - trainer.num_gradient_accumulation_steps = 1
1 | 2021-07-11 13:34:37,277 - INFO - allennlp.common.params - trainer.use_amp = False
1 | 2021-07-11 13:34:37,277 - INFO - allennlp.common.params - trainer.no_grad = None
1 | 2021-07-11 13:34:37,277 - INFO - allennlp.common.params - trainer.learning_rate_scheduler = None
1 | 2021-07-11 13:34:37,277 - INFO - allennlp.common.params - trainer.momentum_scheduler = None
1 | 2021-07-11 13:34:37,277 - INFO - allennlp.common.params - trainer.moving_average = None
1 | 2021-07-11 13:34:37,277 - INFO - allennlp.common.params - trainer.checkpointer = <allennlp.common.lazy.Lazy object at 0x7fedeab672e0>
1 | 2021-07-11 13:34:37,277 - INFO - allennlp.common.params - trainer.callbacks = None
1 | 2021-07-11 13:34:37,277 - INFO - allennlp.common.params - trainer.enable_default_callbacks = True
1 | 2021-07-11 13:34:37,277 - INFO - allennlp.common.params - trainer.run_sanity_checks = True
1 | 2021-07-11 13:34:42,597 - INFO - allennlp.common.params - trainer.optimizer.type = huggingface_adamw
1 | 2021-07-11 13:34:42,598 - INFO - allennlp.common.params - trainer.optimizer.parameter_groups = None
1 | 2021-07-11 13:34:42,598 - INFO - allennlp.common.params - trainer.optimizer.lr = 1e-05
1 | 2021-07-11 13:34:42,598 - INFO - allennlp.common.params - trainer.optimizer.betas = (0.9, 0.999)
1 | 2021-07-11 13:34:42,598 - INFO - allennlp.common.params - trainer.optimizer.eps = 1e-08
1 | 2021-07-11 13:34:42,598 - INFO - allennlp.common.params - trainer.optimizer.weight_decay = 0.0
1 | 2021-07-11 13:34:42,598 - INFO - allennlp.common.params - trainer.optimizer.correct_bias = True
1 | 2021-07-11 13:34:42,598 - INFO - allennlp.training.optimizers - Number of trainable parameters: 325523457
1 | 2021-07-11 13:34:42,599 - INFO - allennlp.common.util - The following parameters are Frozen (without gradient):
1 | 2021-07-11 13:34:42,601 - INFO - allennlp.common.util - The following parameters are Tunable (with gradient):
1 | 2021-07-11 13:34:42,601 - INFO - allennlp.common.util - embedder.token_embedder_bert.transformer_model.embeddings.word_embeddings.weight
1 | 2021-07-11 13:34:42,601 - INFO - allennlp.common.util - embedder.token_embedder_bert.transformer_model.embeddings.position_embeddings.weight
1 | 2021-07-11 13:34:42,601 - INFO - allennlp.common.util - embedder.token_embedder_bert.transformer_model.embeddings.token_type_embeddings.weight
1 | 2021-07-11 13:34:42,601 - INFO - allennlp.common.util - embedder.token_embedder_bert.transformer_model.embeddings.LayerNorm.weight
1 | 2021-07-11 13:34:42,601 - INFO - allennlp.common.util - embedder.token_embedder_bert.transformer_model.embeddings.LayerNorm.bias
1 | 2021-07-11 13:34:42,601 - INFO - allennlp.common.util - embedder.token_embedder_bert.transformer_model.encoder.layer.0.attention.self.query.weight
1 | 2021-07-11 13:34:42,601 - INFO - allennlp.common.util - embedder.token_embedder_bert.transformer_model.encoder.layer.0.attention.self.query.bias
1 | 2021-07-11 13:34:42,601 - INFO - allennlp.common.util - embedder.token_embedder_bert.transformer_model.encoder.layer.0.attention.self.key.weight
1 | 2021-07-11 13:34:42,601 - INFO - allennlp.common.util - embedder.token_embedder_bert.transformer_model.encoder.layer.0.attention.self.key.bias
1 | 2021-07-11 13:34:42,601 - INFO - allennlp.common.util - embedder.token_embedder_bert.transformer_model.encoder.layer.0.attention.self.value.weight
1 | 2021-07-11 13:34:42,601 - INFO - allennlp.common.util - embedder.token_embedder_bert.transformer_model.encoder.layer.0.attention.self.value.bias
1 | 2021-07-11 13:34:42,601 - INFO - allennlp.common.util - embedder.token_embedder_bert.transformer_model.encoder.layer.0.attention.output.dense.weight
1 | 2021-07-11 13:34:42,601 - INFO - allennlp.common.util - embedder.token_embedder_bert.transformer_model.encoder.layer.0.attention.output.dense.bias
1 | 2021-07-11 13:34:42,601 - INFO - allennlp.common.util - embedder.token_embedder_bert.transformer_model.encoder.layer.0.attention.output.LayerNorm.weight
1 | 2021-07-11 13:34:42,601 - INFO - allennlp.common.util - embedder.token_embedder_bert.transformer_model.encoder.layer.0.attention.output.LayerNorm.bias
1 | 2021-07-11 13:34:42,601 - INFO - allennlp.common.util - embedder.token_embedder_bert.transformer_model.encoder.layer.0.intermediate.dense.weight
1 | 2021-07-11 13:34:42,601 - INFO - allennlp.common.util - embedder.token_embedder_bert.transformer_model.encoder.layer.0.intermediate.dense.bias
1 | 2021-07-11 13:34:42,601 - INFO - allennlp.common.util - embedder.token_embedder_bert.transformer_model.encoder.layer.0.output.dense.weight
1 | 2021-07-11 13:34:42,601 - INFO - allennlp.common.util - embedder.token_embedder_bert.transformer_model.encoder.layer.0.output.dense.bias
1 | 2021-07-11 13:34:42,601 - INFO - allennlp.common.util - embedder.token_embedder_bert.transformer_model.encoder.layer.0.output.LayerNorm.weight
1 | 2021-07-11 13:34:42,602 - INFO - allennlp.common.util - embedder.token_embedder_bert.transformer_model.encoder.layer.0.output.LayerNorm.bias
1 | 2021-07-11 13:34:42,602 - INFO - allennlp.common.util - embedder.token_embedder_bert.transformer_model.encoder.layer.1.attention.self.query.weight
1 | 2021-07-11 13:34:42,602 - INFO - allennlp.common.util - embedder.token_embedder_bert.transformer_model.encoder.layer.1.attention.self.query.bias
1 | 2021-07-11 13:34:42,602 - INFO - allennlp.common.util - embedder.token_embedder_bert.transformer_model.encoder.layer.1.attention.self.key.weight
1 | 2021-07-11 13:34:42,602 - INFO - allennlp.common.util - embedder.token_embedder_bert.transformer_model.encoder.layer.1.attention.self.key.bias
1 | 2021-07-11 13:34:42,602 - INFO - allennlp.common.util - embedder.token_embedder_bert.transformer_model.encoder.layer.1.attention.self.value.weight
1 | 2021-07-11 13:34:42,602 - INFO - allennlp.common.util - embedder.token_embedder_bert.transformer_model.encoder.layer.1.attention.self.value.bias
1 | 2021-07-11 13:34:42,602 - INFO - allennlp.common.util - embedder.token_embedder_bert.transformer_model.encoder.layer.1.attention.output.dense.weight
1 | 2021-07-11 13:34:42,602 - INFO - allennlp.common.util - embedder.token_embedder_bert.transformer_model.encoder.layer.1.attention.output.dense.bias
1 | 2021-07-11 13:34:42,602 - INFO - allennlp.common.util - embedder.token_embedder_bert.transformer_model.encoder.layer.1.attention.output.LayerNorm.weight
1 | 2021-07-11 13:34:42,602 - INFO - allennlp.common.util - embedder.token_embedder_bert.transformer_model.encoder.layer.1.attention.output.LayerNorm.bias
1 | 2021-07-11 13:34:42,602 - INFO - allennlp.common.util - embedder.token_embedder_bert.transformer_model.encoder.layer.1.intermediate.dense.weight
1 | 2021-07-11 13:34:42,602 - INFO - allennlp.common.util - embedder.token_embedder_bert.transformer_model.encoder.layer.1.intermediate.dense.bias
1 | 2021-07-11 13:34:42,602 - INFO - allennlp.common.util - embedder.token_embedder_bert.transformer_model.encoder.layer.1.output.dense.weight
1 | 2021-07-11 13:34:42,602 - INFO - allennlp.common.util - embedder.token_embedder_bert.transformer_model.encoder.layer.1.output.dense.bias
1 | 2021-07-11 13:34:42,602 - INFO - allennlp.common.util - embedder.token_embedder_bert.transformer_model.encoder.layer.1.output.LayerNorm.weight
1 | 2021-07-11 13:34:42,602 - INFO - allennlp.common.util - embedder.token_embedder_bert.transformer_model.encoder.layer.1.output.LayerNorm.bias
1 | 2021-07-11 13:34:42,602 - INFO - allennlp.common.util - embedder.token_embedder_bert.transformer_model.encoder.layer.2.attention.self.query.weight
1 | 2021-07-11 13:34:42,602 - INFO - allennlp.common.util - embedder.token_embedder_bert.transformer_model.encoder.layer.2.attention.self.query.bias
1 | 2021-07-11 13:34:42,602 - INFO - allennlp.common.util - embedder.token_embedder_bert.transformer_model.encoder.layer.2.attention.self.key.weight
1 | 2021-07-11 13:34:42,602 - INFO - allennlp.common.util - embedder.token_embedder_bert.transformer_model.encoder.layer.2.attention.self.key.bias
1 | 2021-07-11 13:34:42,602 - INFO - allennlp.common.util - embedder.token_embedder_bert.transformer_model.encoder.layer.2.attention.self.value.weight
1 | 2021-07-11 13:34:42,602 - INFO - allennlp.common.util - embedder.token_embedder_bert.transformer_model.encoder.layer.2.attention.self.value.bias
1 | 2021-07-11 13:34:42,603 - INFO - allennlp.common.util - embedder.token_embedder_bert.transformer_model.encoder.layer.2.attention.output.dense.weight
1 | 2021-07-11 13:34:42,603 - INFO - allennlp.common.util - embedder.token_embedder_bert.transformer_model.encoder.layer.2.attention.output.dense.bias
1 | 2021-07-11 13:34:42,603 - INFO - allennlp.common.util - embedder.token_embedder_bert.transformer_model.encoder.layer.2.attention.output.LayerNorm.weight
1 | 2021-07-11 13:34:42,603 - INFO - allennlp.common.util - embedder.token_embedder_bert.transformer_model.encoder.layer.2.attention.output.LayerNorm.bias
1 | 2021-07-11 13:34:42,603 - INFO - allennlp.common.util - embedder.token_embedder_bert.transformer_model.encoder.layer.2.intermediate.dense.weight
1 | 2021-07-11 13:34:42,603 - INFO - allennlp.common.util - embedder.token_embedder_bert.transformer_model.encoder.layer.2.intermediate.dense.bias
1 | 2021-07-11 13:34:42,603 - INFO - allennlp.common.util - embedder.token_embedder_bert.transformer_model.encoder.layer.2.output.dense.weight
1 | 2021-07-11 13:34:42,603 - INFO - allennlp.common.util - embedder.token_embedder_bert.transformer_model.encoder.layer.2.output.dense.bias
1 | 2021-07-11 13:34:42,603 - INFO - allennlp.common.util - embedder.token_embedder_bert.transformer_model.encoder.layer.2.output.LayerNorm.weight
1 | 2021-07-11 13:34:42,603 - INFO - allennlp.common.util - embedder.token_embedder_bert.transformer_model.encoder.layer.2.output.LayerNorm.bias
1 | 2021-07-11 13:34:42,603 - INFO - allennlp.common.util - embedder.token_embedder_bert.transformer_model.encoder.layer.3.attention.self.query.weight
1 | 2021-07-11 13:34:42,603 - INFO - allennlp.common.util - embedder.token_embedder_bert.transformer_model.encoder.layer.3.attention.self.query.bias
1 | 2021-07-11 13:34:42,603 - INFO - allennlp.common.util - embedder.token_embedder_bert.transformer_model.encoder.layer.3.attention.self.key.weight
1 | 2021-07-11 13:34:42,603 - INFO - allennlp.common.util - embedder.token_embedder_bert.transformer_model.encoder.layer.3.attention.self.key.bias
1 | 2021-07-11 13:34:42,603 - INFO - allennlp.common.util - embedder.token_embedder_bert.transformer_model.encoder.layer.3.attention.self.value.weight
1 | 2021-07-11 13:34:42,603 - INFO - allennlp.common.util - embedder.token_embedder_bert.transformer_model.encoder.layer.3.attention.self.value.bias
1 | 2021-07-11 13:34:42,603 - INFO - allennlp.common.util - embedder.token_embedder_bert.transformer_model.encoder.layer.3.attention.output.dense.weight
1 | 2021-07-11 13:34:42,603 - INFO - allennlp.common.util - embedder.token_embedder_bert.transformer_model.encoder.layer.3.attention.output.dense.bias
1 | 2021-07-11 13:34:42,603 - INFO - allennlp.common.util - embedder.token_embedder_bert.transformer_model.encoder.layer.3.attention.output.LayerNorm.weight
1 | 2021-07-11 13:34:42,603 - INFO - allennlp.common.util - embedder.token_embedder_bert.transformer_model.encoder.layer.3.attention.output.LayerNorm.bias
1 | 2021-07-11 13:34:42,603 - INFO - allennlp.common.util - embedder.token_embedder_bert.transformer_model.encoder.layer.3.intermediate.dense.weight
1 | 2021-07-11 13:34:42,604 - INFO - allennlp.common.util - embedder.token_embedder_bert.transformer_model.encoder.layer.3.intermediate.dense.bias
1 | 2021-07-11 13:34:42,604 - INFO - allennlp.common.util - embedder.token_embedder_bert.transformer_model.encoder.layer.3.output.dense.weight
1 | 2021-07-11 13:34:42,604 - INFO - allennlp.common.util - embedder.token_embedder_bert.transformer_model.encoder.layer.3.output.dense.bias
1 | 2021-07-11 13:34:42,604 - INFO - allennlp.common.util - embedder.token_embedder_bert.transformer_model.encoder.layer.3.output.LayerNorm.weight
1 | 2021-07-11 13:34:42,604 - INFO - allennlp.common.util - embedder.token_embedder_bert.transformer_model.encoder.layer.3.output.LayerNorm.bias
1 | 2021-07-11 13:34:42,604 - INFO - allennlp.common.util - embedder.token_embedder_bert.transformer_model.encoder.layer.4.attention.self.query.weight
1 | 2021-07-11 13:34:42,604 - INFO - allennlp.common.util - embedder.token_embedder_bert.transformer_model.encoder.layer.4.attention.self.query.bias
1 | 2021-07-11 13:34:42,604 - INFO - allennlp.common.util - embedder.token_embedder_bert.transformer_model.encoder.layer.4.attention.self.key.weight
1 | 2021-07-11 13:34:42,604 - INFO - allennlp.common.util - embedder.token_embedder_bert.transformer_model.encoder.layer.4.attention.self.key.bias
1 | 2021-07-11 13:34:42,604 - INFO - allennlp.common.util - embedder.token_embedder_bert.transformer_model.encoder.layer.4.attention.self.value.weight
1 | 2021-07-11 13:34:42,604 - INFO - allennlp.common.util - embedder.token_embedder_bert.transformer_model.encoder.layer.4.attention.self.value.bias
1 | 2021-07-11 13:34:42,604 - INFO - allennlp.common.util - embedder.token_embedder_bert.transformer_model.encoder.layer.4.attention.output.dense.weight
1 | 2021-07-11 13:34:42,604 - INFO - allennlp.common.util - embedder.token_embedder_bert.transformer_model.encoder.layer.4.attention.output.dense.bias
1 | 2021-07-11 13:34:42,604 - INFO - allennlp.common.util - embedder.token_embedder_bert.transformer_model.encoder.layer.4.attention.output.LayerNorm.weight
1 | 2021-07-11 13:34:42,604 - INFO - allennlp.common.util - embedder.token_embedder_bert.transformer_model.encoder.layer.4.attention.output.LayerNorm.bias
1 | 2021-07-11 13:34:42,604 - INFO - allennlp.common.util - embedder.token_embedder_bert.transformer_model.encoder.layer.4.intermediate.dense.weight
1 | 2021-07-11 13:34:42,604 - INFO - allennlp.common.util - embedder.token_embedder_bert.transformer_model.encoder.layer.4.intermediate.dense.bias
1 | 2021-07-11 13:34:42,604 - INFO - allennlp.common.util - embedder.token_embedder_bert.transformer_model.encoder.layer.4.output.dense.weight
1 | 2021-07-11 13:34:42,604 - INFO - allennlp.common.util - embedder.token_embedder_bert.transformer_model.encoder.layer.4.output.dense.bias
1 | 2021-07-11 13:34:42,604 - INFO - allennlp.common.util - embedder.token_embedder_bert.transformer_model.encoder.layer.4.output.LayerNorm.weight
1 | 2021-07-11 13:34:42,605 - INFO - allennlp.common.util - embedder.token_embedder_bert.transformer_model.encoder.layer.4.output.LayerNorm.bias
1 | 2021-07-11 13:34:42,605 - INFO - allennlp.common.util - embedder.token_embedder_bert.transformer_model.encoder.layer.5.attention.self.query.weight
1 | 2021-07-11 13:34:42,605 - INFO - allennlp.common.util - embedder.token_embedder_bert.transformer_model.encoder.layer.5.attention.self.query.bias
1 | 2021-07-11 13:34:42,605 - INFO - allennlp.common.util - embedder.token_embedder_bert.transformer_model.encoder.layer.5.attention.self.key.weight
1 | 2021-07-11 13:34:42,605 - INFO - allennlp.common.util - embedder.token_embedder_bert.transformer_model.encoder.layer.5.attention.self.key.bias
1 | 2021-07-11 13:34:42,605 - INFO - allennlp.common.util - embedder.token_embedder_bert.transformer_model.encoder.layer.5.attention.self.value.weight
1 | 2021-07-11 13:34:42,605 - INFO - allennlp.common.util - embedder.token_embedder_bert.transformer_model.encoder.layer.5.attention.self.value.bias
1 | 2021-07-11 13:34:42,605 - INFO - allennlp.common.util - embedder.token_embedder_bert.transformer_model.encoder.layer.5.attention.output.dense.weight
1 | 2021-07-11 13:34:42,605 - INFO - allennlp.common.util - embedder.token_embedder_bert.transformer_model.encoder.layer.5.attention.output.dense.bias
1 | 2021-07-11 13:34:42,605 - INFO - allennlp.common.util - embedder.token_embedder_bert.transformer_model.encoder.layer.5.attention.output.LayerNorm.weight
1 | 2021-07-11 13:34:42,605 - INFO - allennlp.common.util - embedder.token_embedder_bert.transformer_model.encoder.layer.5.attention.output.LayerNorm.bias
1 | 2021-07-11 13:34:42,605 - INFO - allennlp.common.util - embedder.token_embedder_bert.transformer_model.encoder.layer.5.intermediate.dense.weight
1 | 2021-07-11 13:34:42,605 - INFO - allennlp.common.util - embedder.token_embedder_bert.transformer_model.encoder.layer.5.intermediate.dense.bias
1 | 2021-07-11 13:34:42,605 - INFO - allennlp.common.util - embedder.token_embedder_bert.transformer_model.encoder.layer.5.output.dense.weight
1 | 2021-07-11 13:34:42,605 - INFO - allennlp.common.util - embedder.token_embedder_bert.transformer_model.encoder.layer.5.output.dense.bias
1 | 2021-07-11 13:34:42,605 - INFO - allennlp.common.util - embedder.token_embedder_bert.transformer_model.encoder.layer.5.output.LayerNorm.weight
1 | 2021-07-11 13:34:42,605 - INFO - allennlp.common.util - embedder.token_embedder_bert.transformer_model.encoder.layer.5.output.LayerNorm.bias
1 | 2021-07-11 13:34:42,605 - INFO - allennlp.common.util - embedder.token_embedder_bert.transformer_model.encoder.layer.6.attention.self.query.weight
1 | 2021-07-11 13:34:42,605 - INFO - allennlp.common.util - embedder.token_embedder_bert.transformer_model.encoder.layer.6.attention.self.query.bias
1 | 2021-07-11 13:34:42,605 - INFO - allennlp.common.util - embedder.token_embedder_bert.transformer_model.encoder.layer.6.attention.self.key.weight
1 | 2021-07-11 13:34:42,605 - INFO - allennlp.common.util - embedder.token_embedder_bert.transformer_model.encoder.layer.6.attention.self.key.bias
1 | 2021-07-11 13:34:42,606 - INFO - allennlp.common.util - embedder.token_embedder_bert.transformer_model.encoder.layer.6.attention.self.value.weight
1 | 2021-07-11 13:34:42,606 - INFO - allennlp.common.util - embedder.token_embedder_bert.transformer_model.encoder.layer.6.attention.self.value.bias
1 | 2021-07-11 13:34:42,606 - INFO - allennlp.common.util - embedder.token_embedder_bert.transformer_model.encoder.layer.6.attention.output.dense.weight
1 | 2021-07-11 13:34:42,606 - INFO - allennlp.common.util - embedder.token_embedder_bert.transformer_model.encoder.layer.6.attention.output.dense.bias
1 | 2021-07-11 13:34:42,606 - INFO - allennlp.common.util - embedder.token_embedder_bert.transformer_model.encoder.layer.6.attention.output.LayerNorm.weight
1 | 2021-07-11 13:34:42,606 - INFO - allennlp.common.util - embedder.token_embedder_bert.transformer_model.encoder.layer.6.attention.output.LayerNorm.bias
1 | 2021-07-11 13:34:42,606 - INFO - allennlp.common.util - embedder.token_embedder_bert.transformer_model.encoder.layer.6.intermediate.dense.weight
1 | 2021-07-11 13:34:42,606 - INFO - allennlp.common.util - embedder.token_embedder_bert.transformer_model.encoder.layer.6.intermediate.dense.bias
1 | 2021-07-11 13:34:42,606 - INFO - allennlp.common.util - embedder.token_embedder_bert.transformer_model.encoder.layer.6.output.dense.weight
1 | 2021-07-11 13:34:42,606 - INFO - allennlp.common.util - embedder.token_embedder_bert.transformer_model.encoder.layer.6.output.dense.bias
1 | 2021-07-11 13:34:42,606 - INFO - allennlp.common.util - embedder.token_embedder_bert.transformer_model.encoder.layer.6.output.LayerNorm.weight
1 | 2021-07-11 13:34:42,606 - INFO - allennlp.common.util - embedder.token_embedder_bert.transformer_model.encoder.layer.6.output.LayerNorm.bias
1 | 2021-07-11 13:34:42,606 - INFO - allennlp.common.util - embedder.token_embedder_bert.transformer_model.encoder.layer.7.attention.self.query.weight
1 | 2021-07-11 13:34:42,606 - INFO - allennlp.common.util - embedder.token_embedder_bert.transformer_model.encoder.layer.7.attention.self.query.bias
1 | 2021-07-11 13:34:42,606 - INFO - allennlp.common.util - embedder.token_embedder_bert.transformer_model.encoder.layer.7.attention.self.key.weight
1 | 2021-07-11 13:34:42,606 - INFO - allennlp.common.util - embedder.token_embedder_bert.transformer_model.encoder.layer.7.attention.self.key.bias
1 | 2021-07-11 13:34:42,606 - INFO - allennlp.common.util - embedder.token_embedder_bert.transformer_model.encoder.layer.7.attention.self.value.weight
1 | 2021-07-11 13:34:42,606 - INFO - allennlp.common.util - embedder.token_embedder_bert.transformer_model.encoder.layer.7.attention.self.value.bias
1 | 2021-07-11 13:34:42,606 - INFO - allennlp.common.util - embedder.token_embedder_bert.transformer_model.encoder.layer.7.attention.output.dense.weight
1 | 2021-07-11 13:34:42,606 - INFO - allennlp.common.util - embedder.token_embedder_bert.transformer_model.encoder.layer.7.attention.output.dense.bias
1 | 2021-07-11 13:34:42,606 - INFO - allennlp.common.util - embedder.token_embedder_bert.transformer_model.encoder.layer.7.attention.output.LayerNorm.weight
1 | 2021-07-11 13:34:42,607 - INFO - allennlp.common.util - embedder.token_embedder_bert.transformer_model.encoder.layer.7.attention.output.LayerNorm.bias
1 | 2021-07-11 13:34:42,607 - INFO - allennlp.common.util - embedder.token_embedder_bert.transformer_model.encoder.layer.7.intermediate.dense.weight
1 | 2021-07-11 13:34:42,607 - INFO - allennlp.common.util - embedder.token_embedder_bert.transformer_model.encoder.layer.7.intermediate.dense.bias
1 | 2021-07-11 13:34:42,607 - INFO - allennlp.common.util - embedder.token_embedder_bert.transformer_model.encoder.layer.7.output.dense.weight
1 | 2021-07-11 13:34:42,607 - INFO - allennlp.common.util - embedder.token_embedder_bert.transformer_model.encoder.layer.7.output.dense.bias
1 | 2021-07-11 13:34:42,607 - INFO - allennlp.common.util - embedder.token_embedder_bert.transformer_model.encoder.layer.7.output.LayerNorm.weight
1 | 2021-07-11 13:34:42,607 - INFO - allennlp.common.util - embedder.token_embedder_bert.transformer_model.encoder.layer.7.output.LayerNorm.bias
1 | 2021-07-11 13:34:42,607 - INFO - allennlp.common.util - embedder.token_embedder_bert.transformer_model.encoder.layer.8.attention.self.query.weight
1 | 2021-07-11 13:34:42,607 - INFO - allennlp.common.util - embedder.token_embedder_bert.transformer_model.encoder.layer.8.attention.self.query.bias
1 | 2021-07-11 13:34:42,607 - INFO - allennlp.common.util - embedder.token_embedder_bert.transformer_model.encoder.layer.8.attention.self.key.weight
1 | 2021-07-11 13:34:42,607 - INFO - allennlp.common.util - embedder.token_embedder_bert.transformer_model.encoder.layer.8.attention.self.key.bias
1 | 2021-07-11 13:34:42,607 - INFO - allennlp.common.util - embedder.token_embedder_bert.transformer_model.encoder.layer.8.attention.self.value.weight
1 | 2021-07-11 13:34:42,607 - INFO - allennlp.common.util - embedder.token_embedder_bert.transformer_model.encoder.layer.8.attention.self.value.bias
1 | 2021-07-11 13:34:42,607 - INFO - allennlp.common.util - embedder.token_embedder_bert.transformer_model.encoder.layer.8.attention.output.dense.weight
1 | 2021-07-11 13:34:42,607 - INFO - allennlp.common.util - embedder.token_embedder_bert.transformer_model.encoder.layer.8.attention.output.dense.bias
1 | 2021-07-11 13:34:42,607 - INFO - allennlp.common.util - embedder.token_embedder_bert.transformer_model.encoder.layer.8.attention.output.LayerNorm.weight
1 | 2021-07-11 13:34:42,607 - INFO - allennlp.common.util - embedder.token_embedder_bert.transformer_model.encoder.layer.8.attention.output.LayerNorm.bias
1 | 2021-07-11 13:34:42,607 - INFO - allennlp.common.util - embedder.token_embedder_bert.transformer_model.encoder.layer.8.intermediate.dense.weight
1 | 2021-07-11 13:34:42,607 - INFO - allennlp.common.util - embedder.token_embedder_bert.transformer_model.encoder.layer.8.intermediate.dense.bias
1 | 2021-07-11 13:34:42,607 - INFO - allennlp.common.util - embedder.token_embedder_bert.transformer_model.encoder.layer.8.output.dense.weight
1 | 2021-07-11 13:34:42,607 - INFO - allennlp.common.util - embedder.token_embedder_bert.transformer_model.encoder.layer.8.output.dense.bias
1 | 2021-07-11 13:34:42,607 - INFO - allennlp.common.util - embedder.token_embedder_bert.transformer_model.encoder.layer.8.output.LayerNorm.weight
1 | 2021-07-11 13:34:42,608 - INFO - allennlp.common.util - embedder.token_embedder_bert.transformer_model.encoder.layer.8.output.LayerNorm.bias
1 | 2021-07-11 13:34:42,608 - INFO - allennlp.common.util - embedder.token_embedder_bert.transformer_model.encoder.layer.9.attention.self.query.weight
1 | 2021-07-11 13:34:42,608 - INFO - allennlp.common.util - embedder.token_embedder_bert.transformer_model.encoder.layer.9.attention.self.query.bias
1 | 2021-07-11 13:34:42,608 - INFO - allennlp.common.util - embedder.token_embedder_bert.transformer_model.encoder.layer.9.attention.self.key.weight
1 | 2021-07-11 13:34:42,608 - INFO - allennlp.common.util - embedder.token_embedder_bert.transformer_model.encoder.layer.9.attention.self.key.bias
1 | 2021-07-11 13:34:42,608 - INFO - allennlp.common.util - embedder.token_embedder_bert.transformer_model.encoder.layer.9.attention.self.value.weight
1 | 2021-07-11 13:34:42,608 - INFO - allennlp.common.util - embedder.token_embedder_bert.transformer_model.encoder.layer.9.attention.self.value.bias
1 | 2021-07-11 13:34:42,608 - INFO - allennlp.common.util - embedder.token_embedder_bert.transformer_model.encoder.layer.9.attention.output.dense.weight
1 | 2021-07-11 13:34:42,608 - INFO - allennlp.common.util - embedder.token_embedder_bert.transformer_model.encoder.layer.9.attention.output.dense.bias
1 | 2021-07-11 13:34:42,608 - INFO - allennlp.common.util - embedder.token_embedder_bert.transformer_model.encoder.layer.9.attention.output.LayerNorm.weight
1 | 2021-07-11 13:34:42,608 - INFO - allennlp.common.util - embedder.token_embedder_bert.transformer_model.encoder.layer.9.attention.output.LayerNorm.bias
1 | 2021-07-11 13:34:42,608 - INFO - allennlp.common.util - embedder.token_embedder_bert.transformer_model.encoder.layer.9.intermediate.dense.weight
1 | 2021-07-11 13:34:42,608 - INFO - allennlp.common.util - embedder.token_embedder_bert.transformer_model.encoder.layer.9.intermediate.dense.bias
1 | 2021-07-11 13:34:42,608 - INFO - allennlp.common.util - embedder.token_embedder_bert.transformer_model.encoder.layer.9.output.dense.weight
1 | 2021-07-11 13:34:42,608 - INFO - allennlp.common.util - embedder.token_embedder_bert.transformer_model.encoder.layer.9.output.dense.bias
1 | 2021-07-11 13:34:42,608 - INFO - allennlp.common.util - embedder.token_embedder_bert.transformer_model.encoder.layer.9.output.LayerNorm.weight
1 | 2021-07-11 13:34:42,608 - INFO - allennlp.common.util - embedder.token_embedder_bert.transformer_model.encoder.layer.9.output.LayerNorm.bias
1 | 2021-07-11 13:34:42,608 - INFO - allennlp.common.util - embedder.token_embedder_bert.transformer_model.encoder.layer.10.attention.self.query.weight
1 | 2021-07-11 13:34:42,608 - INFO - allennlp.common.util - embedder.token_embedder_bert.transformer_model.encoder.layer.10.attention.self.query.bias
1 | 2021-07-11 13:34:42,608 - INFO - allennlp.common.util - embedder.token_embedder_bert.transformer_model.encoder.layer.10.attention.self.key.weight
1 | 2021-07-11 13:34:42,608 - INFO - allennlp.common.util - embedder.token_embedder_bert.transformer_model.encoder.layer.10.attention.self.key.bias
1 | 2021-07-11 13:34:42,608 - INFO - allennlp.common.util - embedder.token_embedder_bert.transformer_model.encoder.layer.10.attention.self.value.weight
1 | 2021-07-11 13:34:42,608 - INFO - allennlp.common.util - embedder.token_embedder_bert.transformer_model.encoder.layer.10.attention.self.value.bias
1 | 2021-07-11 13:34:42,609 - INFO - allennlp.common.util - embedder.token_embedder_bert.transformer_model.encoder.layer.10.attention.output.dense.weight
1 | 2021-07-11 13:34:42,609 - INFO - allennlp.common.util - embedder.token_embedder_bert.transformer_model.encoder.layer.10.attention.output.dense.bias
1 | 2021-07-11 13:34:42,609 - INFO - allennlp.common.util - embedder.token_embedder_bert.transformer_model.encoder.layer.10.attention.output.LayerNorm.weight
1 | 2021-07-11 13:34:42,609 - INFO - allennlp.common.util - embedder.token_embedder_bert.transformer_model.encoder.layer.10.attention.output.LayerNorm.bias
1 | 2021-07-11 13:34:42,609 - INFO - allennlp.common.util - embedder.token_embedder_bert.transformer_model.encoder.layer.10.intermediate.dense.weight
1 | 2021-07-11 13:34:42,609 - INFO - allennlp.common.util - embedder.token_embedder_bert.transformer_model.encoder.layer.10.intermediate.dense.bias
1 | 2021-07-11 13:34:42,609 - INFO - allennlp.common.util - embedder.token_embedder_bert.transformer_model.encoder.layer.10.output.dense.weight
1 | 2021-07-11 13:34:42,609 - INFO - allennlp.common.util - embedder.token_embedder_bert.transformer_model.encoder.layer.10.output.dense.bias
1 | 2021-07-11 13:34:42,609 - INFO - allennlp.common.util - embedder.token_embedder_bert.transformer_model.encoder.layer.10.output.LayerNorm.weight
1 | 2021-07-11 13:34:42,609 - INFO - allennlp.common.util - embedder.token_embedder_bert.transformer_model.encoder.layer.10.output.LayerNorm.bias
1 | 2021-07-11 13:34:42,609 - INFO - allennlp.common.util - embedder.token_embedder_bert.transformer_model.encoder.layer.11.attention.self.query.weight
1 | 2021-07-11 13:34:42,609 - INFO - allennlp.common.util - embedder.token_embedder_bert.transformer_model.encoder.layer.11.attention.self.query.bias
1 | 2021-07-11 13:34:42,609 - INFO - allennlp.common.util - embedder.token_embedder_bert.transformer_model.encoder.layer.11.attention.self.key.weight
1 | 2021-07-11 13:34:42,609 - INFO - allennlp.common.util - embedder.token_embedder_bert.transformer_model.encoder.layer.11.attention.self.key.bias
1 | 2021-07-11 13:34:42,609 - INFO - allennlp.common.util - embedder.token_embedder_bert.transformer_model.encoder.layer.11.attention.self.value.weight
1 | 2021-07-11 13:34:42,609 - INFO - allennlp.common.util - embedder.token_embedder_bert.transformer_model.encoder.layer.11.attention.self.value.bias
1 | 2021-07-11 13:34:42,609 - INFO - allennlp.common.util - embedder.token_embedder_bert.transformer_model.encoder.layer.11.attention.output.dense.weight
1 | 2021-07-11 13:34:42,609 - INFO - allennlp.common.util - embedder.token_embedder_bert.transformer_model.encoder.layer.11.attention.output.dense.bias
1 | 2021-07-11 13:34:42,609 - INFO - allennlp.common.util - embedder.token_embedder_bert.transformer_model.encoder.layer.11.attention.output.LayerNorm.weight
1 | 2021-07-11 13:34:42,609 - INFO - allennlp.common.util - embedder.token_embedder_bert.transformer_model.encoder.layer.11.attention.output.LayerNorm.bias
1 | 2021-07-11 13:34:42,609 - INFO - allennlp.common.util - embedder.token_embedder_bert.transformer_model.encoder.layer.11.intermediate.dense.weight
1 | 2021-07-11 13:34:42,609 - INFO - allennlp.common.util - embedder.token_embedder_bert.transformer_model.encoder.layer.11.intermediate.dense.bias
1 | 2021-07-11 13:34:42,609 - INFO - allennlp.common.util - embedder.token_embedder_bert.transformer_model.encoder.layer.11.output.dense.weight
1 | 2021-07-11 13:34:42,610 - INFO - allennlp.common.util - embedder.token_embedder_bert.transformer_model.encoder.layer.11.output.dense.bias
1 | 2021-07-11 13:34:42,610 - INFO - allennlp.common.util - embedder.token_embedder_bert.transformer_model.encoder.layer.11.output.LayerNorm.weight
1 | 2021-07-11 13:34:42,610 - INFO - allennlp.common.util - embedder.token_embedder_bert.transformer_model.encoder.layer.11.output.LayerNorm.bias
1 | 2021-07-11 13:34:42,610 - INFO - allennlp.common.util - embedder.token_embedder_bert.transformer_model.encoder.layer.12.attention.self.query.weight
1 | 2021-07-11 13:34:42,610 - INFO - allennlp.common.util - embedder.token_embedder_bert.transformer_model.encoder.layer.12.attention.self.query.bias
1 | 2021-07-11 13:34:42,610 - INFO - allennlp.common.util - embedder.token_embedder_bert.transformer_model.encoder.layer.12.attention.self.key.weight
1 | 2021-07-11 13:34:42,610 - INFO - allennlp.common.util - embedder.token_embedder_bert.transformer_model.encoder.layer.12.attention.self.key.bias
1 | 2021-07-11 13:34:42,610 - INFO - allennlp.common.util - embedder.token_embedder_bert.transformer_model.encoder.layer.12.attention.self.value.weight
1 | 2021-07-11 13:34:42,610 - INFO - allennlp.common.util - embedder.token_embedder_bert.transformer_model.encoder.layer.12.attention.self.value.bias
1 | 2021-07-11 13:34:42,610 - INFO - allennlp.common.util - embedder.token_embedder_bert.transformer_model.encoder.layer.12.attention.output.dense.weight
1 | 2021-07-11 13:34:42,610 - INFO - allennlp.common.util - embedder.token_embedder_bert.transformer_model.encoder.layer.12.attention.output.dense.bias
1 | 2021-07-11 13:34:42,610 - INFO - allennlp.common.util - embedder.token_embedder_bert.transformer_model.encoder.layer.12.attention.output.LayerNorm.weight
1 | 2021-07-11 13:34:42,610 - INFO - allennlp.common.util - embedder.token_embedder_bert.transformer_model.encoder.layer.12.attention.output.LayerNorm.bias
1 | 2021-07-11 13:34:42,610 - INFO - allennlp.common.util - embedder.token_embedder_bert.transformer_model.encoder.layer.12.intermediate.dense.weight
1 | 2021-07-11 13:34:42,610 - INFO - allennlp.common.util - embedder.token_embedder_bert.transformer_model.encoder.layer.12.intermediate.dense.bias
1 | 2021-07-11 13:34:42,610 - INFO - allennlp.common.util - embedder.token_embedder_bert.transformer_model.encoder.layer.12.output.dense.weight
1 | 2021-07-11 13:34:42,610 - INFO - allennlp.common.util - embedder.token_embedder_bert.transformer_model.encoder.layer.12.output.dense.bias
1 | 2021-07-11 13:34:42,610 - INFO - allennlp.common.util - embedder.token_embedder_bert.transformer_model.encoder.layer.12.output.LayerNorm.weight
1 | 2021-07-11 13:34:42,610 - INFO - allennlp.common.util - embedder.token_embedder_bert.transformer_model.encoder.layer.12.output.LayerNorm.bias
1 | 2021-07-11 13:34:42,610 - INFO - allennlp.common.util - embedder.token_embedder_bert.transformer_model.encoder.layer.13.attention.self.query.weight
1 | 2021-07-11 13:34:42,610 - INFO - allennlp.common.util - embedder.token_embedder_bert.transformer_model.encoder.layer.13.attention.self.query.bias
1 | 2021-07-11 13:34:42,610 - INFO - allennlp.common.util - embedder.token_embedder_bert.transformer_model.encoder.layer.13.attention.self.key.weight
1 | 2021-07-11 13:34:42,610 - INFO - allennlp.common.util - embedder.token_embedder_bert.transformer_model.encoder.layer.13.attention.self.key.bias
1 | 2021-07-11 13:34:42,611 - INFO - allennlp.common.util - embedder.token_embedder_bert.transformer_model.encoder.layer.13.attention.self.value.weight
1 | 2021-07-11 13:34:42,611 - INFO - allennlp.common.util - embedder.token_embedder_bert.transformer_model.encoder.layer.13.attention.self.value.bias
1 | 2021-07-11 13:34:42,611 - INFO - allennlp.common.util - embedder.token_embedder_bert.transformer_model.encoder.layer.13.attention.output.dense.weight
1 | 2021-07-11 13:34:42,611 - INFO - allennlp.common.util - embedder.token_embedder_bert.transformer_model.encoder.layer.13.attention.output.dense.bias
1 | 2021-07-11 13:34:42,611 - INFO - allennlp.common.util - embedder.token_embedder_bert.transformer_model.encoder.layer.13.attention.output.LayerNorm.weight
1 | 2021-07-11 13:34:42,611 - INFO - allennlp.common.util - embedder.token_embedder_bert.transformer_model.encoder.layer.13.attention.output.LayerNorm.bias
1 | 2021-07-11 13:34:42,611 - INFO - allennlp.common.util - embedder.token_embedder_bert.transformer_model.encoder.layer.13.intermediate.dense.weight
1 | 2021-07-11 13:34:42,611 - INFO - allennlp.common.util - embedder.token_embedder_bert.transformer_model.encoder.layer.13.intermediate.dense.bias
1 | 2021-07-11 13:34:42,611 - INFO - allennlp.common.util - embedder.token_embedder_bert.transformer_model.encoder.layer.13.output.dense.weight
1 | 2021-07-11 13:34:42,611 - INFO - allennlp.common.util - embedder.token_embedder_bert.transformer_model.encoder.layer.13.output.dense.bias
1 | 2021-07-11 13:34:42,611 - INFO - allennlp.common.util - embedder.token_embedder_bert.transformer_model.encoder.layer.13.output.LayerNorm.weight
1 | 2021-07-11 13:34:42,611 - INFO - allennlp.common.util - embedder.token_embedder_bert.transformer_model.encoder.layer.13.output.LayerNorm.bias
1 | 2021-07-11 13:34:42,611 - INFO - allennlp.common.util - embedder.token_embedder_bert.transformer_model.encoder.layer.14.attention.self.query.weight
1 | 2021-07-11 13:34:42,611 - INFO - allennlp.common.util - embedder.token_embedder_bert.transformer_model.encoder.layer.14.attention.self.query.bias
1 | 2021-07-11 13:34:42,611 - INFO - allennlp.common.util - embedder.token_embedder_bert.transformer_model.encoder.layer.14.attention.self.key.weight
1 | 2021-07-11 13:34:42,611 - INFO - allennlp.common.util - embedder.token_embedder_bert.transformer_model.encoder.layer.14.attention.self.key.bias
1 | 2021-07-11 13:34:42,611 - INFO - allennlp.common.util - embedder.token_embedder_bert.transformer_model.encoder.layer.14.attention.self.value.weight
1 | 2021-07-11 13:34:42,611 - INFO - allennlp.common.util - embedder.token_embedder_bert.transformer_model.encoder.layer.14.attention.self.value.bias
1 | 2021-07-11 13:34:42,611 - INFO - allennlp.common.util - embedder.token_embedder_bert.transformer_model.encoder.layer.14.attention.output.dense.weight
1 | 2021-07-11 13:34:42,611 - INFO - allennlp.common.util - embedder.token_embedder_bert.transformer_model.encoder.layer.14.attention.output.dense.bias
1 | 2021-07-11 13:34:42,611 - INFO - allennlp.common.util - embedder.token_embedder_bert.transformer_model.encoder.layer.14.attention.output.LayerNorm.weight
1 | 2021-07-11 13:34:42,611 - INFO - allennlp.common.util - embedder.token_embedder_bert.transformer_model.encoder.layer.14.attention.output.LayerNorm.bias
1 | 2021-07-11 13:34:42,611 - INFO - allennlp.common.util - embedder.token_embedder_bert.transformer_model.encoder.layer.14.intermediate.dense.weight
1 | 2021-07-11 13:34:42,612 - INFO - allennlp.common.util - embedder.token_embedder_bert.transformer_model.encoder.layer.14.intermediate.dense.bias
1 | 2021-07-11 13:34:42,612 - INFO - allennlp.common.util - embedder.token_embedder_bert.transformer_model.encoder.layer.14.output.dense.weight
1 | 2021-07-11 13:34:42,612 - INFO - allennlp.common.util - embedder.token_embedder_bert.transformer_model.encoder.layer.14.output.dense.bias
1 | 2021-07-11 13:34:42,612 - INFO - allennlp.common.util - embedder.token_embedder_bert.transformer_model.encoder.layer.14.output.LayerNorm.weight
1 | 2021-07-11 13:34:42,612 - INFO - allennlp.common.util - embedder.token_embedder_bert.transformer_model.encoder.layer.14.output.LayerNorm.bias
1 | 2021-07-11 13:34:42,612 - INFO - allennlp.common.util - embedder.token_embedder_bert.transformer_model.encoder.layer.15.attention.self.query.weight
1 | 2021-07-11 13:34:42,612 - INFO - allennlp.common.util - embedder.token_embedder_bert.transformer_model.encoder.layer.15.attention.self.query.bias
1 | 2021-07-11 13:34:42,612 - INFO - allennlp.common.util - embedder.token_embedder_bert.transformer_model.encoder.layer.15.attention.self.key.weight
1 | 2021-07-11 13:34:42,612 - INFO - allennlp.common.util - embedder.token_embedder_bert.transformer_model.encoder.layer.15.attention.self.key.bias
1 | 2021-07-11 13:34:42,612 - INFO - allennlp.common.util - embedder.token_embedder_bert.transformer_model.encoder.layer.15.attention.self.value.weight
1 | 2021-07-11 13:34:42,612 - INFO - allennlp.common.util - embedder.token_embedder_bert.transformer_model.encoder.layer.15.attention.self.value.bias
1 | 2021-07-11 13:34:42,612 - INFO - allennlp.common.util - embedder.token_embedder_bert.transformer_model.encoder.layer.15.attention.output.dense.weight
1 | 2021-07-11 13:34:42,612 - INFO - allennlp.common.util - embedder.token_embedder_bert.transformer_model.encoder.layer.15.attention.output.dense.bias
1 | 2021-07-11 13:34:42,612 - INFO - allennlp.common.util - embedder.token_embedder_bert.transformer_model.encoder.layer.15.attention.output.LayerNorm.weight
1 | 2021-07-11 13:34:42,612 - INFO - allennlp.common.util - embedder.token_embedder_bert.transformer_model.encoder.layer.15.attention.output.LayerNorm.bias
1 | 2021-07-11 13:34:42,612 - INFO - allennlp.common.util - embedder.token_embedder_bert.transformer_model.encoder.layer.15.intermediate.dense.weight
1 | 2021-07-11 13:34:42,612 - INFO - allennlp.common.util - embedder.token_embedder_bert.transformer_model.encoder.layer.15.intermediate.dense.bias
1 | 2021-07-11 13:34:42,612 - INFO - allennlp.common.util - embedder.token_embedder_bert.transformer_model.encoder.layer.15.output.dense.weight
1 | 2021-07-11 13:34:42,612 - INFO - allennlp.common.util - embedder.token_embedder_bert.transformer_model.encoder.layer.15.output.dense.bias
1 | 2021-07-11 13:34:42,612 - INFO - allennlp.common.util - embedder.token_embedder_bert.transformer_model.encoder.layer.15.output.LayerNorm.weight
1 | 2021-07-11 13:34:42,612 - INFO - allennlp.common.util - embedder.token_embedder_bert.transformer_model.encoder.layer.15.output.LayerNorm.bias
1 | 2021-07-11 13:34:42,612 - INFO - allennlp.common.util - embedder.token_embedder_bert.transformer_model.encoder.layer.16.attention.self.query.weight
1 | 2021-07-11 13:34:42,612 - INFO - allennlp.common.util - embedder.token_embedder_bert.transformer_model.encoder.layer.16.attention.self.query.bias
1 | 2021-07-11 13:34:42,612 - INFO - allennlp.common.util - embedder.token_embedder_bert.transformer_model.encoder.layer.16.attention.self.key.weight
1 | 2021-07-11 13:34:42,613 - INFO - allennlp.common.util - embedder.token_embedder_bert.transformer_model.encoder.layer.16.attention.self.key.bias
1 | 2021-07-11 13:34:42,613 - INFO - allennlp.common.util - embedder.token_embedder_bert.transformer_model.encoder.layer.16.attention.self.value.weight
1 | 2021-07-11 13:34:42,613 - INFO - allennlp.common.util - embedder.token_embedder_bert.transformer_model.encoder.layer.16.attention.self.value.bias
1 | 2021-07-11 13:34:42,613 - INFO - allennlp.common.util - embedder.token_embedder_bert.transformer_model.encoder.layer.16.attention.output.dense.weight
1 | 2021-07-11 13:34:42,613 - INFO - allennlp.common.util - embedder.token_embedder_bert.transformer_model.encoder.layer.16.attention.output.dense.bias
1 | 2021-07-11 13:34:42,613 - INFO - allennlp.common.util - embedder.token_embedder_bert.transformer_model.encoder.layer.16.attention.output.LayerNorm.weight
1 | 2021-07-11 13:34:42,613 - INFO - allennlp.common.util - embedder.token_embedder_bert.transformer_model.encoder.layer.16.attention.output.LayerNorm.bias
1 | 2021-07-11 13:34:42,613 - INFO - allennlp.common.util - embedder.token_embedder_bert.transformer_model.encoder.layer.16.intermediate.dense.weight
1 | 2021-07-11 13:34:42,613 - INFO - allennlp.common.util - embedder.token_embedder_bert.transformer_model.encoder.layer.16.intermediate.dense.bias
1 | 2021-07-11 13:34:42,613 - INFO - allennlp.common.util - embedder.token_embedder_bert.transformer_model.encoder.layer.16.output.dense.weight
1 | 2021-07-11 13:34:42,613 - INFO - allennlp.common.util - embedder.token_embedder_bert.transformer_model.encoder.layer.16.output.dense.bias
1 | 2021-07-11 13:34:42,613 - INFO - allennlp.common.util - embedder.token_embedder_bert.transformer_model.encoder.layer.16.output.LayerNorm.weight
1 | 2021-07-11 13:34:42,613 - INFO - allennlp.common.util - embedder.token_embedder_bert.transformer_model.encoder.layer.16.output.LayerNorm.bias
1 | 2021-07-11 13:34:42,613 - INFO - allennlp.common.util - embedder.token_embedder_bert.transformer_model.encoder.layer.17.attention.self.query.weight
1 | 2021-07-11 13:34:42,613 - INFO - allennlp.common.util - embedder.token_embedder_bert.transformer_model.encoder.layer.17.attention.self.query.bias
1 | 2021-07-11 13:34:42,613 - INFO - allennlp.common.util - embedder.token_embedder_bert.transformer_model.encoder.layer.17.attention.self.key.weight
1 | 2021-07-11 13:34:42,613 - INFO - allennlp.common.util - embedder.token_embedder_bert.transformer_model.encoder.layer.17.attention.self.key.bias
1 | 2021-07-11 13:34:42,613 - INFO - allennlp.common.util - embedder.token_embedder_bert.transformer_model.encoder.layer.17.attention.self.value.weight
1 | 2021-07-11 13:34:42,613 - INFO - allennlp.common.util - embedder.token_embedder_bert.transformer_model.encoder.layer.17.attention.self.value.bias
1 | 2021-07-11 13:34:42,613 - INFO - allennlp.common.util - embedder.token_embedder_bert.transformer_model.encoder.layer.17.attention.output.dense.weight
1 | 2021-07-11 13:34:42,613 - INFO - allennlp.common.util - embedder.token_embedder_bert.transformer_model.encoder.layer.17.attention.output.dense.bias
1 | 2021-07-11 13:34:42,613 - INFO - allennlp.common.util - embedder.token_embedder_bert.transformer_model.encoder.layer.17.attention.output.LayerNorm.weight
1 | 2021-07-11 13:34:42,613 - INFO - allennlp.common.util - embedder.token_embedder_bert.transformer_model.encoder.layer.17.attention.output.LayerNorm.bias
1 | 2021-07-11 13:34:42,614 - INFO - allennlp.common.util - embedder.token_embedder_bert.transformer_model.encoder.layer.17.intermediate.dense.weight
1 | 2021-07-11 13:34:42,614 - INFO - allennlp.common.util - embedder.token_embedder_bert.transformer_model.encoder.layer.17.intermediate.dense.bias
1 | 2021-07-11 13:34:42,614 - INFO - allennlp.common.util - embedder.token_embedder_bert.transformer_model.encoder.layer.17.output.dense.weight
1 | 2021-07-11 13:34:42,614 - INFO - allennlp.common.util - embedder.token_embedder_bert.transformer_model.encoder.layer.17.output.dense.bias
1 | 2021-07-11 13:34:42,614 - INFO - allennlp.common.util - embedder.token_embedder_bert.transformer_model.encoder.layer.17.output.LayerNorm.weight
1 | 2021-07-11 13:34:42,614 - INFO - allennlp.common.util - embedder.token_embedder_bert.transformer_model.encoder.layer.17.output.LayerNorm.bias
1 | 2021-07-11 13:34:42,614 - INFO - allennlp.common.util - embedder.token_embedder_bert.transformer_model.encoder.layer.18.attention.self.query.weight
1 | 2021-07-11 13:34:42,614 - INFO - allennlp.common.util - embedder.token_embedder_bert.transformer_model.encoder.layer.18.attention.self.query.bias
1 | 2021-07-11 13:34:42,614 - INFO - allennlp.common.util - embedder.token_embedder_bert.transformer_model.encoder.layer.18.attention.self.key.weight
1 | 2021-07-11 13:34:42,614 - INFO - allennlp.common.util - embedder.token_embedder_bert.transformer_model.encoder.layer.18.attention.self.key.bias
1 | 2021-07-11 13:34:42,614 - INFO - allennlp.common.util - embedder.token_embedder_bert.transformer_model.encoder.layer.18.attention.self.value.weight
1 | 2021-07-11 13:34:42,614 - INFO - allennlp.common.util - embedder.token_embedder_bert.transformer_model.encoder.layer.18.attention.self.value.bias
1 | 2021-07-11 13:34:42,614 - INFO - allennlp.common.util - embedder.token_embedder_bert.transformer_model.encoder.layer.18.attention.output.dense.weight
1 | 2021-07-11 13:34:42,614 - INFO - allennlp.common.util - embedder.token_embedder_bert.transformer_model.encoder.layer.18.attention.output.dense.bias
1 | 2021-07-11 13:34:42,614 - INFO - allennlp.common.util - embedder.token_embedder_bert.transformer_model.encoder.layer.18.attention.output.LayerNorm.weight
1 | 2021-07-11 13:34:42,614 - INFO - allennlp.common.util - embedder.token_embedder_bert.transformer_model.encoder.layer.18.attention.output.LayerNorm.bias
1 | 2021-07-11 13:34:42,614 - INFO - allennlp.common.util - embedder.token_embedder_bert.transformer_model.encoder.layer.18.intermediate.dense.weight
1 | 2021-07-11 13:34:42,614 - INFO - allennlp.common.util - embedder.token_embedder_bert.transformer_model.encoder.layer.18.intermediate.dense.bias
1 | 2021-07-11 13:34:42,614 - INFO - allennlp.common.util - embedder.token_embedder_bert.transformer_model.encoder.layer.18.output.dense.weight
1 | 2021-07-11 13:34:42,614 - INFO - allennlp.common.util - embedder.token_embedder_bert.transformer_model.encoder.layer.18.output.dense.bias
1 | 2021-07-11 13:34:42,614 - INFO - allennlp.common.util - embedder.token_embedder_bert.transformer_model.encoder.layer.18.output.LayerNorm.weight
1 | 2021-07-11 13:34:42,614 - INFO - allennlp.common.util - embedder.token_embedder_bert.transformer_model.encoder.layer.18.output.LayerNorm.bias
1 | 2021-07-11 13:34:42,614 - INFO - allennlp.common.util - embedder.token_embedder_bert.transformer_model.encoder.layer.19.attention.self.query.weight
1 | 2021-07-11 13:34:42,615 - INFO - allennlp.common.util - embedder.token_embedder_bert.transformer_model.encoder.layer.19.attention.self.query.bias
1 | 2021-07-11 13:34:42,615 - INFO - allennlp.common.util - embedder.token_embedder_bert.transformer_model.encoder.layer.19.attention.self.key.weight
1 | 2021-07-11 13:34:42,615 - INFO - allennlp.common.util - embedder.token_embedder_bert.transformer_model.encoder.layer.19.attention.self.key.bias
1 | 2021-07-11 13:34:42,615 - INFO - allennlp.common.util - embedder.token_embedder_bert.transformer_model.encoder.layer.19.attention.self.value.weight
1 | 2021-07-11 13:34:42,615 - INFO - allennlp.common.util - embedder.token_embedder_bert.transformer_model.encoder.layer.19.attention.self.value.bias
1 | 2021-07-11 13:34:42,615 - INFO - allennlp.common.util - embedder.token_embedder_bert.transformer_model.encoder.layer.19.attention.output.dense.weight
1 | 2021-07-11 13:34:42,615 - INFO - allennlp.common.util - embedder.token_embedder_bert.transformer_model.encoder.layer.19.attention.output.dense.bias
1 | 2021-07-11 13:34:42,615 - INFO - allennlp.common.util - embedder.token_embedder_bert.transformer_model.encoder.layer.19.attention.output.LayerNorm.weight
1 | 2021-07-11 13:34:42,615 - INFO - allennlp.common.util - embedder.token_embedder_bert.transformer_model.encoder.layer.19.attention.output.LayerNorm.bias
1 | 2021-07-11 13:34:42,615 - INFO - allennlp.common.util - embedder.token_embedder_bert.transformer_model.encoder.layer.19.intermediate.dense.weight
1 | 2021-07-11 13:34:42,615 - INFO - allennlp.common.util - embedder.token_embedder_bert.transformer_model.encoder.layer.19.intermediate.dense.bias
1 | 2021-07-11 13:34:42,615 - INFO - allennlp.common.util - embedder.token_embedder_bert.transformer_model.encoder.layer.19.output.dense.weight
1 | 2021-07-11 13:34:42,615 - INFO - allennlp.common.util - embedder.token_embedder_bert.transformer_model.encoder.layer.19.output.dense.bias
1 | 2021-07-11 13:34:42,615 - INFO - allennlp.common.util - embedder.token_embedder_bert.transformer_model.encoder.layer.19.output.LayerNorm.weight
1 | 2021-07-11 13:34:42,615 - INFO - allennlp.common.util - embedder.token_embedder_bert.transformer_model.encoder.layer.19.output.LayerNorm.bias
1 | 2021-07-11 13:34:42,615 - INFO - allennlp.common.util - embedder.token_embedder_bert.transformer_model.encoder.layer.20.attention.self.query.weight
1 | 2021-07-11 13:34:42,615 - INFO - allennlp.common.util - embedder.token_embedder_bert.transformer_model.encoder.layer.20.attention.self.query.bias
1 | 2021-07-11 13:34:42,615 - INFO - allennlp.common.util - embedder.token_embedder_bert.transformer_model.encoder.layer.20.attention.self.key.weight
1 | 2021-07-11 13:34:42,615 - INFO - allennlp.common.util - embedder.token_embedder_bert.transformer_model.encoder.layer.20.attention.self.key.bias
1 | 2021-07-11 13:34:42,615 - INFO - allennlp.common.util - embedder.token_embedder_bert.transformer_model.encoder.layer.20.attention.self.value.weight
1 | 2021-07-11 13:34:42,615 - INFO - allennlp.common.util - embedder.token_embedder_bert.transformer_model.encoder.layer.20.attention.self.value.bias
1 | 2021-07-11 13:34:42,615 - INFO - allennlp.common.util - embedder.token_embedder_bert.transformer_model.encoder.layer.20.attention.output.dense.weight
1 | 2021-07-11 13:34:42,615 - INFO - allennlp.common.util - embedder.token_embedder_bert.transformer_model.encoder.layer.20.attention.output.dense.bias
1 | 2021-07-11 13:34:42,616 - INFO - allennlp.common.util - embedder.token_embedder_bert.transformer_model.encoder.layer.20.attention.output.LayerNorm.weight
1 | 2021-07-11 13:34:42,616 - INFO - allennlp.common.util - embedder.token_embedder_bert.transformer_model.encoder.layer.20.attention.output.LayerNorm.bias
1 | 2021-07-11 13:34:42,616 - INFO - allennlp.common.util - embedder.token_embedder_bert.transformer_model.encoder.layer.20.intermediate.dense.weight
1 | 2021-07-11 13:34:42,616 - INFO - allennlp.common.util - embedder.token_embedder_bert.transformer_model.encoder.layer.20.intermediate.dense.bias
1 | 2021-07-11 13:34:42,616 - INFO - allennlp.common.util - embedder.token_embedder_bert.transformer_model.encoder.layer.20.output.dense.weight
1 | 2021-07-11 13:34:42,616 - INFO - allennlp.common.util - embedder.token_embedder_bert.transformer_model.encoder.layer.20.output.dense.bias
1 | 2021-07-11 13:34:42,616 - INFO - allennlp.common.util - embedder.token_embedder_bert.transformer_model.encoder.layer.20.output.LayerNorm.weight
1 | 2021-07-11 13:34:42,616 - INFO - allennlp.common.util - embedder.token_embedder_bert.transformer_model.encoder.layer.20.output.LayerNorm.bias
1 | 2021-07-11 13:34:42,616 - INFO - allennlp.common.util - embedder.token_embedder_bert.transformer_model.encoder.layer.21.attention.self.query.weight
1 | 2021-07-11 13:34:42,616 - INFO - allennlp.common.util - embedder.token_embedder_bert.transformer_model.encoder.layer.21.attention.self.query.bias
1 | 2021-07-11 13:34:42,616 - INFO - allennlp.common.util - embedder.token_embedder_bert.transformer_model.encoder.layer.21.attention.self.key.weight
1 | 2021-07-11 13:34:42,616 - INFO - allennlp.common.util - embedder.token_embedder_bert.transformer_model.encoder.layer.21.attention.self.key.bias
1 | 2021-07-11 13:34:42,616 - INFO - allennlp.common.util - embedder.token_embedder_bert.transformer_model.encoder.layer.21.attention.self.value.weight
1 | 2021-07-11 13:34:42,616 - INFO - allennlp.common.util - embedder.token_embedder_bert.transformer_model.encoder.layer.21.attention.self.value.bias
1 | 2021-07-11 13:34:42,616 - INFO - allennlp.common.util - embedder.token_embedder_bert.transformer_model.encoder.layer.21.attention.output.dense.weight
1 | 2021-07-11 13:34:42,616 - INFO - allennlp.common.util - embedder.token_embedder_bert.transformer_model.encoder.layer.21.attention.output.dense.bias
1 | 2021-07-11 13:34:42,616 - INFO - allennlp.common.util - embedder.token_embedder_bert.transformer_model.encoder.layer.21.attention.output.LayerNorm.weight
1 | 2021-07-11 13:34:42,616 - INFO - allennlp.common.util - embedder.token_embedder_bert.transformer_model.encoder.layer.21.attention.output.LayerNorm.bias
1 | 2021-07-11 13:34:42,616 - INFO - allennlp.common.util - embedder.token_embedder_bert.transformer_model.encoder.layer.21.intermediate.dense.weight
1 | 2021-07-11 13:34:42,616 - INFO - allennlp.common.util - embedder.token_embedder_bert.transformer_model.encoder.layer.21.intermediate.dense.bias
1 | 2021-07-11 13:34:42,616 - INFO - allennlp.common.util - embedder.token_embedder_bert.transformer_model.encoder.layer.21.output.dense.weight
1 | 2021-07-11 13:34:42,616 - INFO - allennlp.common.util - embedder.token_embedder_bert.transformer_model.encoder.layer.21.output.dense.bias
1 | 2021-07-11 13:34:42,616 - INFO - allennlp.common.util - embedder.token_embedder_bert.transformer_model.encoder.layer.21.output.LayerNorm.weight
1 | 2021-07-11 13:34:42,617 - INFO - allennlp.common.util - embedder.token_embedder_bert.transformer_model.encoder.layer.21.output.LayerNorm.bias
1 | 2021-07-11 13:34:42,617 - INFO - allennlp.common.util - embedder.token_embedder_bert.transformer_model.encoder.layer.22.attention.self.query.weight
1 | 2021-07-11 13:34:42,617 - INFO - allennlp.common.util - embedder.token_embedder_bert.transformer_model.encoder.layer.22.attention.self.query.bias
1 | 2021-07-11 13:34:42,617 - INFO - allennlp.common.util - embedder.token_embedder_bert.transformer_model.encoder.layer.22.attention.self.key.weight
1 | 2021-07-11 13:34:42,617 - INFO - allennlp.common.util - embedder.token_embedder_bert.transformer_model.encoder.layer.22.attention.self.key.bias
1 | 2021-07-11 13:34:42,617 - INFO - allennlp.common.util - embedder.token_embedder_bert.transformer_model.encoder.layer.22.attention.self.value.weight
1 | 2021-07-11 13:34:42,617 - INFO - allennlp.common.util - embedder.token_embedder_bert.transformer_model.encoder.layer.22.attention.self.value.bias
1 | 2021-07-11 13:34:42,617 - INFO - allennlp.common.util - embedder.token_embedder_bert.transformer_model.encoder.layer.22.attention.output.dense.weight
1 | 2021-07-11 13:34:42,617 - INFO - allennlp.common.util - embedder.token_embedder_bert.transformer_model.encoder.layer.22.attention.output.dense.bias
1 | 2021-07-11 13:34:42,617 - INFO - allennlp.common.util - embedder.token_embedder_bert.transformer_model.encoder.layer.22.attention.output.LayerNorm.weight
1 | 2021-07-11 13:34:42,617 - INFO - allennlp.common.util - embedder.token_embedder_bert.transformer_model.encoder.layer.22.attention.output.LayerNorm.bias
1 | 2021-07-11 13:34:42,617 - INFO - allennlp.common.util - embedder.token_embedder_bert.transformer_model.encoder.layer.22.intermediate.dense.weight
1 | 2021-07-11 13:34:42,617 - INFO - allennlp.common.util - embedder.token_embedder_bert.transformer_model.encoder.layer.22.intermediate.dense.bias
1 | 2021-07-11 13:34:42,617 - INFO - allennlp.common.util - embedder.token_embedder_bert.transformer_model.encoder.layer.22.output.dense.weight
1 | 2021-07-11 13:34:42,617 - INFO - allennlp.common.util - embedder.token_embedder_bert.transformer_model.encoder.layer.22.output.dense.bias
1 | 2021-07-11 13:34:42,617 - INFO - allennlp.common.util - embedder.token_embedder_bert.transformer_model.encoder.layer.22.output.LayerNorm.weight
1 | 2021-07-11 13:34:42,617 - INFO - allennlp.common.util - embedder.token_embedder_bert.transformer_model.encoder.layer.22.output.LayerNorm.bias
1 | 2021-07-11 13:34:42,617 - INFO - allennlp.common.util - embedder.token_embedder_bert.transformer_model.encoder.layer.23.attention.self.query.weight
1 | 2021-07-11 13:34:42,617 - INFO - allennlp.common.util - embedder.token_embedder_bert.transformer_model.encoder.layer.23.attention.self.query.bias
1 | 2021-07-11 13:34:42,617 - INFO - allennlp.common.util - embedder.token_embedder_bert.transformer_model.encoder.layer.23.attention.self.key.weight
1 | 2021-07-11 13:34:42,617 - INFO - allennlp.common.util - embedder.token_embedder_bert.transformer_model.encoder.layer.23.attention.self.key.bias
1 | 2021-07-11 13:34:42,617 - INFO - allennlp.common.util - embedder.token_embedder_bert.transformer_model.encoder.layer.23.attention.self.value.weight
1 | 2021-07-11 13:34:42,617 - INFO - allennlp.common.util - embedder.token_embedder_bert.transformer_model.encoder.layer.23.attention.self.value.bias
1 | 2021-07-11 13:34:42,618 - INFO - allennlp.common.util - embedder.token_embedder_bert.transformer_model.encoder.layer.23.attention.output.dense.weight
1 | 2021-07-11 13:34:42,618 - INFO - allennlp.common.util - embedder.token_embedder_bert.transformer_model.encoder.layer.23.attention.output.dense.bias
1 | 2021-07-11 13:34:42,618 - INFO - allennlp.common.util - embedder.token_embedder_bert.transformer_model.encoder.layer.23.attention.output.LayerNorm.weight
1 | 2021-07-11 13:34:42,618 - INFO - allennlp.common.util - embedder.token_embedder_bert.transformer_model.encoder.layer.23.attention.output.LayerNorm.bias
1 | 2021-07-11 13:34:42,618 - INFO - allennlp.common.util - embedder.token_embedder_bert.transformer_model.encoder.layer.23.intermediate.dense.weight
1 | 2021-07-11 13:34:42,618 - INFO - allennlp.common.util - embedder.token_embedder_bert.transformer_model.encoder.layer.23.intermediate.dense.bias
1 | 2021-07-11 13:34:42,618 - INFO - allennlp.common.util - embedder.token_embedder_bert.transformer_model.encoder.layer.23.output.dense.weight
1 | 2021-07-11 13:34:42,618 - INFO - allennlp.common.util - embedder.token_embedder_bert.transformer_model.encoder.layer.23.output.dense.bias
1 | 2021-07-11 13:34:42,618 - INFO - allennlp.common.util - embedder.token_embedder_bert.transformer_model.encoder.layer.23.output.LayerNorm.weight
1 | 2021-07-11 13:34:42,618 - INFO - allennlp.common.util - embedder.token_embedder_bert.transformer_model.encoder.layer.23.output.LayerNorm.bias
1 | 2021-07-11 13:34:42,618 - INFO - allennlp.common.util - embedder.token_embedder_bert.transformer_model.pooler.dense.weight
1 | 2021-07-11 13:34:42,618 - INFO - allennlp.common.util - embedder.token_embedder_bert.transformer_model.pooler.dense.bias
1 | 2021-07-11 13:34:42,618 - INFO - allennlp.common.util - classifier.weight
1 | 2021-07-11 13:34:42,618 - INFO - allennlp.common.util - classifier.bias
1 | 2021-07-11 13:34:42,618 - INFO - allennlp.common.params - type = default
1 | 2021-07-11 13:34:42,618 - INFO - allennlp.common.params - keep_serialized_model_every_num_seconds = None
1 | 2021-07-11 13:34:42,619 - INFO - allennlp.common.params - num_serialized_models_to_keep = 2
1 | 2021-07-11 13:34:42,619 - INFO - allennlp.common.params - model_save_interval = None
