2021-07-08 19:29:44,181 - INFO - allennlp.common.params - random_seed = 13370
2021-07-08 19:29:44,181 - INFO - allennlp.common.params - numpy_seed = 1337
2021-07-08 19:29:44,181 - INFO - allennlp.common.params - pytorch_seed = 133
2021-07-08 19:29:44,199 - INFO - allennlp.common.checks - Pytorch version: 1.7.0
2021-07-08 19:29:44,200 - INFO - allennlp.common.params - type = default
2021-07-08 19:29:44,200 - INFO - allennlp.common.params - dataset_reader.type = data_reader
2021-07-08 19:29:44,200 - INFO - allennlp.common.params - dataset_reader.max_instances = None
2021-07-08 19:29:44,200 - INFO - allennlp.common.params - dataset_reader.manual_distributed_sharding = False
2021-07-08 19:29:44,200 - INFO - allennlp.common.params - dataset_reader.manual_multiprocess_sharding = False
2021-07-08 19:29:44,201 - INFO - allennlp.common.params - dataset_reader.tokenizer.type = pretrained_transformer
2021-07-08 19:29:44,201 - INFO - allennlp.common.params - dataset_reader.tokenizer.model_name = hfl/chinese-bert-wwm
2021-07-08 19:29:44,201 - INFO - allennlp.common.params - dataset_reader.tokenizer.add_special_tokens = True
2021-07-08 19:29:44,201 - INFO - allennlp.common.params - dataset_reader.tokenizer.max_length = None
2021-07-08 19:29:44,201 - INFO - allennlp.common.params - dataset_reader.tokenizer.tokenizer_kwargs = None
2021-07-08 19:30:01,001 - INFO - allennlp.common.params - dataset_reader.token_indexers.bert.type = pretrained_transformer
2021-07-08 19:30:01,001 - INFO - allennlp.common.params - dataset_reader.token_indexers.bert.token_min_padding_length = 0
2021-07-08 19:30:01,001 - INFO - allennlp.common.params - dataset_reader.token_indexers.bert.model_name = hfl/chinese-bert-wwm
2021-07-08 19:30:01,001 - INFO - allennlp.common.params - dataset_reader.token_indexers.bert.namespace = tags
2021-07-08 19:30:01,001 - INFO - allennlp.common.params - dataset_reader.token_indexers.bert.max_length = None
2021-07-08 19:30:01,001 - INFO - allennlp.common.params - dataset_reader.token_indexers.bert.tokenizer_kwargs = None
2021-07-08 19:30:01,001 - INFO - allennlp.common.params - dataset_reader.max_tokens = 512
2021-07-08 19:30:01,001 - INFO - allennlp.common.params - dataset_reader.text_num = 500
2021-07-08 19:30:01,002 - INFO - allennlp.common.params - train_data_path = data/train.txt
2021-07-08 19:30:01,002 - INFO - allennlp.common.params - vocabulary = <allennlp.common.lazy.Lazy object at 0x7f0403d65eb8>
2021-07-08 19:30:01,002 - INFO - allennlp.common.params - datasets_for_vocab_creation = None
2021-07-08 19:30:01,002 - INFO - allennlp.common.params - validation_dataset_reader = None
2021-07-08 19:30:01,002 - INFO - allennlp.common.params - validation_data_path = data/dev.txt
2021-07-08 19:30:01,002 - INFO - allennlp.common.params - validation_data_loader = None
2021-07-08 19:30:01,002 - INFO - allennlp.common.params - test_data_path = None
2021-07-08 19:30:01,002 - INFO - allennlp.common.params - evaluate_on_test = False
2021-07-08 19:30:01,002 - INFO - allennlp.common.params - batch_weight_key = 
2021-07-08 19:30:01,002 - INFO - allennlp.common.params - data_loader.type = multiprocess
2021-07-08 19:30:01,003 - INFO - allennlp.common.params - data_loader.batch_size = 16
2021-07-08 19:30:01,003 - INFO - allennlp.common.params - data_loader.drop_last = False
2021-07-08 19:30:01,003 - INFO - allennlp.common.params - data_loader.shuffle = True
2021-07-08 19:30:01,003 - INFO - allennlp.common.params - data_loader.batch_sampler = None
2021-07-08 19:30:01,003 - INFO - allennlp.common.params - data_loader.batches_per_epoch = None
2021-07-08 19:30:01,003 - INFO - allennlp.common.params - data_loader.num_workers = 8
2021-07-08 19:30:01,003 - INFO - allennlp.common.params - data_loader.max_instances_in_memory = None
2021-07-08 19:30:01,003 - INFO - allennlp.common.params - data_loader.start_method = fork
2021-07-08 19:30:01,003 - INFO - allennlp.common.params - data_loader.cuda_device = None
2021-07-08 19:30:01,003 - INFO - allennlp.common.params - data_loader.quiet = False
2021-07-08 19:30:01,018 - INFO - tqdm - loading instances: 0it [00:00, ?it/s]
2021-07-08 19:30:01,146 - INFO - allennlp.common.params - data_loader.type = multiprocess
2021-07-08 19:30:01,146 - INFO - allennlp.common.params - data_loader.batch_size = 16
2021-07-08 19:30:01,146 - INFO - allennlp.common.params - data_loader.drop_last = False
2021-07-08 19:30:01,146 - INFO - allennlp.common.params - data_loader.shuffle = True
2021-07-08 19:30:01,146 - INFO - allennlp.common.params - data_loader.batch_sampler = None
2021-07-08 19:30:01,146 - INFO - allennlp.common.params - data_loader.batches_per_epoch = None
2021-07-08 19:30:01,146 - INFO - allennlp.common.params - data_loader.num_workers = 8
2021-07-08 19:30:01,146 - INFO - allennlp.common.params - data_loader.max_instances_in_memory = None
2021-07-08 19:30:01,147 - INFO - allennlp.common.params - data_loader.start_method = fork
2021-07-08 19:30:01,147 - INFO - allennlp.common.params - data_loader.cuda_device = None
2021-07-08 19:30:01,147 - INFO - allennlp.common.params - data_loader.quiet = False
2021-07-08 19:30:01,161 - INFO - tqdm - loading instances: 0it [00:00, ?it/s]
2021-07-08 19:30:01,280 - INFO - allennlp.common.params - type = from_instances
2021-07-08 19:30:01,280 - INFO - allennlp.common.params - min_count = None
2021-07-08 19:30:01,280 - INFO - allennlp.common.params - max_vocab_size = None
2021-07-08 19:30:01,281 - INFO - allennlp.common.params - non_padded_namespaces = ('*tags', '*labels')
2021-07-08 19:30:01,281 - INFO - allennlp.common.params - pretrained_files = None
2021-07-08 19:30:01,281 - INFO - allennlp.common.params - only_include_pretrained_words = False
2021-07-08 19:30:01,281 - INFO - allennlp.common.params - tokens_to_add = None
2021-07-08 19:30:01,281 - INFO - allennlp.common.params - min_pretrained_embeddings = None
2021-07-08 19:30:01,281 - INFO - allennlp.common.params - padding_token = @@PADDING@@
2021-07-08 19:30:01,281 - INFO - allennlp.common.params - oov_token = @@UNKNOWN@@
2021-07-08 19:30:01,281 - INFO - allennlp.data.vocabulary - Fitting token dictionary from dataset.
2021-07-08 19:30:01,281 - INFO - tqdm - building vocab: 0it [00:00, ?it/s]
2021-07-08 19:30:01,288 - INFO - allennlp.common.params - model.type = tagger
2021-07-08 19:30:01,288 - INFO - allennlp.common.params - model.embedder.type = basic
2021-07-08 19:30:01,289 - INFO - allennlp.common.params - model.embedder.token_embedders.bert.type = pretrained_transformer
2021-07-08 19:30:01,289 - INFO - allennlp.common.params - model.embedder.token_embedders.bert.model_name = hfl/chinese-bert-wwm
2021-07-08 19:30:01,289 - INFO - allennlp.common.params - model.embedder.token_embedders.bert.max_length = None
2021-07-08 19:30:01,289 - INFO - allennlp.common.params - model.embedder.token_embedders.bert.sub_module = None
2021-07-08 19:30:01,289 - INFO - allennlp.common.params - model.embedder.token_embedders.bert.train_parameters = True
2021-07-08 19:30:01,289 - INFO - allennlp.common.params - model.embedder.token_embedders.bert.eval_mode = False
2021-07-08 19:30:01,289 - INFO - allennlp.common.params - model.embedder.token_embedders.bert.last_layer_only = True
2021-07-08 19:30:01,289 - INFO - allennlp.common.params - model.embedder.token_embedders.bert.override_weights_file = None
2021-07-08 19:30:01,289 - INFO - allennlp.common.params - model.embedder.token_embedders.bert.override_weights_strip_prefix = None
2021-07-08 19:30:01,289 - INFO - allennlp.common.params - model.embedder.token_embedders.bert.gradient_checkpointing = None
2021-07-08 19:30:01,289 - INFO - allennlp.common.params - model.embedder.token_embedders.bert.tokenizer_kwargs = None
2021-07-08 19:30:01,289 - INFO - allennlp.common.params - model.embedder.token_embedders.bert.transformer_kwargs = None
2021-07-08 19:30:05,322 - INFO - allennlp.common.params - model.threshold = 0.9
2021-07-08 19:30:05,346 - INFO - allennlp.common.params - trainer.type = gradient_descent
2021-07-08 19:30:05,347 - INFO - allennlp.common.params - trainer.patience = 5
2021-07-08 19:30:05,348 - INFO - allennlp.common.params - trainer.validation_metric = -loss
2021-07-08 19:30:05,348 - INFO - allennlp.common.params - trainer.num_epochs = 20
2021-07-08 19:30:05,348 - INFO - allennlp.common.params - trainer.cuda_device = None
2021-07-08 19:30:05,348 - INFO - allennlp.common.params - trainer.grad_norm = None
2021-07-08 19:30:05,348 - INFO - allennlp.common.params - trainer.grad_clipping = None
2021-07-08 19:30:05,348 - INFO - allennlp.common.params - trainer.distributed = False
2021-07-08 19:30:05,348 - INFO - allennlp.common.params - trainer.world_size = 1
2021-07-08 19:30:05,348 - INFO - allennlp.common.params - trainer.num_gradient_accumulation_steps = 1
2021-07-08 19:30:05,348 - INFO - allennlp.common.params - trainer.use_amp = False
2021-07-08 19:30:05,348 - INFO - allennlp.common.params - trainer.no_grad = None
2021-07-08 19:30:05,348 - INFO - allennlp.common.params - trainer.learning_rate_scheduler = None
2021-07-08 19:30:05,348 - INFO - allennlp.common.params - trainer.momentum_scheduler = None
2021-07-08 19:30:05,348 - INFO - allennlp.common.params - trainer.moving_average = None
2021-07-08 19:30:05,348 - INFO - allennlp.common.params - trainer.checkpointer = <allennlp.common.lazy.Lazy object at 0x7f0403d470f0>
2021-07-08 19:30:05,348 - INFO - allennlp.common.params - trainer.callbacks = None
2021-07-08 19:30:05,348 - INFO - allennlp.common.params - trainer.enable_default_callbacks = True
2021-07-08 19:30:05,348 - INFO - allennlp.common.params - trainer.run_sanity_checks = True
2021-07-08 19:30:06,405 - INFO - allennlp.common.params - trainer.optimizer.type = huggingface_adamw
2021-07-08 19:30:06,405 - INFO - allennlp.common.params - trainer.optimizer.parameter_groups = None
2021-07-08 19:30:06,405 - INFO - allennlp.common.params - trainer.optimizer.lr = 1e-05
2021-07-08 19:30:06,405 - INFO - allennlp.common.params - trainer.optimizer.betas = (0.9, 0.999)
2021-07-08 19:30:06,405 - INFO - allennlp.common.params - trainer.optimizer.eps = 1e-08
2021-07-08 19:30:06,405 - INFO - allennlp.common.params - trainer.optimizer.weight_decay = 0.0
2021-07-08 19:30:06,406 - INFO - allennlp.common.params - trainer.optimizer.correct_bias = True
2021-07-08 19:30:06,406 - INFO - allennlp.training.optimizers - Number of trainable parameters: 102268417
2021-07-08 19:30:06,407 - INFO - allennlp.common.util - The following parameters are Frozen (without gradient):
2021-07-08 19:30:06,408 - INFO - allennlp.common.util - The following parameters are Tunable (with gradient):
2021-07-08 19:30:06,408 - INFO - allennlp.common.util - embedder.token_embedder_bert.transformer_model.embeddings.word_embeddings.weight
2021-07-08 19:30:06,408 - INFO - allennlp.common.util - embedder.token_embedder_bert.transformer_model.embeddings.position_embeddings.weight
2021-07-08 19:30:06,408 - INFO - allennlp.common.util - embedder.token_embedder_bert.transformer_model.embeddings.token_type_embeddings.weight
2021-07-08 19:30:06,408 - INFO - allennlp.common.util - embedder.token_embedder_bert.transformer_model.embeddings.LayerNorm.weight
2021-07-08 19:30:06,408 - INFO - allennlp.common.util - embedder.token_embedder_bert.transformer_model.embeddings.LayerNorm.bias
2021-07-08 19:30:06,408 - INFO - allennlp.common.util - embedder.token_embedder_bert.transformer_model.encoder.layer.0.attention.self.query.weight
2021-07-08 19:30:06,408 - INFO - allennlp.common.util - embedder.token_embedder_bert.transformer_model.encoder.layer.0.attention.self.query.bias
2021-07-08 19:30:06,408 - INFO - allennlp.common.util - embedder.token_embedder_bert.transformer_model.encoder.layer.0.attention.self.key.weight
2021-07-08 19:30:06,408 - INFO - allennlp.common.util - embedder.token_embedder_bert.transformer_model.encoder.layer.0.attention.self.key.bias
2021-07-08 19:30:06,408 - INFO - allennlp.common.util - embedder.token_embedder_bert.transformer_model.encoder.layer.0.attention.self.value.weight
2021-07-08 19:30:06,408 - INFO - allennlp.common.util - embedder.token_embedder_bert.transformer_model.encoder.layer.0.attention.self.value.bias
2021-07-08 19:30:06,408 - INFO - allennlp.common.util - embedder.token_embedder_bert.transformer_model.encoder.layer.0.attention.output.dense.weight
2021-07-08 19:30:06,408 - INFO - allennlp.common.util - embedder.token_embedder_bert.transformer_model.encoder.layer.0.attention.output.dense.bias
2021-07-08 19:30:06,408 - INFO - allennlp.common.util - embedder.token_embedder_bert.transformer_model.encoder.layer.0.attention.output.LayerNorm.weight
2021-07-08 19:30:06,408 - INFO - allennlp.common.util - embedder.token_embedder_bert.transformer_model.encoder.layer.0.attention.output.LayerNorm.bias
2021-07-08 19:30:06,409 - INFO - allennlp.common.util - embedder.token_embedder_bert.transformer_model.encoder.layer.0.intermediate.dense.weight
2021-07-08 19:30:06,409 - INFO - allennlp.common.util - embedder.token_embedder_bert.transformer_model.encoder.layer.0.intermediate.dense.bias
2021-07-08 19:30:06,409 - INFO - allennlp.common.util - embedder.token_embedder_bert.transformer_model.encoder.layer.0.output.dense.weight
2021-07-08 19:30:06,409 - INFO - allennlp.common.util - embedder.token_embedder_bert.transformer_model.encoder.layer.0.output.dense.bias
2021-07-08 19:30:06,409 - INFO - allennlp.common.util - embedder.token_embedder_bert.transformer_model.encoder.layer.0.output.LayerNorm.weight
2021-07-08 19:30:06,409 - INFO - allennlp.common.util - embedder.token_embedder_bert.transformer_model.encoder.layer.0.output.LayerNorm.bias
2021-07-08 19:30:06,409 - INFO - allennlp.common.util - embedder.token_embedder_bert.transformer_model.encoder.layer.1.attention.self.query.weight
2021-07-08 19:30:06,409 - INFO - allennlp.common.util - embedder.token_embedder_bert.transformer_model.encoder.layer.1.attention.self.query.bias
2021-07-08 19:30:06,409 - INFO - allennlp.common.util - embedder.token_embedder_bert.transformer_model.encoder.layer.1.attention.self.key.weight
2021-07-08 19:30:06,409 - INFO - allennlp.common.util - embedder.token_embedder_bert.transformer_model.encoder.layer.1.attention.self.key.bias
2021-07-08 19:30:06,409 - INFO - allennlp.common.util - embedder.token_embedder_bert.transformer_model.encoder.layer.1.attention.self.value.weight
2021-07-08 19:30:06,409 - INFO - allennlp.common.util - embedder.token_embedder_bert.transformer_model.encoder.layer.1.attention.self.value.bias
2021-07-08 19:30:06,409 - INFO - allennlp.common.util - embedder.token_embedder_bert.transformer_model.encoder.layer.1.attention.output.dense.weight
2021-07-08 19:30:06,409 - INFO - allennlp.common.util - embedder.token_embedder_bert.transformer_model.encoder.layer.1.attention.output.dense.bias
2021-07-08 19:30:06,409 - INFO - allennlp.common.util - embedder.token_embedder_bert.transformer_model.encoder.layer.1.attention.output.LayerNorm.weight
2021-07-08 19:30:06,409 - INFO - allennlp.common.util - embedder.token_embedder_bert.transformer_model.encoder.layer.1.attention.output.LayerNorm.bias
2021-07-08 19:30:06,409 - INFO - allennlp.common.util - embedder.token_embedder_bert.transformer_model.encoder.layer.1.intermediate.dense.weight
2021-07-08 19:30:06,409 - INFO - allennlp.common.util - embedder.token_embedder_bert.transformer_model.encoder.layer.1.intermediate.dense.bias
2021-07-08 19:30:06,409 - INFO - allennlp.common.util - embedder.token_embedder_bert.transformer_model.encoder.layer.1.output.dense.weight
2021-07-08 19:30:06,409 - INFO - allennlp.common.util - embedder.token_embedder_bert.transformer_model.encoder.layer.1.output.dense.bias
2021-07-08 19:30:06,409 - INFO - allennlp.common.util - embedder.token_embedder_bert.transformer_model.encoder.layer.1.output.LayerNorm.weight
2021-07-08 19:30:06,409 - INFO - allennlp.common.util - embedder.token_embedder_bert.transformer_model.encoder.layer.1.output.LayerNorm.bias
2021-07-08 19:30:06,409 - INFO - allennlp.common.util - embedder.token_embedder_bert.transformer_model.encoder.layer.2.attention.self.query.weight
2021-07-08 19:30:06,409 - INFO - allennlp.common.util - embedder.token_embedder_bert.transformer_model.encoder.layer.2.attention.self.query.bias
2021-07-08 19:30:06,410 - INFO - allennlp.common.util - embedder.token_embedder_bert.transformer_model.encoder.layer.2.attention.self.key.weight
2021-07-08 19:30:06,410 - INFO - allennlp.common.util - embedder.token_embedder_bert.transformer_model.encoder.layer.2.attention.self.key.bias
2021-07-08 19:30:06,410 - INFO - allennlp.common.util - embedder.token_embedder_bert.transformer_model.encoder.layer.2.attention.self.value.weight
2021-07-08 19:30:06,410 - INFO - allennlp.common.util - embedder.token_embedder_bert.transformer_model.encoder.layer.2.attention.self.value.bias
2021-07-08 19:30:06,410 - INFO - allennlp.common.util - embedder.token_embedder_bert.transformer_model.encoder.layer.2.attention.output.dense.weight
2021-07-08 19:30:06,410 - INFO - allennlp.common.util - embedder.token_embedder_bert.transformer_model.encoder.layer.2.attention.output.dense.bias
2021-07-08 19:30:06,410 - INFO - allennlp.common.util - embedder.token_embedder_bert.transformer_model.encoder.layer.2.attention.output.LayerNorm.weight
2021-07-08 19:30:06,410 - INFO - allennlp.common.util - embedder.token_embedder_bert.transformer_model.encoder.layer.2.attention.output.LayerNorm.bias
2021-07-08 19:30:06,410 - INFO - allennlp.common.util - embedder.token_embedder_bert.transformer_model.encoder.layer.2.intermediate.dense.weight
2021-07-08 19:30:06,410 - INFO - allennlp.common.util - embedder.token_embedder_bert.transformer_model.encoder.layer.2.intermediate.dense.bias
2021-07-08 19:30:06,410 - INFO - allennlp.common.util - embedder.token_embedder_bert.transformer_model.encoder.layer.2.output.dense.weight
2021-07-08 19:30:06,410 - INFO - allennlp.common.util - embedder.token_embedder_bert.transformer_model.encoder.layer.2.output.dense.bias
2021-07-08 19:30:06,410 - INFO - allennlp.common.util - embedder.token_embedder_bert.transformer_model.encoder.layer.2.output.LayerNorm.weight
2021-07-08 19:30:06,410 - INFO - allennlp.common.util - embedder.token_embedder_bert.transformer_model.encoder.layer.2.output.LayerNorm.bias
2021-07-08 19:30:06,410 - INFO - allennlp.common.util - embedder.token_embedder_bert.transformer_model.encoder.layer.3.attention.self.query.weight
2021-07-08 19:30:06,410 - INFO - allennlp.common.util - embedder.token_embedder_bert.transformer_model.encoder.layer.3.attention.self.query.bias
2021-07-08 19:30:06,410 - INFO - allennlp.common.util - embedder.token_embedder_bert.transformer_model.encoder.layer.3.attention.self.key.weight
2021-07-08 19:30:06,410 - INFO - allennlp.common.util - embedder.token_embedder_bert.transformer_model.encoder.layer.3.attention.self.key.bias
2021-07-08 19:30:06,410 - INFO - allennlp.common.util - embedder.token_embedder_bert.transformer_model.encoder.layer.3.attention.self.value.weight
2021-07-08 19:30:06,410 - INFO - allennlp.common.util - embedder.token_embedder_bert.transformer_model.encoder.layer.3.attention.self.value.bias
2021-07-08 19:30:06,410 - INFO - allennlp.common.util - embedder.token_embedder_bert.transformer_model.encoder.layer.3.attention.output.dense.weight
2021-07-08 19:30:06,410 - INFO - allennlp.common.util - embedder.token_embedder_bert.transformer_model.encoder.layer.3.attention.output.dense.bias
2021-07-08 19:30:06,410 - INFO - allennlp.common.util - embedder.token_embedder_bert.transformer_model.encoder.layer.3.attention.output.LayerNorm.weight
2021-07-08 19:30:06,410 - INFO - allennlp.common.util - embedder.token_embedder_bert.transformer_model.encoder.layer.3.attention.output.LayerNorm.bias
2021-07-08 19:30:06,411 - INFO - allennlp.common.util - embedder.token_embedder_bert.transformer_model.encoder.layer.3.intermediate.dense.weight
2021-07-08 19:30:06,411 - INFO - allennlp.common.util - embedder.token_embedder_bert.transformer_model.encoder.layer.3.intermediate.dense.bias
2021-07-08 19:30:06,411 - INFO - allennlp.common.util - embedder.token_embedder_bert.transformer_model.encoder.layer.3.output.dense.weight
2021-07-08 19:30:06,411 - INFO - allennlp.common.util - embedder.token_embedder_bert.transformer_model.encoder.layer.3.output.dense.bias
2021-07-08 19:30:06,411 - INFO - allennlp.common.util - embedder.token_embedder_bert.transformer_model.encoder.layer.3.output.LayerNorm.weight
2021-07-08 19:30:06,411 - INFO - allennlp.common.util - embedder.token_embedder_bert.transformer_model.encoder.layer.3.output.LayerNorm.bias
2021-07-08 19:30:06,411 - INFO - allennlp.common.util - embedder.token_embedder_bert.transformer_model.encoder.layer.4.attention.self.query.weight
2021-07-08 19:30:06,411 - INFO - allennlp.common.util - embedder.token_embedder_bert.transformer_model.encoder.layer.4.attention.self.query.bias
2021-07-08 19:30:06,411 - INFO - allennlp.common.util - embedder.token_embedder_bert.transformer_model.encoder.layer.4.attention.self.key.weight
2021-07-08 19:30:06,411 - INFO - allennlp.common.util - embedder.token_embedder_bert.transformer_model.encoder.layer.4.attention.self.key.bias
2021-07-08 19:30:06,411 - INFO - allennlp.common.util - embedder.token_embedder_bert.transformer_model.encoder.layer.4.attention.self.value.weight
2021-07-08 19:30:06,411 - INFO - allennlp.common.util - embedder.token_embedder_bert.transformer_model.encoder.layer.4.attention.self.value.bias
2021-07-08 19:30:06,411 - INFO - allennlp.common.util - embedder.token_embedder_bert.transformer_model.encoder.layer.4.attention.output.dense.weight
2021-07-08 19:30:06,411 - INFO - allennlp.common.util - embedder.token_embedder_bert.transformer_model.encoder.layer.4.attention.output.dense.bias
2021-07-08 19:30:06,411 - INFO - allennlp.common.util - embedder.token_embedder_bert.transformer_model.encoder.layer.4.attention.output.LayerNorm.weight
2021-07-08 19:30:06,411 - INFO - allennlp.common.util - embedder.token_embedder_bert.transformer_model.encoder.layer.4.attention.output.LayerNorm.bias
2021-07-08 19:30:06,411 - INFO - allennlp.common.util - embedder.token_embedder_bert.transformer_model.encoder.layer.4.intermediate.dense.weight
2021-07-08 19:30:06,411 - INFO - allennlp.common.util - embedder.token_embedder_bert.transformer_model.encoder.layer.4.intermediate.dense.bias
2021-07-08 19:30:06,411 - INFO - allennlp.common.util - embedder.token_embedder_bert.transformer_model.encoder.layer.4.output.dense.weight
2021-07-08 19:30:06,411 - INFO - allennlp.common.util - embedder.token_embedder_bert.transformer_model.encoder.layer.4.output.dense.bias
2021-07-08 19:30:06,411 - INFO - allennlp.common.util - embedder.token_embedder_bert.transformer_model.encoder.layer.4.output.LayerNorm.weight
2021-07-08 19:30:06,411 - INFO - allennlp.common.util - embedder.token_embedder_bert.transformer_model.encoder.layer.4.output.LayerNorm.bias
2021-07-08 19:30:06,412 - INFO - allennlp.common.util - embedder.token_embedder_bert.transformer_model.encoder.layer.5.attention.self.query.weight
2021-07-08 19:30:06,412 - INFO - allennlp.common.util - embedder.token_embedder_bert.transformer_model.encoder.layer.5.attention.self.query.bias
2021-07-08 19:30:06,412 - INFO - allennlp.common.util - embedder.token_embedder_bert.transformer_model.encoder.layer.5.attention.self.key.weight
2021-07-08 19:30:06,412 - INFO - allennlp.common.util - embedder.token_embedder_bert.transformer_model.encoder.layer.5.attention.self.key.bias
2021-07-08 19:30:06,412 - INFO - allennlp.common.util - embedder.token_embedder_bert.transformer_model.encoder.layer.5.attention.self.value.weight
2021-07-08 19:30:06,412 - INFO - allennlp.common.util - embedder.token_embedder_bert.transformer_model.encoder.layer.5.attention.self.value.bias
2021-07-08 19:30:06,412 - INFO - allennlp.common.util - embedder.token_embedder_bert.transformer_model.encoder.layer.5.attention.output.dense.weight
2021-07-08 19:30:06,412 - INFO - allennlp.common.util - embedder.token_embedder_bert.transformer_model.encoder.layer.5.attention.output.dense.bias
2021-07-08 19:30:06,412 - INFO - allennlp.common.util - embedder.token_embedder_bert.transformer_model.encoder.layer.5.attention.output.LayerNorm.weight
2021-07-08 19:30:06,412 - INFO - allennlp.common.util - embedder.token_embedder_bert.transformer_model.encoder.layer.5.attention.output.LayerNorm.bias
2021-07-08 19:30:06,412 - INFO - allennlp.common.util - embedder.token_embedder_bert.transformer_model.encoder.layer.5.intermediate.dense.weight
2021-07-08 19:30:06,412 - INFO - allennlp.common.util - embedder.token_embedder_bert.transformer_model.encoder.layer.5.intermediate.dense.bias
2021-07-08 19:30:06,412 - INFO - allennlp.common.util - embedder.token_embedder_bert.transformer_model.encoder.layer.5.output.dense.weight
2021-07-08 19:30:06,412 - INFO - allennlp.common.util - embedder.token_embedder_bert.transformer_model.encoder.layer.5.output.dense.bias
2021-07-08 19:30:06,412 - INFO - allennlp.common.util - embedder.token_embedder_bert.transformer_model.encoder.layer.5.output.LayerNorm.weight
2021-07-08 19:30:06,412 - INFO - allennlp.common.util - embedder.token_embedder_bert.transformer_model.encoder.layer.5.output.LayerNorm.bias
2021-07-08 19:30:06,412 - INFO - allennlp.common.util - embedder.token_embedder_bert.transformer_model.encoder.layer.6.attention.self.query.weight
2021-07-08 19:30:06,412 - INFO - allennlp.common.util - embedder.token_embedder_bert.transformer_model.encoder.layer.6.attention.self.query.bias
2021-07-08 19:30:06,412 - INFO - allennlp.common.util - embedder.token_embedder_bert.transformer_model.encoder.layer.6.attention.self.key.weight
2021-07-08 19:30:06,412 - INFO - allennlp.common.util - embedder.token_embedder_bert.transformer_model.encoder.layer.6.attention.self.key.bias
2021-07-08 19:30:06,412 - INFO - allennlp.common.util - embedder.token_embedder_bert.transformer_model.encoder.layer.6.attention.self.value.weight
2021-07-08 19:30:06,413 - INFO - allennlp.common.util - embedder.token_embedder_bert.transformer_model.encoder.layer.6.attention.self.value.bias
2021-07-08 19:30:06,413 - INFO - allennlp.common.util - embedder.token_embedder_bert.transformer_model.encoder.layer.6.attention.output.dense.weight
2021-07-08 19:30:06,413 - INFO - allennlp.common.util - embedder.token_embedder_bert.transformer_model.encoder.layer.6.attention.output.dense.bias
2021-07-08 19:30:06,413 - INFO - allennlp.common.util - embedder.token_embedder_bert.transformer_model.encoder.layer.6.attention.output.LayerNorm.weight
2021-07-08 19:30:06,413 - INFO - allennlp.common.util - embedder.token_embedder_bert.transformer_model.encoder.layer.6.attention.output.LayerNorm.bias
2021-07-08 19:30:06,413 - INFO - allennlp.common.util - embedder.token_embedder_bert.transformer_model.encoder.layer.6.intermediate.dense.weight
2021-07-08 19:30:06,413 - INFO - allennlp.common.util - embedder.token_embedder_bert.transformer_model.encoder.layer.6.intermediate.dense.bias
2021-07-08 19:30:06,413 - INFO - allennlp.common.util - embedder.token_embedder_bert.transformer_model.encoder.layer.6.output.dense.weight
2021-07-08 19:30:06,413 - INFO - allennlp.common.util - embedder.token_embedder_bert.transformer_model.encoder.layer.6.output.dense.bias
2021-07-08 19:30:06,413 - INFO - allennlp.common.util - embedder.token_embedder_bert.transformer_model.encoder.layer.6.output.LayerNorm.weight
2021-07-08 19:30:06,413 - INFO - allennlp.common.util - embedder.token_embedder_bert.transformer_model.encoder.layer.6.output.LayerNorm.bias
2021-07-08 19:30:06,413 - INFO - allennlp.common.util - embedder.token_embedder_bert.transformer_model.encoder.layer.7.attention.self.query.weight
2021-07-08 19:30:06,413 - INFO - allennlp.common.util - embedder.token_embedder_bert.transformer_model.encoder.layer.7.attention.self.query.bias
2021-07-08 19:30:06,413 - INFO - allennlp.common.util - embedder.token_embedder_bert.transformer_model.encoder.layer.7.attention.self.key.weight
2021-07-08 19:30:06,413 - INFO - allennlp.common.util - embedder.token_embedder_bert.transformer_model.encoder.layer.7.attention.self.key.bias
2021-07-08 19:30:06,413 - INFO - allennlp.common.util - embedder.token_embedder_bert.transformer_model.encoder.layer.7.attention.self.value.weight
2021-07-08 19:30:06,413 - INFO - allennlp.common.util - embedder.token_embedder_bert.transformer_model.encoder.layer.7.attention.self.value.bias
2021-07-08 19:30:06,413 - INFO - allennlp.common.util - embedder.token_embedder_bert.transformer_model.encoder.layer.7.attention.output.dense.weight
2021-07-08 19:30:06,413 - INFO - allennlp.common.util - embedder.token_embedder_bert.transformer_model.encoder.layer.7.attention.output.dense.bias
2021-07-08 19:30:06,413 - INFO - allennlp.common.util - embedder.token_embedder_bert.transformer_model.encoder.layer.7.attention.output.LayerNorm.weight
2021-07-08 19:30:06,413 - INFO - allennlp.common.util - embedder.token_embedder_bert.transformer_model.encoder.layer.7.attention.output.LayerNorm.bias
2021-07-08 19:30:06,413 - INFO - allennlp.common.util - embedder.token_embedder_bert.transformer_model.encoder.layer.7.intermediate.dense.weight
2021-07-08 19:30:06,413 - INFO - allennlp.common.util - embedder.token_embedder_bert.transformer_model.encoder.layer.7.intermediate.dense.bias
2021-07-08 19:30:06,413 - INFO - allennlp.common.util - embedder.token_embedder_bert.transformer_model.encoder.layer.7.output.dense.weight
2021-07-08 19:30:06,414 - INFO - allennlp.common.util - embedder.token_embedder_bert.transformer_model.encoder.layer.7.output.dense.bias
2021-07-08 19:30:06,414 - INFO - allennlp.common.util - embedder.token_embedder_bert.transformer_model.encoder.layer.7.output.LayerNorm.weight
2021-07-08 19:30:06,414 - INFO - allennlp.common.util - embedder.token_embedder_bert.transformer_model.encoder.layer.7.output.LayerNorm.bias
2021-07-08 19:30:06,414 - INFO - allennlp.common.util - embedder.token_embedder_bert.transformer_model.encoder.layer.8.attention.self.query.weight
2021-07-08 19:30:06,414 - INFO - allennlp.common.util - embedder.token_embedder_bert.transformer_model.encoder.layer.8.attention.self.query.bias
2021-07-08 19:30:06,414 - INFO - allennlp.common.util - embedder.token_embedder_bert.transformer_model.encoder.layer.8.attention.self.key.weight
2021-07-08 19:30:06,414 - INFO - allennlp.common.util - embedder.token_embedder_bert.transformer_model.encoder.layer.8.attention.self.key.bias
2021-07-08 19:30:06,414 - INFO - allennlp.common.util - embedder.token_embedder_bert.transformer_model.encoder.layer.8.attention.self.value.weight
2021-07-08 19:30:06,414 - INFO - allennlp.common.util - embedder.token_embedder_bert.transformer_model.encoder.layer.8.attention.self.value.bias
2021-07-08 19:30:06,414 - INFO - allennlp.common.util - embedder.token_embedder_bert.transformer_model.encoder.layer.8.attention.output.dense.weight
2021-07-08 19:30:06,414 - INFO - allennlp.common.util - embedder.token_embedder_bert.transformer_model.encoder.layer.8.attention.output.dense.bias
2021-07-08 19:30:06,414 - INFO - allennlp.common.util - embedder.token_embedder_bert.transformer_model.encoder.layer.8.attention.output.LayerNorm.weight
2021-07-08 19:30:06,414 - INFO - allennlp.common.util - embedder.token_embedder_bert.transformer_model.encoder.layer.8.attention.output.LayerNorm.bias
2021-07-08 19:30:06,414 - INFO - allennlp.common.util - embedder.token_embedder_bert.transformer_model.encoder.layer.8.intermediate.dense.weight
2021-07-08 19:30:06,414 - INFO - allennlp.common.util - embedder.token_embedder_bert.transformer_model.encoder.layer.8.intermediate.dense.bias
2021-07-08 19:30:06,414 - INFO - allennlp.common.util - embedder.token_embedder_bert.transformer_model.encoder.layer.8.output.dense.weight
2021-07-08 19:30:06,414 - INFO - allennlp.common.util - embedder.token_embedder_bert.transformer_model.encoder.layer.8.output.dense.bias
2021-07-08 19:30:06,414 - INFO - allennlp.common.util - embedder.token_embedder_bert.transformer_model.encoder.layer.8.output.LayerNorm.weight
2021-07-08 19:30:06,414 - INFO - allennlp.common.util - embedder.token_embedder_bert.transformer_model.encoder.layer.8.output.LayerNorm.bias
2021-07-08 19:30:06,414 - INFO - allennlp.common.util - embedder.token_embedder_bert.transformer_model.encoder.layer.9.attention.self.query.weight
2021-07-08 19:30:06,414 - INFO - allennlp.common.util - embedder.token_embedder_bert.transformer_model.encoder.layer.9.attention.self.query.bias
2021-07-08 19:30:06,414 - INFO - allennlp.common.util - embedder.token_embedder_bert.transformer_model.encoder.layer.9.attention.self.key.weight
2021-07-08 19:30:06,414 - INFO - allennlp.common.util - embedder.token_embedder_bert.transformer_model.encoder.layer.9.attention.self.key.bias
2021-07-08 19:30:06,414 - INFO - allennlp.common.util - embedder.token_embedder_bert.transformer_model.encoder.layer.9.attention.self.value.weight
2021-07-08 19:30:06,415 - INFO - allennlp.common.util - embedder.token_embedder_bert.transformer_model.encoder.layer.9.attention.self.value.bias
2021-07-08 19:30:06,415 - INFO - allennlp.common.util - embedder.token_embedder_bert.transformer_model.encoder.layer.9.attention.output.dense.weight
2021-07-08 19:30:06,415 - INFO - allennlp.common.util - embedder.token_embedder_bert.transformer_model.encoder.layer.9.attention.output.dense.bias
2021-07-08 19:30:06,415 - INFO - allennlp.common.util - embedder.token_embedder_bert.transformer_model.encoder.layer.9.attention.output.LayerNorm.weight
2021-07-08 19:30:06,415 - INFO - allennlp.common.util - embedder.token_embedder_bert.transformer_model.encoder.layer.9.attention.output.LayerNorm.bias
2021-07-08 19:30:06,415 - INFO - allennlp.common.util - embedder.token_embedder_bert.transformer_model.encoder.layer.9.intermediate.dense.weight
2021-07-08 19:30:06,415 - INFO - allennlp.common.util - embedder.token_embedder_bert.transformer_model.encoder.layer.9.intermediate.dense.bias
2021-07-08 19:30:06,415 - INFO - allennlp.common.util - embedder.token_embedder_bert.transformer_model.encoder.layer.9.output.dense.weight
2021-07-08 19:30:06,415 - INFO - allennlp.common.util - embedder.token_embedder_bert.transformer_model.encoder.layer.9.output.dense.bias
2021-07-08 19:30:06,415 - INFO - allennlp.common.util - embedder.token_embedder_bert.transformer_model.encoder.layer.9.output.LayerNorm.weight
2021-07-08 19:30:06,415 - INFO - allennlp.common.util - embedder.token_embedder_bert.transformer_model.encoder.layer.9.output.LayerNorm.bias
2021-07-08 19:30:06,415 - INFO - allennlp.common.util - embedder.token_embedder_bert.transformer_model.encoder.layer.10.attention.self.query.weight
2021-07-08 19:30:06,415 - INFO - allennlp.common.util - embedder.token_embedder_bert.transformer_model.encoder.layer.10.attention.self.query.bias
2021-07-08 19:30:06,415 - INFO - allennlp.common.util - embedder.token_embedder_bert.transformer_model.encoder.layer.10.attention.self.key.weight
2021-07-08 19:30:06,415 - INFO - allennlp.common.util - embedder.token_embedder_bert.transformer_model.encoder.layer.10.attention.self.key.bias
2021-07-08 19:30:06,415 - INFO - allennlp.common.util - embedder.token_embedder_bert.transformer_model.encoder.layer.10.attention.self.value.weight
2021-07-08 19:30:06,415 - INFO - allennlp.common.util - embedder.token_embedder_bert.transformer_model.encoder.layer.10.attention.self.value.bias
2021-07-08 19:30:06,415 - INFO - allennlp.common.util - embedder.token_embedder_bert.transformer_model.encoder.layer.10.attention.output.dense.weight
2021-07-08 19:30:06,415 - INFO - allennlp.common.util - embedder.token_embedder_bert.transformer_model.encoder.layer.10.attention.output.dense.bias
2021-07-08 19:30:06,415 - INFO - allennlp.common.util - embedder.token_embedder_bert.transformer_model.encoder.layer.10.attention.output.LayerNorm.weight
2021-07-08 19:30:06,415 - INFO - allennlp.common.util - embedder.token_embedder_bert.transformer_model.encoder.layer.10.attention.output.LayerNorm.bias
2021-07-08 19:30:06,415 - INFO - allennlp.common.util - embedder.token_embedder_bert.transformer_model.encoder.layer.10.intermediate.dense.weight
2021-07-08 19:30:06,415 - INFO - allennlp.common.util - embedder.token_embedder_bert.transformer_model.encoder.layer.10.intermediate.dense.bias
2021-07-08 19:30:06,416 - INFO - allennlp.common.util - embedder.token_embedder_bert.transformer_model.encoder.layer.10.output.dense.weight
2021-07-08 19:30:06,416 - INFO - allennlp.common.util - embedder.token_embedder_bert.transformer_model.encoder.layer.10.output.dense.bias
2021-07-08 19:30:06,416 - INFO - allennlp.common.util - embedder.token_embedder_bert.transformer_model.encoder.layer.10.output.LayerNorm.weight
2021-07-08 19:30:06,416 - INFO - allennlp.common.util - embedder.token_embedder_bert.transformer_model.encoder.layer.10.output.LayerNorm.bias
2021-07-08 19:30:06,416 - INFO - allennlp.common.util - embedder.token_embedder_bert.transformer_model.encoder.layer.11.attention.self.query.weight
2021-07-08 19:30:06,416 - INFO - allennlp.common.util - embedder.token_embedder_bert.transformer_model.encoder.layer.11.attention.self.query.bias
2021-07-08 19:30:06,416 - INFO - allennlp.common.util - embedder.token_embedder_bert.transformer_model.encoder.layer.11.attention.self.key.weight
2021-07-08 19:30:06,416 - INFO - allennlp.common.util - embedder.token_embedder_bert.transformer_model.encoder.layer.11.attention.self.key.bias
2021-07-08 19:30:06,416 - INFO - allennlp.common.util - embedder.token_embedder_bert.transformer_model.encoder.layer.11.attention.self.value.weight
2021-07-08 19:30:06,416 - INFO - allennlp.common.util - embedder.token_embedder_bert.transformer_model.encoder.layer.11.attention.self.value.bias
2021-07-08 19:30:06,416 - INFO - allennlp.common.util - embedder.token_embedder_bert.transformer_model.encoder.layer.11.attention.output.dense.weight
2021-07-08 19:30:06,416 - INFO - allennlp.common.util - embedder.token_embedder_bert.transformer_model.encoder.layer.11.attention.output.dense.bias
2021-07-08 19:30:06,416 - INFO - allennlp.common.util - embedder.token_embedder_bert.transformer_model.encoder.layer.11.attention.output.LayerNorm.weight
2021-07-08 19:30:06,416 - INFO - allennlp.common.util - embedder.token_embedder_bert.transformer_model.encoder.layer.11.attention.output.LayerNorm.bias
2021-07-08 19:30:06,416 - INFO - allennlp.common.util - embedder.token_embedder_bert.transformer_model.encoder.layer.11.intermediate.dense.weight
2021-07-08 19:30:06,416 - INFO - allennlp.common.util - embedder.token_embedder_bert.transformer_model.encoder.layer.11.intermediate.dense.bias
2021-07-08 19:30:06,416 - INFO - allennlp.common.util - embedder.token_embedder_bert.transformer_model.encoder.layer.11.output.dense.weight
2021-07-08 19:30:06,416 - INFO - allennlp.common.util - embedder.token_embedder_bert.transformer_model.encoder.layer.11.output.dense.bias
2021-07-08 19:30:06,416 - INFO - allennlp.common.util - embedder.token_embedder_bert.transformer_model.encoder.layer.11.output.LayerNorm.weight
2021-07-08 19:30:06,416 - INFO - allennlp.common.util - embedder.token_embedder_bert.transformer_model.encoder.layer.11.output.LayerNorm.bias
2021-07-08 19:30:06,416 - INFO - allennlp.common.util - embedder.token_embedder_bert.transformer_model.pooler.dense.weight
2021-07-08 19:30:06,416 - INFO - allennlp.common.util - embedder.token_embedder_bert.transformer_model.pooler.dense.bias
2021-07-08 19:30:06,416 - INFO - allennlp.common.util - classifier.weight
2021-07-08 19:30:06,416 - INFO - allennlp.common.util - classifier.bias
2021-07-08 19:30:06,417 - INFO - allennlp.common.params - type = default
2021-07-08 19:30:06,417 - INFO - allennlp.common.params - keep_serialized_model_every_num_seconds = None
2021-07-08 19:30:06,417 - INFO - allennlp.common.params - num_serialized_models_to_keep = 2
2021-07-08 19:30:06,417 - INFO - allennlp.common.params - model_save_interval = None
2021-07-08 19:30:06,418 - INFO - allennlp.training.trainer - Beginning training.
2021-07-08 19:30:06,418 - INFO - allennlp.training.trainer - Epoch 0/19
2021-07-08 19:30:06,418 - INFO - allennlp.training.trainer - Worker 0 memory usage: 2.9G
2021-07-08 19:30:06,418 - INFO - allennlp.training.trainer - GPU 0 memory usage: 391M
2021-07-08 19:30:06,418 - INFO - allennlp.training.trainer - Training
2021-07-08 19:30:06,419 - INFO - tqdm - 0%|          | 0/32 [00:00<?, ?it/s]
