1 | 2021-07-13 08:45:59,156 - INFO - allennlp.common.params - random_seed = 13370
1 | 2021-07-13 08:45:59,156 - INFO - allennlp.common.params - numpy_seed = 1337
1 | 2021-07-13 08:45:59,156 - INFO - allennlp.common.params - pytorch_seed = 133
1 | 2021-07-13 08:45:59,171 - INFO - allennlp.common.checks - Pytorch version: 1.8.0+cu101
1 | 2021-07-13 08:45:59,218 - INFO - root - Added key: store_based_barrier_key:1 to store for rank: 1
1 | 2021-07-13 08:45:59,229 - INFO - root - Process group of world size 2 initialized for distributed training in worker 1
1 | 2021-07-13 08:45:59,229 - INFO - allennlp.common.params - type = default
1 | 2021-07-13 08:45:59,230 - INFO - allennlp.common.params - dataset_reader.type = data_reader
1 | 2021-07-13 08:45:59,230 - INFO - allennlp.common.params - dataset_reader.max_instances = None
1 | 2021-07-13 08:45:59,231 - INFO - allennlp.common.params - dataset_reader.manual_distributed_sharding = False
1 | 2021-07-13 08:45:59,231 - INFO - allennlp.common.params - dataset_reader.manual_multiprocess_sharding = False
1 | 2021-07-13 08:45:59,231 - INFO - allennlp.common.params - dataset_reader.tokenizer.type = pretrained_transformer
1 | 2021-07-13 08:45:59,231 - INFO - allennlp.common.params - dataset_reader.tokenizer.model_name = hfl/chinese-roberta-wwm-ext-large
1 | 2021-07-13 08:45:59,232 - INFO - allennlp.common.params - dataset_reader.tokenizer.add_special_tokens = True
1 | 2021-07-13 08:45:59,232 - INFO - allennlp.common.params - dataset_reader.tokenizer.max_length = None
1 | 2021-07-13 08:45:59,232 - INFO - allennlp.common.params - dataset_reader.tokenizer.tokenizer_kwargs = None
1 | 2021-07-13 08:46:12,346 - INFO - allennlp.common.params - dataset_reader.token_indexers.tokens.type = pretrained_transformer
1 | 2021-07-13 08:46:12,346 - INFO - allennlp.common.params - dataset_reader.token_indexers.tokens.token_min_padding_length = 0
1 | 2021-07-13 08:46:12,346 - INFO - allennlp.common.params - dataset_reader.token_indexers.tokens.model_name = hfl/chinese-roberta-wwm-ext-large
1 | 2021-07-13 08:46:12,346 - INFO - allennlp.common.params - dataset_reader.token_indexers.tokens.namespace = tags
1 | 2021-07-13 08:46:12,346 - INFO - allennlp.common.params - dataset_reader.token_indexers.tokens.max_length = None
1 | 2021-07-13 08:46:12,346 - INFO - allennlp.common.params - dataset_reader.token_indexers.tokens.tokenizer_kwargs = None
1 | 2021-07-13 08:46:12,347 - INFO - allennlp.common.params - dataset_reader.max_tokens = 512
1 | 2021-07-13 08:46:12,347 - INFO - allennlp.common.params - dataset_reader.text_num = 2000
1 | 2021-07-13 08:46:12,347 - INFO - allennlp.common.params - train_data_path = ['./data/BCUT/train.txt', './data/translation_zh/translation_zh.dev.txt', './data/wiki_cut/wiki_train.txt']
1 | 2021-07-13 08:46:12,348 - INFO - allennlp.common.params - datasets_for_vocab_creation = None
1 | 2021-07-13 08:46:12,348 - INFO - allennlp.common.params - validation_dataset_reader = None
1 | 2021-07-13 08:46:12,348 - INFO - allennlp.common.params - validation_data_path = ['data/BCUT/test.txt']
1 | 2021-07-13 08:46:12,348 - INFO - allennlp.common.params - validation_data_loader = None
1 | 2021-07-13 08:46:12,348 - INFO - allennlp.common.params - test_data_path = None
1 | 2021-07-13 08:46:12,348 - INFO - allennlp.common.params - evaluate_on_test = False
1 | 2021-07-13 08:46:12,348 - INFO - allennlp.common.params - batch_weight_key = 
1 | 2021-07-13 08:46:12,348 - INFO - allennlp.common.params - data_loader.type = multiprocess
1 | 2021-07-13 08:46:12,349 - INFO - allennlp.common.params - data_loader.batch_size = None
1 | 2021-07-13 08:46:12,349 - INFO - allennlp.common.params - data_loader.drop_last = False
1 | 2021-07-13 08:46:12,349 - INFO - allennlp.common.params - data_loader.shuffle = False
1 | 2021-07-13 08:46:12,349 - INFO - allennlp.common.params - data_loader.batch_sampler.type = bucket
1 | 2021-07-13 08:46:12,349 - INFO - allennlp.common.params - data_loader.batch_sampler.batch_size = 8
1 | 2021-07-13 08:46:12,349 - INFO - allennlp.common.params - data_loader.batch_sampler.sorting_keys = ['text']
1 | 2021-07-13 08:46:12,349 - INFO - allennlp.common.params - data_loader.batch_sampler.padding_noise = 0.1
1 | 2021-07-13 08:46:12,350 - INFO - allennlp.common.params - data_loader.batch_sampler.drop_last = False
1 | 2021-07-13 08:46:12,350 - INFO - allennlp.common.params - data_loader.batches_per_epoch = None
1 | 2021-07-13 08:46:12,350 - INFO - allennlp.common.params - data_loader.num_workers = 8
1 | 2021-07-13 08:46:12,350 - INFO - allennlp.common.params - data_loader.max_instances_in_memory = None
1 | 2021-07-13 08:46:12,350 - INFO - allennlp.common.params - data_loader.start_method = fork
1 | 2021-07-13 08:46:12,350 - INFO - allennlp.common.params - data_loader.cuda_device = None
1 | 2021-07-13 08:46:12,350 - INFO - allennlp.common.params - data_loader.quiet = False
1 | 2021-07-13 08:46:12,442 - INFO - tqdm - loading instances: 0it [00:00, ?it/s]
1 | 2021-07-13 08:46:22,454 - INFO - tqdm - loading instances: 2143it [00:10, 345.71it/s]
1 | 2021-07-13 08:46:25,091 - INFO - allennlp.common.params - data_loader.type = multiprocess
1 | 2021-07-13 08:46:25,091 - INFO - allennlp.common.params - data_loader.batch_size = None
1 | 2021-07-13 08:46:25,091 - INFO - allennlp.common.params - data_loader.drop_last = False
1 | 2021-07-13 08:46:25,091 - INFO - allennlp.common.params - data_loader.shuffle = False
1 | 2021-07-13 08:46:25,092 - INFO - allennlp.common.params - data_loader.batch_sampler.type = bucket
1 | 2021-07-13 08:46:25,092 - INFO - allennlp.common.params - data_loader.batch_sampler.batch_size = 8
1 | 2021-07-13 08:46:25,092 - INFO - allennlp.common.params - data_loader.batch_sampler.sorting_keys = ['text']
1 | 2021-07-13 08:46:25,092 - INFO - allennlp.common.params - data_loader.batch_sampler.padding_noise = 0.1
1 | 2021-07-13 08:46:25,092 - INFO - allennlp.common.params - data_loader.batch_sampler.drop_last = False
1 | 2021-07-13 08:46:25,092 - INFO - allennlp.common.params - data_loader.batches_per_epoch = None
1 | 2021-07-13 08:46:25,092 - INFO - allennlp.common.params - data_loader.num_workers = 8
1 | 2021-07-13 08:46:25,092 - INFO - allennlp.common.params - data_loader.max_instances_in_memory = None
1 | 2021-07-13 08:46:25,092 - INFO - allennlp.common.params - data_loader.start_method = fork
1 | 2021-07-13 08:46:25,092 - INFO - allennlp.common.params - data_loader.cuda_device = None
1 | 2021-07-13 08:46:25,092 - INFO - allennlp.common.params - data_loader.quiet = False
1 | 2021-07-13 08:46:25,360 - INFO - tqdm - loading instances: 0it [00:00, ?it/s]
1 | 2021-07-13 08:46:25,997 - INFO - allennlp.common.params - vocabulary.type = from_files
1 | 2021-07-13 08:46:25,997 - INFO - allennlp.common.params - vocabulary.directory = save/vocabulary
1 | 2021-07-13 08:46:25,997 - INFO - allennlp.common.params - vocabulary.padding_token = @@PADDING@@
1 | 2021-07-13 08:46:25,998 - INFO - allennlp.common.params - vocabulary.oov_token = @@UNKNOWN@@
1 | 2021-07-13 08:46:25,998 - INFO - allennlp.data.vocabulary - Loading token dictionary from save/vocabulary.
1 | 2021-07-13 08:46:26,004 - INFO - filelock - Lock 140432152856368 acquired on save/vocabulary/.lock
1 | 2021-07-13 08:46:26,020 - INFO - filelock - Lock 140432152856368 released on save/vocabulary/.lock
1 | 2021-07-13 08:46:26,020 - INFO - allennlp.common.params - model.type = tagger
1 | 2021-07-13 08:46:26,021 - INFO - allennlp.common.params - model.embedder.type = basic
1 | 2021-07-13 08:46:26,021 - INFO - allennlp.common.params - model.embedder.token_embedders.tokens.type = pretrained_transformer
1 | 2021-07-13 08:46:26,021 - INFO - allennlp.common.params - model.embedder.token_embedders.tokens.model_name = hfl/chinese-roberta-wwm-ext-large
1 | 2021-07-13 08:46:26,021 - INFO - allennlp.common.params - model.embedder.token_embedders.tokens.max_length = None
1 | 2021-07-13 08:46:26,021 - INFO - allennlp.common.params - model.embedder.token_embedders.tokens.sub_module = None
1 | 2021-07-13 08:46:26,021 - INFO - allennlp.common.params - model.embedder.token_embedders.tokens.train_parameters = True
1 | 2021-07-13 08:46:26,021 - INFO - allennlp.common.params - model.embedder.token_embedders.tokens.eval_mode = False
1 | 2021-07-13 08:46:26,021 - INFO - allennlp.common.params - model.embedder.token_embedders.tokens.last_layer_only = True
1 | 2021-07-13 08:46:26,022 - INFO - allennlp.common.params - model.embedder.token_embedders.tokens.override_weights_file = None
1 | 2021-07-13 08:46:26,022 - INFO - allennlp.common.params - model.embedder.token_embedders.tokens.override_weights_strip_prefix = None
1 | 2021-07-13 08:46:26,022 - INFO - allennlp.common.params - model.embedder.token_embedders.tokens.gradient_checkpointing = None
1 | 2021-07-13 08:46:26,022 - INFO - allennlp.common.params - model.embedder.token_embedders.tokens.tokenizer_kwargs = None
1 | 2021-07-13 08:46:26,022 - INFO - allennlp.common.params - model.embedder.token_embedders.tokens.transformer_kwargs = None
1 | 2021-07-13 08:46:39,060 - INFO - allennlp.common.params - model.threshold = 0.5
1 | 2021-07-13 08:46:39,325 - INFO - allennlp.common.params - trainer.type = gradient_descent
1 | 2021-07-13 08:46:39,326 - INFO - allennlp.common.params - trainer.patience = 20
1 | 2021-07-13 08:46:39,326 - INFO - allennlp.common.params - trainer.validation_metric = +f1
1 | 2021-07-13 08:46:39,326 - INFO - allennlp.common.params - trainer.num_epochs = 100
1 | 2021-07-13 08:46:39,326 - INFO - allennlp.common.params - trainer.cuda_device = 1
1 | 2021-07-13 08:46:39,326 - INFO - allennlp.common.params - trainer.grad_norm = None
1 | 2021-07-13 08:46:39,326 - INFO - allennlp.common.params - trainer.grad_clipping = None
1 | 2021-07-13 08:46:39,326 - INFO - allennlp.common.params - trainer.distributed = True
1 | 2021-07-13 08:46:39,326 - INFO - allennlp.common.params - trainer.world_size = 2
1 | 2021-07-13 08:46:39,326 - INFO - allennlp.common.params - trainer.num_gradient_accumulation_steps = 1
1 | 2021-07-13 08:46:39,326 - INFO - allennlp.common.params - trainer.use_amp = False
1 | 2021-07-13 08:46:39,326 - INFO - allennlp.common.params - trainer.no_grad = None
1 | 2021-07-13 08:46:39,326 - INFO - allennlp.common.params - trainer.learning_rate_scheduler = None
1 | 2021-07-13 08:46:39,327 - INFO - allennlp.common.params - trainer.momentum_scheduler = None
1 | 2021-07-13 08:46:39,327 - INFO - allennlp.common.params - trainer.moving_average = None
1 | 2021-07-13 08:46:39,327 - INFO - allennlp.common.params - trainer.checkpointer = <allennlp.common.lazy.Lazy object at 0x7fb8f0c37160>
1 | 2021-07-13 08:46:39,327 - INFO - allennlp.common.params - trainer.callbacks = None
1 | 2021-07-13 08:46:39,327 - INFO - allennlp.common.params - trainer.enable_default_callbacks = True
1 | 2021-07-13 08:46:39,327 - INFO - allennlp.common.params - trainer.run_sanity_checks = True
1 | 2021-07-13 08:46:42,589 - INFO - allennlp.common.params - trainer.optimizer.type = huggingface_adamw
1 | 2021-07-13 08:46:42,589 - INFO - allennlp.common.params - trainer.optimizer.parameter_groups = None
1 | 2021-07-13 08:46:42,590 - INFO - allennlp.common.params - trainer.optimizer.lr = 1e-05
1 | 2021-07-13 08:46:42,590 - INFO - allennlp.common.params - trainer.optimizer.betas = (0.9, 0.999)
1 | 2021-07-13 08:46:42,590 - INFO - allennlp.common.params - trainer.optimizer.eps = 1e-08
1 | 2021-07-13 08:46:42,590 - INFO - allennlp.common.params - trainer.optimizer.weight_decay = 0.0
1 | 2021-07-13 08:46:42,590 - INFO - allennlp.common.params - trainer.optimizer.correct_bias = True
1 | 2021-07-13 08:46:42,590 - INFO - allennlp.training.optimizers - Number of trainable parameters: 325523457
1 | 2021-07-13 08:46:42,591 - INFO - allennlp.common.util - The following parameters are Frozen (without gradient):
1 | 2021-07-13 08:46:42,592 - INFO - allennlp.common.util - The following parameters are Tunable (with gradient):
1 | 2021-07-13 08:46:42,592 - INFO - allennlp.common.util - embedder.token_embedder_tokens.transformer_model.embeddings.word_embeddings.weight
1 | 2021-07-13 08:46:42,592 - INFO - allennlp.common.util - embedder.token_embedder_tokens.transformer_model.embeddings.position_embeddings.weight
1 | 2021-07-13 08:46:42,593 - INFO - allennlp.common.util - embedder.token_embedder_tokens.transformer_model.embeddings.token_type_embeddings.weight
1 | 2021-07-13 08:46:42,593 - INFO - allennlp.common.util - embedder.token_embedder_tokens.transformer_model.embeddings.LayerNorm.weight
1 | 2021-07-13 08:46:42,593 - INFO - allennlp.common.util - embedder.token_embedder_tokens.transformer_model.embeddings.LayerNorm.bias
1 | 2021-07-13 08:46:42,593 - INFO - allennlp.common.util - embedder.token_embedder_tokens.transformer_model.encoder.layer.0.attention.self.query.weight
1 | 2021-07-13 08:46:42,593 - INFO - allennlp.common.util - embedder.token_embedder_tokens.transformer_model.encoder.layer.0.attention.self.query.bias
1 | 2021-07-13 08:46:42,593 - INFO - allennlp.common.util - embedder.token_embedder_tokens.transformer_model.encoder.layer.0.attention.self.key.weight
1 | 2021-07-13 08:46:42,593 - INFO - allennlp.common.util - embedder.token_embedder_tokens.transformer_model.encoder.layer.0.attention.self.key.bias
1 | 2021-07-13 08:46:42,593 - INFO - allennlp.common.util - embedder.token_embedder_tokens.transformer_model.encoder.layer.0.attention.self.value.weight
1 | 2021-07-13 08:46:42,593 - INFO - allennlp.common.util - embedder.token_embedder_tokens.transformer_model.encoder.layer.0.attention.self.value.bias
1 | 2021-07-13 08:46:42,593 - INFO - allennlp.common.util - embedder.token_embedder_tokens.transformer_model.encoder.layer.0.attention.output.dense.weight
1 | 2021-07-13 08:46:42,593 - INFO - allennlp.common.util - embedder.token_embedder_tokens.transformer_model.encoder.layer.0.attention.output.dense.bias
1 | 2021-07-13 08:46:42,593 - INFO - allennlp.common.util - embedder.token_embedder_tokens.transformer_model.encoder.layer.0.attention.output.LayerNorm.weight
1 | 2021-07-13 08:46:42,593 - INFO - allennlp.common.util - embedder.token_embedder_tokens.transformer_model.encoder.layer.0.attention.output.LayerNorm.bias
1 | 2021-07-13 08:46:42,593 - INFO - allennlp.common.util - embedder.token_embedder_tokens.transformer_model.encoder.layer.0.intermediate.dense.weight
1 | 2021-07-13 08:46:42,593 - INFO - allennlp.common.util - embedder.token_embedder_tokens.transformer_model.encoder.layer.0.intermediate.dense.bias
1 | 2021-07-13 08:46:42,593 - INFO - allennlp.common.util - embedder.token_embedder_tokens.transformer_model.encoder.layer.0.output.dense.weight
1 | 2021-07-13 08:46:42,593 - INFO - allennlp.common.util - embedder.token_embedder_tokens.transformer_model.encoder.layer.0.output.dense.bias
1 | 2021-07-13 08:46:42,593 - INFO - allennlp.common.util - embedder.token_embedder_tokens.transformer_model.encoder.layer.0.output.LayerNorm.weight
1 | 2021-07-13 08:46:42,593 - INFO - allennlp.common.util - embedder.token_embedder_tokens.transformer_model.encoder.layer.0.output.LayerNorm.bias
1 | 2021-07-13 08:46:42,593 - INFO - allennlp.common.util - embedder.token_embedder_tokens.transformer_model.encoder.layer.1.attention.self.query.weight
1 | 2021-07-13 08:46:42,593 - INFO - allennlp.common.util - embedder.token_embedder_tokens.transformer_model.encoder.layer.1.attention.self.query.bias
1 | 2021-07-13 08:46:42,593 - INFO - allennlp.common.util - embedder.token_embedder_tokens.transformer_model.encoder.layer.1.attention.self.key.weight
1 | 2021-07-13 08:46:42,593 - INFO - allennlp.common.util - embedder.token_embedder_tokens.transformer_model.encoder.layer.1.attention.self.key.bias
1 | 2021-07-13 08:46:42,594 - INFO - allennlp.common.util - embedder.token_embedder_tokens.transformer_model.encoder.layer.1.attention.self.value.weight
1 | 2021-07-13 08:46:42,594 - INFO - allennlp.common.util - embedder.token_embedder_tokens.transformer_model.encoder.layer.1.attention.self.value.bias
1 | 2021-07-13 08:46:42,594 - INFO - allennlp.common.util - embedder.token_embedder_tokens.transformer_model.encoder.layer.1.attention.output.dense.weight
1 | 2021-07-13 08:46:42,594 - INFO - allennlp.common.util - embedder.token_embedder_tokens.transformer_model.encoder.layer.1.attention.output.dense.bias
1 | 2021-07-13 08:46:42,594 - INFO - allennlp.common.util - embedder.token_embedder_tokens.transformer_model.encoder.layer.1.attention.output.LayerNorm.weight
1 | 2021-07-13 08:46:42,594 - INFO - allennlp.common.util - embedder.token_embedder_tokens.transformer_model.encoder.layer.1.attention.output.LayerNorm.bias
1 | 2021-07-13 08:46:42,594 - INFO - allennlp.common.util - embedder.token_embedder_tokens.transformer_model.encoder.layer.1.intermediate.dense.weight
1 | 2021-07-13 08:46:42,594 - INFO - allennlp.common.util - embedder.token_embedder_tokens.transformer_model.encoder.layer.1.intermediate.dense.bias
1 | 2021-07-13 08:46:42,594 - INFO - allennlp.common.util - embedder.token_embedder_tokens.transformer_model.encoder.layer.1.output.dense.weight
1 | 2021-07-13 08:46:42,594 - INFO - allennlp.common.util - embedder.token_embedder_tokens.transformer_model.encoder.layer.1.output.dense.bias
1 | 2021-07-13 08:46:42,594 - INFO - allennlp.common.util - embedder.token_embedder_tokens.transformer_model.encoder.layer.1.output.LayerNorm.weight
1 | 2021-07-13 08:46:42,594 - INFO - allennlp.common.util - embedder.token_embedder_tokens.transformer_model.encoder.layer.1.output.LayerNorm.bias
1 | 2021-07-13 08:46:42,594 - INFO - allennlp.common.util - embedder.token_embedder_tokens.transformer_model.encoder.layer.2.attention.self.query.weight
1 | 2021-07-13 08:46:42,594 - INFO - allennlp.common.util - embedder.token_embedder_tokens.transformer_model.encoder.layer.2.attention.self.query.bias
1 | 2021-07-13 08:46:42,594 - INFO - allennlp.common.util - embedder.token_embedder_tokens.transformer_model.encoder.layer.2.attention.self.key.weight
1 | 2021-07-13 08:46:42,594 - INFO - allennlp.common.util - embedder.token_embedder_tokens.transformer_model.encoder.layer.2.attention.self.key.bias
1 | 2021-07-13 08:46:42,594 - INFO - allennlp.common.util - embedder.token_embedder_tokens.transformer_model.encoder.layer.2.attention.self.value.weight
1 | 2021-07-13 08:46:42,594 - INFO - allennlp.common.util - embedder.token_embedder_tokens.transformer_model.encoder.layer.2.attention.self.value.bias
1 | 2021-07-13 08:46:42,594 - INFO - allennlp.common.util - embedder.token_embedder_tokens.transformer_model.encoder.layer.2.attention.output.dense.weight
1 | 2021-07-13 08:46:42,594 - INFO - allennlp.common.util - embedder.token_embedder_tokens.transformer_model.encoder.layer.2.attention.output.dense.bias
1 | 2021-07-13 08:46:42,594 - INFO - allennlp.common.util - embedder.token_embedder_tokens.transformer_model.encoder.layer.2.attention.output.LayerNorm.weight
1 | 2021-07-13 08:46:42,594 - INFO - allennlp.common.util - embedder.token_embedder_tokens.transformer_model.encoder.layer.2.attention.output.LayerNorm.bias
1 | 2021-07-13 08:46:42,594 - INFO - allennlp.common.util - embedder.token_embedder_tokens.transformer_model.encoder.layer.2.intermediate.dense.weight
1 | 2021-07-13 08:46:42,594 - INFO - allennlp.common.util - embedder.token_embedder_tokens.transformer_model.encoder.layer.2.intermediate.dense.bias
1 | 2021-07-13 08:46:42,595 - INFO - allennlp.common.util - embedder.token_embedder_tokens.transformer_model.encoder.layer.2.output.dense.weight
1 | 2021-07-13 08:46:42,595 - INFO - allennlp.common.util - embedder.token_embedder_tokens.transformer_model.encoder.layer.2.output.dense.bias
1 | 2021-07-13 08:46:42,595 - INFO - allennlp.common.util - embedder.token_embedder_tokens.transformer_model.encoder.layer.2.output.LayerNorm.weight
1 | 2021-07-13 08:46:42,595 - INFO - allennlp.common.util - embedder.token_embedder_tokens.transformer_model.encoder.layer.2.output.LayerNorm.bias
1 | 2021-07-13 08:46:42,595 - INFO - allennlp.common.util - embedder.token_embedder_tokens.transformer_model.encoder.layer.3.attention.self.query.weight
1 | 2021-07-13 08:46:42,595 - INFO - allennlp.common.util - embedder.token_embedder_tokens.transformer_model.encoder.layer.3.attention.self.query.bias
1 | 2021-07-13 08:46:42,595 - INFO - allennlp.common.util - embedder.token_embedder_tokens.transformer_model.encoder.layer.3.attention.self.key.weight
1 | 2021-07-13 08:46:42,595 - INFO - allennlp.common.util - embedder.token_embedder_tokens.transformer_model.encoder.layer.3.attention.self.key.bias
1 | 2021-07-13 08:46:42,595 - INFO - allennlp.common.util - embedder.token_embedder_tokens.transformer_model.encoder.layer.3.attention.self.value.weight
1 | 2021-07-13 08:46:42,595 - INFO - allennlp.common.util - embedder.token_embedder_tokens.transformer_model.encoder.layer.3.attention.self.value.bias
1 | 2021-07-13 08:46:42,595 - INFO - allennlp.common.util - embedder.token_embedder_tokens.transformer_model.encoder.layer.3.attention.output.dense.weight
1 | 2021-07-13 08:46:42,595 - INFO - allennlp.common.util - embedder.token_embedder_tokens.transformer_model.encoder.layer.3.attention.output.dense.bias
1 | 2021-07-13 08:46:42,595 - INFO - allennlp.common.util - embedder.token_embedder_tokens.transformer_model.encoder.layer.3.attention.output.LayerNorm.weight
1 | 2021-07-13 08:46:42,595 - INFO - allennlp.common.util - embedder.token_embedder_tokens.transformer_model.encoder.layer.3.attention.output.LayerNorm.bias
1 | 2021-07-13 08:46:42,595 - INFO - allennlp.common.util - embedder.token_embedder_tokens.transformer_model.encoder.layer.3.intermediate.dense.weight
1 | 2021-07-13 08:46:42,595 - INFO - allennlp.common.util - embedder.token_embedder_tokens.transformer_model.encoder.layer.3.intermediate.dense.bias
1 | 2021-07-13 08:46:42,595 - INFO - allennlp.common.util - embedder.token_embedder_tokens.transformer_model.encoder.layer.3.output.dense.weight
1 | 2021-07-13 08:46:42,595 - INFO - allennlp.common.util - embedder.token_embedder_tokens.transformer_model.encoder.layer.3.output.dense.bias
1 | 2021-07-13 08:46:42,595 - INFO - allennlp.common.util - embedder.token_embedder_tokens.transformer_model.encoder.layer.3.output.LayerNorm.weight
1 | 2021-07-13 08:46:42,595 - INFO - allennlp.common.util - embedder.token_embedder_tokens.transformer_model.encoder.layer.3.output.LayerNorm.bias
1 | 2021-07-13 08:46:42,595 - INFO - allennlp.common.util - embedder.token_embedder_tokens.transformer_model.encoder.layer.4.attention.self.query.weight
1 | 2021-07-13 08:46:42,595 - INFO - allennlp.common.util - embedder.token_embedder_tokens.transformer_model.encoder.layer.4.attention.self.query.bias
1 | 2021-07-13 08:46:42,595 - INFO - allennlp.common.util - embedder.token_embedder_tokens.transformer_model.encoder.layer.4.attention.self.key.weight
1 | 2021-07-13 08:46:42,596 - INFO - allennlp.common.util - embedder.token_embedder_tokens.transformer_model.encoder.layer.4.attention.self.key.bias
1 | 2021-07-13 08:46:42,596 - INFO - allennlp.common.util - embedder.token_embedder_tokens.transformer_model.encoder.layer.4.attention.self.value.weight
1 | 2021-07-13 08:46:42,596 - INFO - allennlp.common.util - embedder.token_embedder_tokens.transformer_model.encoder.layer.4.attention.self.value.bias
1 | 2021-07-13 08:46:42,596 - INFO - allennlp.common.util - embedder.token_embedder_tokens.transformer_model.encoder.layer.4.attention.output.dense.weight
1 | 2021-07-13 08:46:42,596 - INFO - allennlp.common.util - embedder.token_embedder_tokens.transformer_model.encoder.layer.4.attention.output.dense.bias
1 | 2021-07-13 08:46:42,596 - INFO - allennlp.common.util - embedder.token_embedder_tokens.transformer_model.encoder.layer.4.attention.output.LayerNorm.weight
1 | 2021-07-13 08:46:42,596 - INFO - allennlp.common.util - embedder.token_embedder_tokens.transformer_model.encoder.layer.4.attention.output.LayerNorm.bias
1 | 2021-07-13 08:46:42,596 - INFO - allennlp.common.util - embedder.token_embedder_tokens.transformer_model.encoder.layer.4.intermediate.dense.weight
1 | 2021-07-13 08:46:42,596 - INFO - allennlp.common.util - embedder.token_embedder_tokens.transformer_model.encoder.layer.4.intermediate.dense.bias
1 | 2021-07-13 08:46:42,596 - INFO - allennlp.common.util - embedder.token_embedder_tokens.transformer_model.encoder.layer.4.output.dense.weight
1 | 2021-07-13 08:46:42,596 - INFO - allennlp.common.util - embedder.token_embedder_tokens.transformer_model.encoder.layer.4.output.dense.bias
1 | 2021-07-13 08:46:42,596 - INFO - allennlp.common.util - embedder.token_embedder_tokens.transformer_model.encoder.layer.4.output.LayerNorm.weight
1 | 2021-07-13 08:46:42,596 - INFO - allennlp.common.util - embedder.token_embedder_tokens.transformer_model.encoder.layer.4.output.LayerNorm.bias
1 | 2021-07-13 08:46:42,596 - INFO - allennlp.common.util - embedder.token_embedder_tokens.transformer_model.encoder.layer.5.attention.self.query.weight
1 | 2021-07-13 08:46:42,596 - INFO - allennlp.common.util - embedder.token_embedder_tokens.transformer_model.encoder.layer.5.attention.self.query.bias
1 | 2021-07-13 08:46:42,596 - INFO - allennlp.common.util - embedder.token_embedder_tokens.transformer_model.encoder.layer.5.attention.self.key.weight
1 | 2021-07-13 08:46:42,596 - INFO - allennlp.common.util - embedder.token_embedder_tokens.transformer_model.encoder.layer.5.attention.self.key.bias
1 | 2021-07-13 08:46:42,596 - INFO - allennlp.common.util - embedder.token_embedder_tokens.transformer_model.encoder.layer.5.attention.self.value.weight
1 | 2021-07-13 08:46:42,596 - INFO - allennlp.common.util - embedder.token_embedder_tokens.transformer_model.encoder.layer.5.attention.self.value.bias
1 | 2021-07-13 08:46:42,596 - INFO - allennlp.common.util - embedder.token_embedder_tokens.transformer_model.encoder.layer.5.attention.output.dense.weight
1 | 2021-07-13 08:46:42,596 - INFO - allennlp.common.util - embedder.token_embedder_tokens.transformer_model.encoder.layer.5.attention.output.dense.bias
1 | 2021-07-13 08:46:42,596 - INFO - allennlp.common.util - embedder.token_embedder_tokens.transformer_model.encoder.layer.5.attention.output.LayerNorm.weight
1 | 2021-07-13 08:46:42,596 - INFO - allennlp.common.util - embedder.token_embedder_tokens.transformer_model.encoder.layer.5.attention.output.LayerNorm.bias
1 | 2021-07-13 08:46:42,596 - INFO - allennlp.common.util - embedder.token_embedder_tokens.transformer_model.encoder.layer.5.intermediate.dense.weight
1 | 2021-07-13 08:46:42,597 - INFO - allennlp.common.util - embedder.token_embedder_tokens.transformer_model.encoder.layer.5.intermediate.dense.bias
1 | 2021-07-13 08:46:42,597 - INFO - allennlp.common.util - embedder.token_embedder_tokens.transformer_model.encoder.layer.5.output.dense.weight
1 | 2021-07-13 08:46:42,597 - INFO - allennlp.common.util - embedder.token_embedder_tokens.transformer_model.encoder.layer.5.output.dense.bias
1 | 2021-07-13 08:46:42,597 - INFO - allennlp.common.util - embedder.token_embedder_tokens.transformer_model.encoder.layer.5.output.LayerNorm.weight
1 | 2021-07-13 08:46:42,597 - INFO - allennlp.common.util - embedder.token_embedder_tokens.transformer_model.encoder.layer.5.output.LayerNorm.bias
1 | 2021-07-13 08:46:42,597 - INFO - allennlp.common.util - embedder.token_embedder_tokens.transformer_model.encoder.layer.6.attention.self.query.weight
1 | 2021-07-13 08:46:42,597 - INFO - allennlp.common.util - embedder.token_embedder_tokens.transformer_model.encoder.layer.6.attention.self.query.bias
1 | 2021-07-13 08:46:42,597 - INFO - allennlp.common.util - embedder.token_embedder_tokens.transformer_model.encoder.layer.6.attention.self.key.weight
1 | 2021-07-13 08:46:42,597 - INFO - allennlp.common.util - embedder.token_embedder_tokens.transformer_model.encoder.layer.6.attention.self.key.bias
1 | 2021-07-13 08:46:42,597 - INFO - allennlp.common.util - embedder.token_embedder_tokens.transformer_model.encoder.layer.6.attention.self.value.weight
1 | 2021-07-13 08:46:42,597 - INFO - allennlp.common.util - embedder.token_embedder_tokens.transformer_model.encoder.layer.6.attention.self.value.bias
1 | 2021-07-13 08:46:42,597 - INFO - allennlp.common.util - embedder.token_embedder_tokens.transformer_model.encoder.layer.6.attention.output.dense.weight
1 | 2021-07-13 08:46:42,597 - INFO - allennlp.common.util - embedder.token_embedder_tokens.transformer_model.encoder.layer.6.attention.output.dense.bias
1 | 2021-07-13 08:46:42,597 - INFO - allennlp.common.util - embedder.token_embedder_tokens.transformer_model.encoder.layer.6.attention.output.LayerNorm.weight
1 | 2021-07-13 08:46:42,597 - INFO - allennlp.common.util - embedder.token_embedder_tokens.transformer_model.encoder.layer.6.attention.output.LayerNorm.bias
1 | 2021-07-13 08:46:42,597 - INFO - allennlp.common.util - embedder.token_embedder_tokens.transformer_model.encoder.layer.6.intermediate.dense.weight
1 | 2021-07-13 08:46:42,597 - INFO - allennlp.common.util - embedder.token_embedder_tokens.transformer_model.encoder.layer.6.intermediate.dense.bias
1 | 2021-07-13 08:46:42,597 - INFO - allennlp.common.util - embedder.token_embedder_tokens.transformer_model.encoder.layer.6.output.dense.weight
1 | 2021-07-13 08:46:42,597 - INFO - allennlp.common.util - embedder.token_embedder_tokens.transformer_model.encoder.layer.6.output.dense.bias
1 | 2021-07-13 08:46:42,597 - INFO - allennlp.common.util - embedder.token_embedder_tokens.transformer_model.encoder.layer.6.output.LayerNorm.weight
1 | 2021-07-13 08:46:42,597 - INFO - allennlp.common.util - embedder.token_embedder_tokens.transformer_model.encoder.layer.6.output.LayerNorm.bias
1 | 2021-07-13 08:46:42,597 - INFO - allennlp.common.util - embedder.token_embedder_tokens.transformer_model.encoder.layer.7.attention.self.query.weight
1 | 2021-07-13 08:46:42,597 - INFO - allennlp.common.util - embedder.token_embedder_tokens.transformer_model.encoder.layer.7.attention.self.query.bias
1 | 2021-07-13 08:46:42,597 - INFO - allennlp.common.util - embedder.token_embedder_tokens.transformer_model.encoder.layer.7.attention.self.key.weight
1 | 2021-07-13 08:46:42,598 - INFO - allennlp.common.util - embedder.token_embedder_tokens.transformer_model.encoder.layer.7.attention.self.key.bias
1 | 2021-07-13 08:46:42,598 - INFO - allennlp.common.util - embedder.token_embedder_tokens.transformer_model.encoder.layer.7.attention.self.value.weight
1 | 2021-07-13 08:46:42,598 - INFO - allennlp.common.util - embedder.token_embedder_tokens.transformer_model.encoder.layer.7.attention.self.value.bias
1 | 2021-07-13 08:46:42,598 - INFO - allennlp.common.util - embedder.token_embedder_tokens.transformer_model.encoder.layer.7.attention.output.dense.weight
1 | 2021-07-13 08:46:42,598 - INFO - allennlp.common.util - embedder.token_embedder_tokens.transformer_model.encoder.layer.7.attention.output.dense.bias
1 | 2021-07-13 08:46:42,598 - INFO - allennlp.common.util - embedder.token_embedder_tokens.transformer_model.encoder.layer.7.attention.output.LayerNorm.weight
1 | 2021-07-13 08:46:42,598 - INFO - allennlp.common.util - embedder.token_embedder_tokens.transformer_model.encoder.layer.7.attention.output.LayerNorm.bias
1 | 2021-07-13 08:46:42,598 - INFO - allennlp.common.util - embedder.token_embedder_tokens.transformer_model.encoder.layer.7.intermediate.dense.weight
1 | 2021-07-13 08:46:42,598 - INFO - allennlp.common.util - embedder.token_embedder_tokens.transformer_model.encoder.layer.7.intermediate.dense.bias
1 | 2021-07-13 08:46:42,598 - INFO - allennlp.common.util - embedder.token_embedder_tokens.transformer_model.encoder.layer.7.output.dense.weight
1 | 2021-07-13 08:46:42,598 - INFO - allennlp.common.util - embedder.token_embedder_tokens.transformer_model.encoder.layer.7.output.dense.bias
1 | 2021-07-13 08:46:42,598 - INFO - allennlp.common.util - embedder.token_embedder_tokens.transformer_model.encoder.layer.7.output.LayerNorm.weight
1 | 2021-07-13 08:46:42,598 - INFO - allennlp.common.util - embedder.token_embedder_tokens.transformer_model.encoder.layer.7.output.LayerNorm.bias
1 | 2021-07-13 08:46:42,598 - INFO - allennlp.common.util - embedder.token_embedder_tokens.transformer_model.encoder.layer.8.attention.self.query.weight
1 | 2021-07-13 08:46:42,598 - INFO - allennlp.common.util - embedder.token_embedder_tokens.transformer_model.encoder.layer.8.attention.self.query.bias
1 | 2021-07-13 08:46:42,598 - INFO - allennlp.common.util - embedder.token_embedder_tokens.transformer_model.encoder.layer.8.attention.self.key.weight
1 | 2021-07-13 08:46:42,598 - INFO - allennlp.common.util - embedder.token_embedder_tokens.transformer_model.encoder.layer.8.attention.self.key.bias
1 | 2021-07-13 08:46:42,598 - INFO - allennlp.common.util - embedder.token_embedder_tokens.transformer_model.encoder.layer.8.attention.self.value.weight
1 | 2021-07-13 08:46:42,598 - INFO - allennlp.common.util - embedder.token_embedder_tokens.transformer_model.encoder.layer.8.attention.self.value.bias
1 | 2021-07-13 08:46:42,598 - INFO - allennlp.common.util - embedder.token_embedder_tokens.transformer_model.encoder.layer.8.attention.output.dense.weight
1 | 2021-07-13 08:46:42,598 - INFO - allennlp.common.util - embedder.token_embedder_tokens.transformer_model.encoder.layer.8.attention.output.dense.bias
1 | 2021-07-13 08:46:42,598 - INFO - allennlp.common.util - embedder.token_embedder_tokens.transformer_model.encoder.layer.8.attention.output.LayerNorm.weight
1 | 2021-07-13 08:46:42,598 - INFO - allennlp.common.util - embedder.token_embedder_tokens.transformer_model.encoder.layer.8.attention.output.LayerNorm.bias
1 | 2021-07-13 08:46:42,598 - INFO - allennlp.common.util - embedder.token_embedder_tokens.transformer_model.encoder.layer.8.intermediate.dense.weight
1 | 2021-07-13 08:46:42,599 - INFO - allennlp.common.util - embedder.token_embedder_tokens.transformer_model.encoder.layer.8.intermediate.dense.bias
1 | 2021-07-13 08:46:42,599 - INFO - allennlp.common.util - embedder.token_embedder_tokens.transformer_model.encoder.layer.8.output.dense.weight
1 | 2021-07-13 08:46:42,599 - INFO - allennlp.common.util - embedder.token_embedder_tokens.transformer_model.encoder.layer.8.output.dense.bias
1 | 2021-07-13 08:46:42,599 - INFO - allennlp.common.util - embedder.token_embedder_tokens.transformer_model.encoder.layer.8.output.LayerNorm.weight
1 | 2021-07-13 08:46:42,599 - INFO - allennlp.common.util - embedder.token_embedder_tokens.transformer_model.encoder.layer.8.output.LayerNorm.bias
1 | 2021-07-13 08:46:42,599 - INFO - allennlp.common.util - embedder.token_embedder_tokens.transformer_model.encoder.layer.9.attention.self.query.weight
1 | 2021-07-13 08:46:42,599 - INFO - allennlp.common.util - embedder.token_embedder_tokens.transformer_model.encoder.layer.9.attention.self.query.bias
1 | 2021-07-13 08:46:42,599 - INFO - allennlp.common.util - embedder.token_embedder_tokens.transformer_model.encoder.layer.9.attention.self.key.weight
1 | 2021-07-13 08:46:42,599 - INFO - allennlp.common.util - embedder.token_embedder_tokens.transformer_model.encoder.layer.9.attention.self.key.bias
1 | 2021-07-13 08:46:42,599 - INFO - allennlp.common.util - embedder.token_embedder_tokens.transformer_model.encoder.layer.9.attention.self.value.weight
1 | 2021-07-13 08:46:42,599 - INFO - allennlp.common.util - embedder.token_embedder_tokens.transformer_model.encoder.layer.9.attention.self.value.bias
1 | 2021-07-13 08:46:42,599 - INFO - allennlp.common.util - embedder.token_embedder_tokens.transformer_model.encoder.layer.9.attention.output.dense.weight
1 | 2021-07-13 08:46:42,599 - INFO - allennlp.common.util - embedder.token_embedder_tokens.transformer_model.encoder.layer.9.attention.output.dense.bias
1 | 2021-07-13 08:46:42,599 - INFO - allennlp.common.util - embedder.token_embedder_tokens.transformer_model.encoder.layer.9.attention.output.LayerNorm.weight
1 | 2021-07-13 08:46:42,599 - INFO - allennlp.common.util - embedder.token_embedder_tokens.transformer_model.encoder.layer.9.attention.output.LayerNorm.bias
1 | 2021-07-13 08:46:42,599 - INFO - allennlp.common.util - embedder.token_embedder_tokens.transformer_model.encoder.layer.9.intermediate.dense.weight
1 | 2021-07-13 08:46:42,599 - INFO - allennlp.common.util - embedder.token_embedder_tokens.transformer_model.encoder.layer.9.intermediate.dense.bias
1 | 2021-07-13 08:46:42,599 - INFO - allennlp.common.util - embedder.token_embedder_tokens.transformer_model.encoder.layer.9.output.dense.weight
1 | 2021-07-13 08:46:42,599 - INFO - allennlp.common.util - embedder.token_embedder_tokens.transformer_model.encoder.layer.9.output.dense.bias
1 | 2021-07-13 08:46:42,599 - INFO - allennlp.common.util - embedder.token_embedder_tokens.transformer_model.encoder.layer.9.output.LayerNorm.weight
1 | 2021-07-13 08:46:42,599 - INFO - allennlp.common.util - embedder.token_embedder_tokens.transformer_model.encoder.layer.9.output.LayerNorm.bias
1 | 2021-07-13 08:46:42,599 - INFO - allennlp.common.util - embedder.token_embedder_tokens.transformer_model.encoder.layer.10.attention.self.query.weight
1 | 2021-07-13 08:46:42,599 - INFO - allennlp.common.util - embedder.token_embedder_tokens.transformer_model.encoder.layer.10.attention.self.query.bias
1 | 2021-07-13 08:46:42,600 - INFO - allennlp.common.util - embedder.token_embedder_tokens.transformer_model.encoder.layer.10.attention.self.key.weight
1 | 2021-07-13 08:46:42,600 - INFO - allennlp.common.util - embedder.token_embedder_tokens.transformer_model.encoder.layer.10.attention.self.key.bias
1 | 2021-07-13 08:46:42,600 - INFO - allennlp.common.util - embedder.token_embedder_tokens.transformer_model.encoder.layer.10.attention.self.value.weight
1 | 2021-07-13 08:46:42,600 - INFO - allennlp.common.util - embedder.token_embedder_tokens.transformer_model.encoder.layer.10.attention.self.value.bias
1 | 2021-07-13 08:46:42,600 - INFO - allennlp.common.util - embedder.token_embedder_tokens.transformer_model.encoder.layer.10.attention.output.dense.weight
1 | 2021-07-13 08:46:42,600 - INFO - allennlp.common.util - embedder.token_embedder_tokens.transformer_model.encoder.layer.10.attention.output.dense.bias
1 | 2021-07-13 08:46:42,600 - INFO - allennlp.common.util - embedder.token_embedder_tokens.transformer_model.encoder.layer.10.attention.output.LayerNorm.weight
1 | 2021-07-13 08:46:42,600 - INFO - allennlp.common.util - embedder.token_embedder_tokens.transformer_model.encoder.layer.10.attention.output.LayerNorm.bias
1 | 2021-07-13 08:46:42,600 - INFO - allennlp.common.util - embedder.token_embedder_tokens.transformer_model.encoder.layer.10.intermediate.dense.weight
1 | 2021-07-13 08:46:42,600 - INFO - allennlp.common.util - embedder.token_embedder_tokens.transformer_model.encoder.layer.10.intermediate.dense.bias
1 | 2021-07-13 08:46:42,600 - INFO - allennlp.common.util - embedder.token_embedder_tokens.transformer_model.encoder.layer.10.output.dense.weight
1 | 2021-07-13 08:46:42,600 - INFO - allennlp.common.util - embedder.token_embedder_tokens.transformer_model.encoder.layer.10.output.dense.bias
1 | 2021-07-13 08:46:42,600 - INFO - allennlp.common.util - embedder.token_embedder_tokens.transformer_model.encoder.layer.10.output.LayerNorm.weight
1 | 2021-07-13 08:46:42,600 - INFO - allennlp.common.util - embedder.token_embedder_tokens.transformer_model.encoder.layer.10.output.LayerNorm.bias
1 | 2021-07-13 08:46:42,600 - INFO - allennlp.common.util - embedder.token_embedder_tokens.transformer_model.encoder.layer.11.attention.self.query.weight
1 | 2021-07-13 08:46:42,600 - INFO - allennlp.common.util - embedder.token_embedder_tokens.transformer_model.encoder.layer.11.attention.self.query.bias
1 | 2021-07-13 08:46:42,600 - INFO - allennlp.common.util - embedder.token_embedder_tokens.transformer_model.encoder.layer.11.attention.self.key.weight
1 | 2021-07-13 08:46:42,600 - INFO - allennlp.common.util - embedder.token_embedder_tokens.transformer_model.encoder.layer.11.attention.self.key.bias
1 | 2021-07-13 08:46:42,600 - INFO - allennlp.common.util - embedder.token_embedder_tokens.transformer_model.encoder.layer.11.attention.self.value.weight
1 | 2021-07-13 08:46:42,600 - INFO - allennlp.common.util - embedder.token_embedder_tokens.transformer_model.encoder.layer.11.attention.self.value.bias
1 | 2021-07-13 08:46:42,600 - INFO - allennlp.common.util - embedder.token_embedder_tokens.transformer_model.encoder.layer.11.attention.output.dense.weight
1 | 2021-07-13 08:46:42,600 - INFO - allennlp.common.util - embedder.token_embedder_tokens.transformer_model.encoder.layer.11.attention.output.dense.bias
1 | 2021-07-13 08:46:42,600 - INFO - allennlp.common.util - embedder.token_embedder_tokens.transformer_model.encoder.layer.11.attention.output.LayerNorm.weight
1 | 2021-07-13 08:46:42,600 - INFO - allennlp.common.util - embedder.token_embedder_tokens.transformer_model.encoder.layer.11.attention.output.LayerNorm.bias
1 | 2021-07-13 08:46:42,601 - INFO - allennlp.common.util - embedder.token_embedder_tokens.transformer_model.encoder.layer.11.intermediate.dense.weight
1 | 2021-07-13 08:46:42,601 - INFO - allennlp.common.util - embedder.token_embedder_tokens.transformer_model.encoder.layer.11.intermediate.dense.bias
1 | 2021-07-13 08:46:42,601 - INFO - allennlp.common.util - embedder.token_embedder_tokens.transformer_model.encoder.layer.11.output.dense.weight
1 | 2021-07-13 08:46:42,601 - INFO - allennlp.common.util - embedder.token_embedder_tokens.transformer_model.encoder.layer.11.output.dense.bias
1 | 2021-07-13 08:46:42,601 - INFO - allennlp.common.util - embedder.token_embedder_tokens.transformer_model.encoder.layer.11.output.LayerNorm.weight
1 | 2021-07-13 08:46:42,601 - INFO - allennlp.common.util - embedder.token_embedder_tokens.transformer_model.encoder.layer.11.output.LayerNorm.bias
1 | 2021-07-13 08:46:42,601 - INFO - allennlp.common.util - embedder.token_embedder_tokens.transformer_model.encoder.layer.12.attention.self.query.weight
1 | 2021-07-13 08:46:42,601 - INFO - allennlp.common.util - embedder.token_embedder_tokens.transformer_model.encoder.layer.12.attention.self.query.bias
1 | 2021-07-13 08:46:42,601 - INFO - allennlp.common.util - embedder.token_embedder_tokens.transformer_model.encoder.layer.12.attention.self.key.weight
1 | 2021-07-13 08:46:42,601 - INFO - allennlp.common.util - embedder.token_embedder_tokens.transformer_model.encoder.layer.12.attention.self.key.bias
1 | 2021-07-13 08:46:42,601 - INFO - allennlp.common.util - embedder.token_embedder_tokens.transformer_model.encoder.layer.12.attention.self.value.weight
1 | 2021-07-13 08:46:42,601 - INFO - allennlp.common.util - embedder.token_embedder_tokens.transformer_model.encoder.layer.12.attention.self.value.bias
1 | 2021-07-13 08:46:42,601 - INFO - allennlp.common.util - embedder.token_embedder_tokens.transformer_model.encoder.layer.12.attention.output.dense.weight
1 | 2021-07-13 08:46:42,601 - INFO - allennlp.common.util - embedder.token_embedder_tokens.transformer_model.encoder.layer.12.attention.output.dense.bias
1 | 2021-07-13 08:46:42,601 - INFO - allennlp.common.util - embedder.token_embedder_tokens.transformer_model.encoder.layer.12.attention.output.LayerNorm.weight
1 | 2021-07-13 08:46:42,601 - INFO - allennlp.common.util - embedder.token_embedder_tokens.transformer_model.encoder.layer.12.attention.output.LayerNorm.bias
1 | 2021-07-13 08:46:42,601 - INFO - allennlp.common.util - embedder.token_embedder_tokens.transformer_model.encoder.layer.12.intermediate.dense.weight
1 | 2021-07-13 08:46:42,601 - INFO - allennlp.common.util - embedder.token_embedder_tokens.transformer_model.encoder.layer.12.intermediate.dense.bias
1 | 2021-07-13 08:46:42,601 - INFO - allennlp.common.util - embedder.token_embedder_tokens.transformer_model.encoder.layer.12.output.dense.weight
1 | 2021-07-13 08:46:42,601 - INFO - allennlp.common.util - embedder.token_embedder_tokens.transformer_model.encoder.layer.12.output.dense.bias
1 | 2021-07-13 08:46:42,601 - INFO - allennlp.common.util - embedder.token_embedder_tokens.transformer_model.encoder.layer.12.output.LayerNorm.weight
1 | 2021-07-13 08:46:42,601 - INFO - allennlp.common.util - embedder.token_embedder_tokens.transformer_model.encoder.layer.12.output.LayerNorm.bias
1 | 2021-07-13 08:46:42,601 - INFO - allennlp.common.util - embedder.token_embedder_tokens.transformer_model.encoder.layer.13.attention.self.query.weight
1 | 2021-07-13 08:46:42,601 - INFO - allennlp.common.util - embedder.token_embedder_tokens.transformer_model.encoder.layer.13.attention.self.query.bias
1 | 2021-07-13 08:46:42,602 - INFO - allennlp.common.util - embedder.token_embedder_tokens.transformer_model.encoder.layer.13.attention.self.key.weight
1 | 2021-07-13 08:46:42,602 - INFO - allennlp.common.util - embedder.token_embedder_tokens.transformer_model.encoder.layer.13.attention.self.key.bias
1 | 2021-07-13 08:46:42,602 - INFO - allennlp.common.util - embedder.token_embedder_tokens.transformer_model.encoder.layer.13.attention.self.value.weight
1 | 2021-07-13 08:46:42,602 - INFO - allennlp.common.util - embedder.token_embedder_tokens.transformer_model.encoder.layer.13.attention.self.value.bias
1 | 2021-07-13 08:46:42,602 - INFO - allennlp.common.util - embedder.token_embedder_tokens.transformer_model.encoder.layer.13.attention.output.dense.weight
1 | 2021-07-13 08:46:42,602 - INFO - allennlp.common.util - embedder.token_embedder_tokens.transformer_model.encoder.layer.13.attention.output.dense.bias
1 | 2021-07-13 08:46:42,602 - INFO - allennlp.common.util - embedder.token_embedder_tokens.transformer_model.encoder.layer.13.attention.output.LayerNorm.weight
1 | 2021-07-13 08:46:42,602 - INFO - allennlp.common.util - embedder.token_embedder_tokens.transformer_model.encoder.layer.13.attention.output.LayerNorm.bias
1 | 2021-07-13 08:46:42,602 - INFO - allennlp.common.util - embedder.token_embedder_tokens.transformer_model.encoder.layer.13.intermediate.dense.weight
1 | 2021-07-13 08:46:42,602 - INFO - allennlp.common.util - embedder.token_embedder_tokens.transformer_model.encoder.layer.13.intermediate.dense.bias
1 | 2021-07-13 08:46:42,602 - INFO - allennlp.common.util - embedder.token_embedder_tokens.transformer_model.encoder.layer.13.output.dense.weight
1 | 2021-07-13 08:46:42,602 - INFO - allennlp.common.util - embedder.token_embedder_tokens.transformer_model.encoder.layer.13.output.dense.bias
1 | 2021-07-13 08:46:42,602 - INFO - allennlp.common.util - embedder.token_embedder_tokens.transformer_model.encoder.layer.13.output.LayerNorm.weight
1 | 2021-07-13 08:46:42,602 - INFO - allennlp.common.util - embedder.token_embedder_tokens.transformer_model.encoder.layer.13.output.LayerNorm.bias
1 | 2021-07-13 08:46:42,602 - INFO - allennlp.common.util - embedder.token_embedder_tokens.transformer_model.encoder.layer.14.attention.self.query.weight
1 | 2021-07-13 08:46:42,602 - INFO - allennlp.common.util - embedder.token_embedder_tokens.transformer_model.encoder.layer.14.attention.self.query.bias
1 | 2021-07-13 08:46:42,602 - INFO - allennlp.common.util - embedder.token_embedder_tokens.transformer_model.encoder.layer.14.attention.self.key.weight
1 | 2021-07-13 08:46:42,602 - INFO - allennlp.common.util - embedder.token_embedder_tokens.transformer_model.encoder.layer.14.attention.self.key.bias
1 | 2021-07-13 08:46:42,602 - INFO - allennlp.common.util - embedder.token_embedder_tokens.transformer_model.encoder.layer.14.attention.self.value.weight
1 | 2021-07-13 08:46:42,602 - INFO - allennlp.common.util - embedder.token_embedder_tokens.transformer_model.encoder.layer.14.attention.self.value.bias
1 | 2021-07-13 08:46:42,602 - INFO - allennlp.common.util - embedder.token_embedder_tokens.transformer_model.encoder.layer.14.attention.output.dense.weight
1 | 2021-07-13 08:46:42,602 - INFO - allennlp.common.util - embedder.token_embedder_tokens.transformer_model.encoder.layer.14.attention.output.dense.bias
1 | 2021-07-13 08:46:42,602 - INFO - allennlp.common.util - embedder.token_embedder_tokens.transformer_model.encoder.layer.14.attention.output.LayerNorm.weight
1 | 2021-07-13 08:46:42,602 - INFO - allennlp.common.util - embedder.token_embedder_tokens.transformer_model.encoder.layer.14.attention.output.LayerNorm.bias
1 | 2021-07-13 08:46:42,603 - INFO - allennlp.common.util - embedder.token_embedder_tokens.transformer_model.encoder.layer.14.intermediate.dense.weight
1 | 2021-07-13 08:46:42,603 - INFO - allennlp.common.util - embedder.token_embedder_tokens.transformer_model.encoder.layer.14.intermediate.dense.bias
1 | 2021-07-13 08:46:42,603 - INFO - allennlp.common.util - embedder.token_embedder_tokens.transformer_model.encoder.layer.14.output.dense.weight
1 | 2021-07-13 08:46:42,603 - INFO - allennlp.common.util - embedder.token_embedder_tokens.transformer_model.encoder.layer.14.output.dense.bias
1 | 2021-07-13 08:46:42,603 - INFO - allennlp.common.util - embedder.token_embedder_tokens.transformer_model.encoder.layer.14.output.LayerNorm.weight
1 | 2021-07-13 08:46:42,603 - INFO - allennlp.common.util - embedder.token_embedder_tokens.transformer_model.encoder.layer.14.output.LayerNorm.bias
1 | 2021-07-13 08:46:42,603 - INFO - allennlp.common.util - embedder.token_embedder_tokens.transformer_model.encoder.layer.15.attention.self.query.weight
1 | 2021-07-13 08:46:42,603 - INFO - allennlp.common.util - embedder.token_embedder_tokens.transformer_model.encoder.layer.15.attention.self.query.bias
1 | 2021-07-13 08:46:42,603 - INFO - allennlp.common.util - embedder.token_embedder_tokens.transformer_model.encoder.layer.15.attention.self.key.weight
1 | 2021-07-13 08:46:42,603 - INFO - allennlp.common.util - embedder.token_embedder_tokens.transformer_model.encoder.layer.15.attention.self.key.bias
1 | 2021-07-13 08:46:42,603 - INFO - allennlp.common.util - embedder.token_embedder_tokens.transformer_model.encoder.layer.15.attention.self.value.weight
1 | 2021-07-13 08:46:42,603 - INFO - allennlp.common.util - embedder.token_embedder_tokens.transformer_model.encoder.layer.15.attention.self.value.bias
1 | 2021-07-13 08:46:42,603 - INFO - allennlp.common.util - embedder.token_embedder_tokens.transformer_model.encoder.layer.15.attention.output.dense.weight
1 | 2021-07-13 08:46:42,603 - INFO - allennlp.common.util - embedder.token_embedder_tokens.transformer_model.encoder.layer.15.attention.output.dense.bias
1 | 2021-07-13 08:46:42,603 - INFO - allennlp.common.util - embedder.token_embedder_tokens.transformer_model.encoder.layer.15.attention.output.LayerNorm.weight
1 | 2021-07-13 08:46:42,603 - INFO - allennlp.common.util - embedder.token_embedder_tokens.transformer_model.encoder.layer.15.attention.output.LayerNorm.bias
1 | 2021-07-13 08:46:42,603 - INFO - allennlp.common.util - embedder.token_embedder_tokens.transformer_model.encoder.layer.15.intermediate.dense.weight
1 | 2021-07-13 08:46:42,603 - INFO - allennlp.common.util - embedder.token_embedder_tokens.transformer_model.encoder.layer.15.intermediate.dense.bias
1 | 2021-07-13 08:46:42,603 - INFO - allennlp.common.util - embedder.token_embedder_tokens.transformer_model.encoder.layer.15.output.dense.weight
1 | 2021-07-13 08:46:42,603 - INFO - allennlp.common.util - embedder.token_embedder_tokens.transformer_model.encoder.layer.15.output.dense.bias
1 | 2021-07-13 08:46:42,603 - INFO - allennlp.common.util - embedder.token_embedder_tokens.transformer_model.encoder.layer.15.output.LayerNorm.weight
1 | 2021-07-13 08:46:42,603 - INFO - allennlp.common.util - embedder.token_embedder_tokens.transformer_model.encoder.layer.15.output.LayerNorm.bias
1 | 2021-07-13 08:46:42,603 - INFO - allennlp.common.util - embedder.token_embedder_tokens.transformer_model.encoder.layer.16.attention.self.query.weight
1 | 2021-07-13 08:46:42,603 - INFO - allennlp.common.util - embedder.token_embedder_tokens.transformer_model.encoder.layer.16.attention.self.query.bias
1 | 2021-07-13 08:46:42,604 - INFO - allennlp.common.util - embedder.token_embedder_tokens.transformer_model.encoder.layer.16.attention.self.key.weight
1 | 2021-07-13 08:46:42,604 - INFO - allennlp.common.util - embedder.token_embedder_tokens.transformer_model.encoder.layer.16.attention.self.key.bias
1 | 2021-07-13 08:46:42,604 - INFO - allennlp.common.util - embedder.token_embedder_tokens.transformer_model.encoder.layer.16.attention.self.value.weight
1 | 2021-07-13 08:46:42,604 - INFO - allennlp.common.util - embedder.token_embedder_tokens.transformer_model.encoder.layer.16.attention.self.value.bias
1 | 2021-07-13 08:46:42,604 - INFO - allennlp.common.util - embedder.token_embedder_tokens.transformer_model.encoder.layer.16.attention.output.dense.weight
1 | 2021-07-13 08:46:42,604 - INFO - allennlp.common.util - embedder.token_embedder_tokens.transformer_model.encoder.layer.16.attention.output.dense.bias
1 | 2021-07-13 08:46:42,604 - INFO - allennlp.common.util - embedder.token_embedder_tokens.transformer_model.encoder.layer.16.attention.output.LayerNorm.weight
1 | 2021-07-13 08:46:42,604 - INFO - allennlp.common.util - embedder.token_embedder_tokens.transformer_model.encoder.layer.16.attention.output.LayerNorm.bias
1 | 2021-07-13 08:46:42,604 - INFO - allennlp.common.util - embedder.token_embedder_tokens.transformer_model.encoder.layer.16.intermediate.dense.weight
1 | 2021-07-13 08:46:42,604 - INFO - allennlp.common.util - embedder.token_embedder_tokens.transformer_model.encoder.layer.16.intermediate.dense.bias
1 | 2021-07-13 08:46:42,604 - INFO - allennlp.common.util - embedder.token_embedder_tokens.transformer_model.encoder.layer.16.output.dense.weight
1 | 2021-07-13 08:46:42,604 - INFO - allennlp.common.util - embedder.token_embedder_tokens.transformer_model.encoder.layer.16.output.dense.bias
1 | 2021-07-13 08:46:42,604 - INFO - allennlp.common.util - embedder.token_embedder_tokens.transformer_model.encoder.layer.16.output.LayerNorm.weight
1 | 2021-07-13 08:46:42,604 - INFO - allennlp.common.util - embedder.token_embedder_tokens.transformer_model.encoder.layer.16.output.LayerNorm.bias
1 | 2021-07-13 08:46:42,604 - INFO - allennlp.common.util - embedder.token_embedder_tokens.transformer_model.encoder.layer.17.attention.self.query.weight
1 | 2021-07-13 08:46:42,604 - INFO - allennlp.common.util - embedder.token_embedder_tokens.transformer_model.encoder.layer.17.attention.self.query.bias
1 | 2021-07-13 08:46:42,604 - INFO - allennlp.common.util - embedder.token_embedder_tokens.transformer_model.encoder.layer.17.attention.self.key.weight
1 | 2021-07-13 08:46:42,604 - INFO - allennlp.common.util - embedder.token_embedder_tokens.transformer_model.encoder.layer.17.attention.self.key.bias
1 | 2021-07-13 08:46:42,604 - INFO - allennlp.common.util - embedder.token_embedder_tokens.transformer_model.encoder.layer.17.attention.self.value.weight
1 | 2021-07-13 08:46:42,604 - INFO - allennlp.common.util - embedder.token_embedder_tokens.transformer_model.encoder.layer.17.attention.self.value.bias
1 | 2021-07-13 08:46:42,604 - INFO - allennlp.common.util - embedder.token_embedder_tokens.transformer_model.encoder.layer.17.attention.output.dense.weight
1 | 2021-07-13 08:46:42,604 - INFO - allennlp.common.util - embedder.token_embedder_tokens.transformer_model.encoder.layer.17.attention.output.dense.bias
1 | 2021-07-13 08:46:42,604 - INFO - allennlp.common.util - embedder.token_embedder_tokens.transformer_model.encoder.layer.17.attention.output.LayerNorm.weight
1 | 2021-07-13 08:46:42,605 - INFO - allennlp.common.util - embedder.token_embedder_tokens.transformer_model.encoder.layer.17.attention.output.LayerNorm.bias
1 | 2021-07-13 08:46:42,605 - INFO - allennlp.common.util - embedder.token_embedder_tokens.transformer_model.encoder.layer.17.intermediate.dense.weight
1 | 2021-07-13 08:46:42,605 - INFO - allennlp.common.util - embedder.token_embedder_tokens.transformer_model.encoder.layer.17.intermediate.dense.bias
1 | 2021-07-13 08:46:42,605 - INFO - allennlp.common.util - embedder.token_embedder_tokens.transformer_model.encoder.layer.17.output.dense.weight
1 | 2021-07-13 08:46:42,605 - INFO - allennlp.common.util - embedder.token_embedder_tokens.transformer_model.encoder.layer.17.output.dense.bias
1 | 2021-07-13 08:46:42,605 - INFO - allennlp.common.util - embedder.token_embedder_tokens.transformer_model.encoder.layer.17.output.LayerNorm.weight
1 | 2021-07-13 08:46:42,605 - INFO - allennlp.common.util - embedder.token_embedder_tokens.transformer_model.encoder.layer.17.output.LayerNorm.bias
1 | 2021-07-13 08:46:42,605 - INFO - allennlp.common.util - embedder.token_embedder_tokens.transformer_model.encoder.layer.18.attention.self.query.weight
1 | 2021-07-13 08:46:42,605 - INFO - allennlp.common.util - embedder.token_embedder_tokens.transformer_model.encoder.layer.18.attention.self.query.bias
1 | 2021-07-13 08:46:42,605 - INFO - allennlp.common.util - embedder.token_embedder_tokens.transformer_model.encoder.layer.18.attention.self.key.weight
1 | 2021-07-13 08:46:42,605 - INFO - allennlp.common.util - embedder.token_embedder_tokens.transformer_model.encoder.layer.18.attention.self.key.bias
1 | 2021-07-13 08:46:42,605 - INFO - allennlp.common.util - embedder.token_embedder_tokens.transformer_model.encoder.layer.18.attention.self.value.weight
1 | 2021-07-13 08:46:42,605 - INFO - allennlp.common.util - embedder.token_embedder_tokens.transformer_model.encoder.layer.18.attention.self.value.bias
1 | 2021-07-13 08:46:42,605 - INFO - allennlp.common.util - embedder.token_embedder_tokens.transformer_model.encoder.layer.18.attention.output.dense.weight
1 | 2021-07-13 08:46:42,605 - INFO - allennlp.common.util - embedder.token_embedder_tokens.transformer_model.encoder.layer.18.attention.output.dense.bias
1 | 2021-07-13 08:46:42,605 - INFO - allennlp.common.util - embedder.token_embedder_tokens.transformer_model.encoder.layer.18.attention.output.LayerNorm.weight
1 | 2021-07-13 08:46:42,605 - INFO - allennlp.common.util - embedder.token_embedder_tokens.transformer_model.encoder.layer.18.attention.output.LayerNorm.bias
1 | 2021-07-13 08:46:42,605 - INFO - allennlp.common.util - embedder.token_embedder_tokens.transformer_model.encoder.layer.18.intermediate.dense.weight
1 | 2021-07-13 08:46:42,605 - INFO - allennlp.common.util - embedder.token_embedder_tokens.transformer_model.encoder.layer.18.intermediate.dense.bias
1 | 2021-07-13 08:46:42,605 - INFO - allennlp.common.util - embedder.token_embedder_tokens.transformer_model.encoder.layer.18.output.dense.weight
1 | 2021-07-13 08:46:42,605 - INFO - allennlp.common.util - embedder.token_embedder_tokens.transformer_model.encoder.layer.18.output.dense.bias
1 | 2021-07-13 08:46:42,605 - INFO - allennlp.common.util - embedder.token_embedder_tokens.transformer_model.encoder.layer.18.output.LayerNorm.weight
1 | 2021-07-13 08:46:42,605 - INFO - allennlp.common.util - embedder.token_embedder_tokens.transformer_model.encoder.layer.18.output.LayerNorm.bias
1 | 2021-07-13 08:46:42,605 - INFO - allennlp.common.util - embedder.token_embedder_tokens.transformer_model.encoder.layer.19.attention.self.query.weight
1 | 2021-07-13 08:46:42,606 - INFO - allennlp.common.util - embedder.token_embedder_tokens.transformer_model.encoder.layer.19.attention.self.query.bias
1 | 2021-07-13 08:46:42,606 - INFO - allennlp.common.util - embedder.token_embedder_tokens.transformer_model.encoder.layer.19.attention.self.key.weight
1 | 2021-07-13 08:46:42,606 - INFO - allennlp.common.util - embedder.token_embedder_tokens.transformer_model.encoder.layer.19.attention.self.key.bias
1 | 2021-07-13 08:46:42,606 - INFO - allennlp.common.util - embedder.token_embedder_tokens.transformer_model.encoder.layer.19.attention.self.value.weight
1 | 2021-07-13 08:46:42,606 - INFO - allennlp.common.util - embedder.token_embedder_tokens.transformer_model.encoder.layer.19.attention.self.value.bias
1 | 2021-07-13 08:46:42,606 - INFO - allennlp.common.util - embedder.token_embedder_tokens.transformer_model.encoder.layer.19.attention.output.dense.weight
1 | 2021-07-13 08:46:42,606 - INFO - allennlp.common.util - embedder.token_embedder_tokens.transformer_model.encoder.layer.19.attention.output.dense.bias
1 | 2021-07-13 08:46:42,606 - INFO - allennlp.common.util - embedder.token_embedder_tokens.transformer_model.encoder.layer.19.attention.output.LayerNorm.weight
1 | 2021-07-13 08:46:42,606 - INFO - allennlp.common.util - embedder.token_embedder_tokens.transformer_model.encoder.layer.19.attention.output.LayerNorm.bias
1 | 2021-07-13 08:46:42,606 - INFO - allennlp.common.util - embedder.token_embedder_tokens.transformer_model.encoder.layer.19.intermediate.dense.weight
1 | 2021-07-13 08:46:42,606 - INFO - allennlp.common.util - embedder.token_embedder_tokens.transformer_model.encoder.layer.19.intermediate.dense.bias
1 | 2021-07-13 08:46:42,606 - INFO - allennlp.common.util - embedder.token_embedder_tokens.transformer_model.encoder.layer.19.output.dense.weight
1 | 2021-07-13 08:46:42,606 - INFO - allennlp.common.util - embedder.token_embedder_tokens.transformer_model.encoder.layer.19.output.dense.bias
1 | 2021-07-13 08:46:42,606 - INFO - allennlp.common.util - embedder.token_embedder_tokens.transformer_model.encoder.layer.19.output.LayerNorm.weight
1 | 2021-07-13 08:46:42,606 - INFO - allennlp.common.util - embedder.token_embedder_tokens.transformer_model.encoder.layer.19.output.LayerNorm.bias
1 | 2021-07-13 08:46:42,606 - INFO - allennlp.common.util - embedder.token_embedder_tokens.transformer_model.encoder.layer.20.attention.self.query.weight
1 | 2021-07-13 08:46:42,606 - INFO - allennlp.common.util - embedder.token_embedder_tokens.transformer_model.encoder.layer.20.attention.self.query.bias
1 | 2021-07-13 08:46:42,606 - INFO - allennlp.common.util - embedder.token_embedder_tokens.transformer_model.encoder.layer.20.attention.self.key.weight
1 | 2021-07-13 08:46:42,606 - INFO - allennlp.common.util - embedder.token_embedder_tokens.transformer_model.encoder.layer.20.attention.self.key.bias
1 | 2021-07-13 08:46:42,606 - INFO - allennlp.common.util - embedder.token_embedder_tokens.transformer_model.encoder.layer.20.attention.self.value.weight
1 | 2021-07-13 08:46:42,606 - INFO - allennlp.common.util - embedder.token_embedder_tokens.transformer_model.encoder.layer.20.attention.self.value.bias
1 | 2021-07-13 08:46:42,606 - INFO - allennlp.common.util - embedder.token_embedder_tokens.transformer_model.encoder.layer.20.attention.output.dense.weight
1 | 2021-07-13 08:46:42,606 - INFO - allennlp.common.util - embedder.token_embedder_tokens.transformer_model.encoder.layer.20.attention.output.dense.bias
1 | 2021-07-13 08:46:42,606 - INFO - allennlp.common.util - embedder.token_embedder_tokens.transformer_model.encoder.layer.20.attention.output.LayerNorm.weight
1 | 2021-07-13 08:46:42,607 - INFO - allennlp.common.util - embedder.token_embedder_tokens.transformer_model.encoder.layer.20.attention.output.LayerNorm.bias
1 | 2021-07-13 08:46:42,607 - INFO - allennlp.common.util - embedder.token_embedder_tokens.transformer_model.encoder.layer.20.intermediate.dense.weight
1 | 2021-07-13 08:46:42,607 - INFO - allennlp.common.util - embedder.token_embedder_tokens.transformer_model.encoder.layer.20.intermediate.dense.bias
1 | 2021-07-13 08:46:42,607 - INFO - allennlp.common.util - embedder.token_embedder_tokens.transformer_model.encoder.layer.20.output.dense.weight
1 | 2021-07-13 08:46:42,607 - INFO - allennlp.common.util - embedder.token_embedder_tokens.transformer_model.encoder.layer.20.output.dense.bias
1 | 2021-07-13 08:46:42,607 - INFO - allennlp.common.util - embedder.token_embedder_tokens.transformer_model.encoder.layer.20.output.LayerNorm.weight
1 | 2021-07-13 08:46:42,607 - INFO - allennlp.common.util - embedder.token_embedder_tokens.transformer_model.encoder.layer.20.output.LayerNorm.bias
1 | 2021-07-13 08:46:42,607 - INFO - allennlp.common.util - embedder.token_embedder_tokens.transformer_model.encoder.layer.21.attention.self.query.weight
1 | 2021-07-13 08:46:42,607 - INFO - allennlp.common.util - embedder.token_embedder_tokens.transformer_model.encoder.layer.21.attention.self.query.bias
1 | 2021-07-13 08:46:42,607 - INFO - allennlp.common.util - embedder.token_embedder_tokens.transformer_model.encoder.layer.21.attention.self.key.weight
1 | 2021-07-13 08:46:42,607 - INFO - allennlp.common.util - embedder.token_embedder_tokens.transformer_model.encoder.layer.21.attention.self.key.bias
1 | 2021-07-13 08:46:42,607 - INFO - allennlp.common.util - embedder.token_embedder_tokens.transformer_model.encoder.layer.21.attention.self.value.weight
1 | 2021-07-13 08:46:42,607 - INFO - allennlp.common.util - embedder.token_embedder_tokens.transformer_model.encoder.layer.21.attention.self.value.bias
1 | 2021-07-13 08:46:42,607 - INFO - allennlp.common.util - embedder.token_embedder_tokens.transformer_model.encoder.layer.21.attention.output.dense.weight
1 | 2021-07-13 08:46:42,607 - INFO - allennlp.common.util - embedder.token_embedder_tokens.transformer_model.encoder.layer.21.attention.output.dense.bias
1 | 2021-07-13 08:46:42,607 - INFO - allennlp.common.util - embedder.token_embedder_tokens.transformer_model.encoder.layer.21.attention.output.LayerNorm.weight
1 | 2021-07-13 08:46:42,607 - INFO - allennlp.common.util - embedder.token_embedder_tokens.transformer_model.encoder.layer.21.attention.output.LayerNorm.bias
1 | 2021-07-13 08:46:42,607 - INFO - allennlp.common.util - embedder.token_embedder_tokens.transformer_model.encoder.layer.21.intermediate.dense.weight
1 | 2021-07-13 08:46:42,607 - INFO - allennlp.common.util - embedder.token_embedder_tokens.transformer_model.encoder.layer.21.intermediate.dense.bias
1 | 2021-07-13 08:46:42,607 - INFO - allennlp.common.util - embedder.token_embedder_tokens.transformer_model.encoder.layer.21.output.dense.weight
1 | 2021-07-13 08:46:42,607 - INFO - allennlp.common.util - embedder.token_embedder_tokens.transformer_model.encoder.layer.21.output.dense.bias
1 | 2021-07-13 08:46:42,607 - INFO - allennlp.common.util - embedder.token_embedder_tokens.transformer_model.encoder.layer.21.output.LayerNorm.weight
1 | 2021-07-13 08:46:42,607 - INFO - allennlp.common.util - embedder.token_embedder_tokens.transformer_model.encoder.layer.21.output.LayerNorm.bias
1 | 2021-07-13 08:46:42,608 - INFO - allennlp.common.util - embedder.token_embedder_tokens.transformer_model.encoder.layer.22.attention.self.query.weight
1 | 2021-07-13 08:46:42,608 - INFO - allennlp.common.util - embedder.token_embedder_tokens.transformer_model.encoder.layer.22.attention.self.query.bias
1 | 2021-07-13 08:46:42,608 - INFO - allennlp.common.util - embedder.token_embedder_tokens.transformer_model.encoder.layer.22.attention.self.key.weight
1 | 2021-07-13 08:46:42,608 - INFO - allennlp.common.util - embedder.token_embedder_tokens.transformer_model.encoder.layer.22.attention.self.key.bias
1 | 2021-07-13 08:46:42,608 - INFO - allennlp.common.util - embedder.token_embedder_tokens.transformer_model.encoder.layer.22.attention.self.value.weight
1 | 2021-07-13 08:46:42,608 - INFO - allennlp.common.util - embedder.token_embedder_tokens.transformer_model.encoder.layer.22.attention.self.value.bias
1 | 2021-07-13 08:46:42,608 - INFO - allennlp.common.util - embedder.token_embedder_tokens.transformer_model.encoder.layer.22.attention.output.dense.weight
1 | 2021-07-13 08:46:42,608 - INFO - allennlp.common.util - embedder.token_embedder_tokens.transformer_model.encoder.layer.22.attention.output.dense.bias
1 | 2021-07-13 08:46:42,608 - INFO - allennlp.common.util - embedder.token_embedder_tokens.transformer_model.encoder.layer.22.attention.output.LayerNorm.weight
1 | 2021-07-13 08:46:42,608 - INFO - allennlp.common.util - embedder.token_embedder_tokens.transformer_model.encoder.layer.22.attention.output.LayerNorm.bias
1 | 2021-07-13 08:46:42,608 - INFO - allennlp.common.util - embedder.token_embedder_tokens.transformer_model.encoder.layer.22.intermediate.dense.weight
1 | 2021-07-13 08:46:42,608 - INFO - allennlp.common.util - embedder.token_embedder_tokens.transformer_model.encoder.layer.22.intermediate.dense.bias
1 | 2021-07-13 08:46:42,608 - INFO - allennlp.common.util - embedder.token_embedder_tokens.transformer_model.encoder.layer.22.output.dense.weight
1 | 2021-07-13 08:46:42,608 - INFO - allennlp.common.util - embedder.token_embedder_tokens.transformer_model.encoder.layer.22.output.dense.bias
1 | 2021-07-13 08:46:42,608 - INFO - allennlp.common.util - embedder.token_embedder_tokens.transformer_model.encoder.layer.22.output.LayerNorm.weight
1 | 2021-07-13 08:46:42,608 - INFO - allennlp.common.util - embedder.token_embedder_tokens.transformer_model.encoder.layer.22.output.LayerNorm.bias
1 | 2021-07-13 08:46:42,608 - INFO - allennlp.common.util - embedder.token_embedder_tokens.transformer_model.encoder.layer.23.attention.self.query.weight
1 | 2021-07-13 08:46:42,608 - INFO - allennlp.common.util - embedder.token_embedder_tokens.transformer_model.encoder.layer.23.attention.self.query.bias
1 | 2021-07-13 08:46:42,608 - INFO - allennlp.common.util - embedder.token_embedder_tokens.transformer_model.encoder.layer.23.attention.self.key.weight
1 | 2021-07-13 08:46:42,608 - INFO - allennlp.common.util - embedder.token_embedder_tokens.transformer_model.encoder.layer.23.attention.self.key.bias
1 | 2021-07-13 08:46:42,608 - INFO - allennlp.common.util - embedder.token_embedder_tokens.transformer_model.encoder.layer.23.attention.self.value.weight
1 | 2021-07-13 08:46:42,608 - INFO - allennlp.common.util - embedder.token_embedder_tokens.transformer_model.encoder.layer.23.attention.self.value.bias
1 | 2021-07-13 08:46:42,608 - INFO - allennlp.common.util - embedder.token_embedder_tokens.transformer_model.encoder.layer.23.attention.output.dense.weight
1 | 2021-07-13 08:46:42,608 - INFO - allennlp.common.util - embedder.token_embedder_tokens.transformer_model.encoder.layer.23.attention.output.dense.bias
1 | 2021-07-13 08:46:42,609 - INFO - allennlp.common.util - embedder.token_embedder_tokens.transformer_model.encoder.layer.23.attention.output.LayerNorm.weight
1 | 2021-07-13 08:46:42,609 - INFO - allennlp.common.util - embedder.token_embedder_tokens.transformer_model.encoder.layer.23.attention.output.LayerNorm.bias
1 | 2021-07-13 08:46:42,609 - INFO - allennlp.common.util - embedder.token_embedder_tokens.transformer_model.encoder.layer.23.intermediate.dense.weight
1 | 2021-07-13 08:46:42,609 - INFO - allennlp.common.util - embedder.token_embedder_tokens.transformer_model.encoder.layer.23.intermediate.dense.bias
1 | 2021-07-13 08:46:42,609 - INFO - allennlp.common.util - embedder.token_embedder_tokens.transformer_model.encoder.layer.23.output.dense.weight
1 | 2021-07-13 08:46:42,609 - INFO - allennlp.common.util - embedder.token_embedder_tokens.transformer_model.encoder.layer.23.output.dense.bias
1 | 2021-07-13 08:46:42,609 - INFO - allennlp.common.util - embedder.token_embedder_tokens.transformer_model.encoder.layer.23.output.LayerNorm.weight
1 | 2021-07-13 08:46:42,609 - INFO - allennlp.common.util - embedder.token_embedder_tokens.transformer_model.encoder.layer.23.output.LayerNorm.bias
1 | 2021-07-13 08:46:42,609 - INFO - allennlp.common.util - embedder.token_embedder_tokens.transformer_model.pooler.dense.weight
1 | 2021-07-13 08:46:42,609 - INFO - allennlp.common.util - embedder.token_embedder_tokens.transformer_model.pooler.dense.bias
1 | 2021-07-13 08:46:42,609 - INFO - allennlp.common.util - classifier.weight
1 | 2021-07-13 08:46:42,609 - INFO - allennlp.common.util - classifier.bias
1 | 2021-07-13 08:46:42,609 - INFO - allennlp.common.params - type = default
1 | 2021-07-13 08:46:42,609 - INFO - allennlp.common.params - keep_serialized_model_every_num_seconds = None
1 | 2021-07-13 08:46:42,609 - INFO - allennlp.common.params - num_serialized_models_to_keep = 2
1 | 2021-07-13 08:46:42,609 - INFO - allennlp.common.params - model_save_interval = None
1 | 2021-07-13 08:46:42,862 - INFO - allennlp.training.trainer - Beginning training.
1 | 2021-07-13 08:46:42,862 - INFO - allennlp.training.trainer - Epoch 0/99
1 | 2021-07-13 08:46:42,865 - INFO - allennlp.training.trainer - Worker 0 memory usage: 6.1G
1 | 2021-07-13 08:46:42,865 - INFO - allennlp.training.trainer - Worker 1 memory usage: 6.1G
1 | 2021-07-13 08:46:42,866 - INFO - allennlp.training.trainer - GPU 0 memory usage: 2.4G
1 | 2021-07-13 08:46:42,866 - INFO - allennlp.training.trainer - GPU 1 memory usage: 2.4G
1 | 2021-07-13 08:46:42,867 - INFO - allennlp.training.trainer - Training
