0 | 2021-07-13 08:45:59,090 - INFO - allennlp.common.params - random_seed = 13370
0 | 2021-07-13 08:45:59,090 - INFO - allennlp.common.params - numpy_seed = 1337
0 | 2021-07-13 08:45:59,091 - INFO - allennlp.common.params - pytorch_seed = 133
0 | 2021-07-13 08:45:59,104 - INFO - allennlp.common.checks - Pytorch version: 1.8.0+cu101
0 | 2021-07-13 08:45:59,226 - INFO - root - Added key: store_based_barrier_key:1 to store for rank: 0
0 | 2021-07-13 08:45:59,227 - INFO - root - Process group of world size 2 initialized for distributed training in worker 0
0 | 2021-07-13 08:45:59,227 - INFO - allennlp.common.params - type = default
0 | 2021-07-13 08:45:59,227 - INFO - allennlp.common.params - dataset_reader.type = data_reader
0 | 2021-07-13 08:45:59,228 - INFO - allennlp.common.params - dataset_reader.max_instances = None
0 | 2021-07-13 08:45:59,228 - INFO - allennlp.common.params - dataset_reader.manual_distributed_sharding = False
0 | 2021-07-13 08:45:59,228 - INFO - allennlp.common.params - dataset_reader.manual_multiprocess_sharding = False
0 | 2021-07-13 08:45:59,228 - INFO - allennlp.common.params - dataset_reader.tokenizer.type = pretrained_transformer
0 | 2021-07-13 08:45:59,228 - INFO - allennlp.common.params - dataset_reader.tokenizer.model_name = hfl/chinese-roberta-wwm-ext-large
0 | 2021-07-13 08:45:59,228 - INFO - allennlp.common.params - dataset_reader.tokenizer.add_special_tokens = True
0 | 2021-07-13 08:45:59,229 - INFO - allennlp.common.params - dataset_reader.tokenizer.max_length = None
0 | 2021-07-13 08:45:59,229 - INFO - allennlp.common.params - dataset_reader.tokenizer.tokenizer_kwargs = None
0 | 2021-07-13 08:46:12,110 - INFO - allennlp.common.params - dataset_reader.token_indexers.tokens.type = pretrained_transformer
0 | 2021-07-13 08:46:12,110 - INFO - allennlp.common.params - dataset_reader.token_indexers.tokens.token_min_padding_length = 0
0 | 2021-07-13 08:46:12,111 - INFO - allennlp.common.params - dataset_reader.token_indexers.tokens.model_name = hfl/chinese-roberta-wwm-ext-large
0 | 2021-07-13 08:46:12,111 - INFO - allennlp.common.params - dataset_reader.token_indexers.tokens.namespace = tags
0 | 2021-07-13 08:46:12,111 - INFO - allennlp.common.params - dataset_reader.token_indexers.tokens.max_length = None
0 | 2021-07-13 08:46:12,111 - INFO - allennlp.common.params - dataset_reader.token_indexers.tokens.tokenizer_kwargs = None
0 | 2021-07-13 08:46:12,112 - INFO - allennlp.common.params - dataset_reader.max_tokens = 512
0 | 2021-07-13 08:46:12,112 - INFO - allennlp.common.params - dataset_reader.text_num = 2000
0 | 2021-07-13 08:46:12,112 - INFO - allennlp.common.params - train_data_path = ['./data/BCUT/train.txt', './data/translation_zh/translation_zh.dev.txt', './data/wiki_cut/wiki_train.txt']
0 | 2021-07-13 08:46:12,113 - INFO - allennlp.common.params - datasets_for_vocab_creation = None
0 | 2021-07-13 08:46:12,113 - INFO - allennlp.common.params - validation_dataset_reader = None
0 | 2021-07-13 08:46:12,113 - INFO - allennlp.common.params - validation_data_path = ['data/BCUT/test.txt']
0 | 2021-07-13 08:46:12,113 - INFO - allennlp.common.params - validation_data_loader = None
0 | 2021-07-13 08:46:12,113 - INFO - allennlp.common.params - test_data_path = None
0 | 2021-07-13 08:46:12,113 - INFO - allennlp.common.params - evaluate_on_test = False
0 | 2021-07-13 08:46:12,113 - INFO - allennlp.common.params - batch_weight_key = 
0 | 2021-07-13 08:46:12,113 - INFO - allennlp.common.params - data_loader.type = multiprocess
0 | 2021-07-13 08:46:12,114 - INFO - allennlp.common.params - data_loader.batch_size = None
0 | 2021-07-13 08:46:12,114 - INFO - allennlp.common.params - data_loader.drop_last = False
0 | 2021-07-13 08:46:12,114 - INFO - allennlp.common.params - data_loader.shuffle = False
0 | 2021-07-13 08:46:12,114 - INFO - allennlp.common.params - data_loader.batch_sampler.type = bucket
0 | 2021-07-13 08:46:12,114 - INFO - allennlp.common.params - data_loader.batch_sampler.batch_size = 8
0 | 2021-07-13 08:46:12,114 - INFO - allennlp.common.params - data_loader.batch_sampler.sorting_keys = ['text']
0 | 2021-07-13 08:46:12,115 - INFO - allennlp.common.params - data_loader.batch_sampler.padding_noise = 0.1
0 | 2021-07-13 08:46:12,115 - INFO - allennlp.common.params - data_loader.batch_sampler.drop_last = False
0 | 2021-07-13 08:46:12,115 - INFO - allennlp.common.params - data_loader.batches_per_epoch = None
0 | 2021-07-13 08:46:12,115 - INFO - allennlp.common.params - data_loader.num_workers = 8
0 | 2021-07-13 08:46:12,115 - INFO - allennlp.common.params - data_loader.max_instances_in_memory = None
0 | 2021-07-13 08:46:12,115 - INFO - allennlp.common.params - data_loader.start_method = fork
0 | 2021-07-13 08:46:12,115 - INFO - allennlp.common.params - data_loader.cuda_device = None
0 | 2021-07-13 08:46:12,115 - INFO - allennlp.common.params - data_loader.quiet = False
0 | 2021-07-13 08:46:12,157 - INFO - tqdm - loading instances: 0it [00:00, ?it/s]
0 | 2021-07-13 08:46:22,259 - INFO - tqdm - loading instances: 2150it [00:10, 289.28it/s]
0 | 2021-07-13 08:46:24,801 - INFO - allennlp.common.params - data_loader.type = multiprocess
0 | 2021-07-13 08:46:24,802 - INFO - allennlp.common.params - data_loader.batch_size = None
0 | 2021-07-13 08:46:24,802 - INFO - allennlp.common.params - data_loader.drop_last = False
0 | 2021-07-13 08:46:24,802 - INFO - allennlp.common.params - data_loader.shuffle = False
0 | 2021-07-13 08:46:24,802 - INFO - allennlp.common.params - data_loader.batch_sampler.type = bucket
0 | 2021-07-13 08:46:24,803 - INFO - allennlp.common.params - data_loader.batch_sampler.batch_size = 8
0 | 2021-07-13 08:46:24,803 - INFO - allennlp.common.params - data_loader.batch_sampler.sorting_keys = ['text']
0 | 2021-07-13 08:46:24,803 - INFO - allennlp.common.params - data_loader.batch_sampler.padding_noise = 0.1
0 | 2021-07-13 08:46:24,803 - INFO - allennlp.common.params - data_loader.batch_sampler.drop_last = False
0 | 2021-07-13 08:46:24,803 - INFO - allennlp.common.params - data_loader.batches_per_epoch = None
0 | 2021-07-13 08:46:24,803 - INFO - allennlp.common.params - data_loader.num_workers = 8
0 | 2021-07-13 08:46:24,803 - INFO - allennlp.common.params - data_loader.max_instances_in_memory = None
0 | 2021-07-13 08:46:24,803 - INFO - allennlp.common.params - data_loader.start_method = fork
0 | 2021-07-13 08:46:24,804 - INFO - allennlp.common.params - data_loader.cuda_device = None
0 | 2021-07-13 08:46:24,804 - INFO - allennlp.common.params - data_loader.quiet = False
0 | 2021-07-13 08:46:24,887 - INFO - tqdm - loading instances: 0it [00:00, ?it/s]
0 | 2021-07-13 08:46:25,642 - INFO - allennlp.common.params - vocabulary.type = from_files
0 | 2021-07-13 08:46:25,642 - INFO - allennlp.common.params - vocabulary.directory = save/vocabulary
0 | 2021-07-13 08:46:25,643 - INFO - allennlp.common.params - vocabulary.padding_token = @@PADDING@@
0 | 2021-07-13 08:46:25,643 - INFO - allennlp.common.params - vocabulary.oov_token = @@UNKNOWN@@
0 | 2021-07-13 08:46:25,643 - INFO - allennlp.data.vocabulary - Loading token dictionary from save/vocabulary.
0 | 2021-07-13 08:46:25,650 - INFO - filelock - Lock 139753487800112 acquired on save/vocabulary/.lock
0 | 2021-07-13 08:46:25,666 - INFO - filelock - Lock 139753487800112 released on save/vocabulary/.lock
0 | 2021-07-13 08:46:25,666 - INFO - allennlp.common.params - model.type = tagger
0 | 2021-07-13 08:46:25,667 - INFO - allennlp.common.params - model.embedder.type = basic
0 | 2021-07-13 08:46:25,667 - INFO - allennlp.common.params - model.embedder.token_embedders.tokens.type = pretrained_transformer
0 | 2021-07-13 08:46:25,668 - INFO - allennlp.common.params - model.embedder.token_embedders.tokens.model_name = hfl/chinese-roberta-wwm-ext-large
0 | 2021-07-13 08:46:25,668 - INFO - allennlp.common.params - model.embedder.token_embedders.tokens.max_length = None
0 | 2021-07-13 08:46:25,668 - INFO - allennlp.common.params - model.embedder.token_embedders.tokens.sub_module = None
0 | 2021-07-13 08:46:25,668 - INFO - allennlp.common.params - model.embedder.token_embedders.tokens.train_parameters = True
0 | 2021-07-13 08:46:25,668 - INFO - allennlp.common.params - model.embedder.token_embedders.tokens.eval_mode = False
0 | 2021-07-13 08:46:25,668 - INFO - allennlp.common.params - model.embedder.token_embedders.tokens.last_layer_only = True
0 | 2021-07-13 08:46:25,668 - INFO - allennlp.common.params - model.embedder.token_embedders.tokens.override_weights_file = None
0 | 2021-07-13 08:46:25,668 - INFO - allennlp.common.params - model.embedder.token_embedders.tokens.override_weights_strip_prefix = None
0 | 2021-07-13 08:46:25,668 - INFO - allennlp.common.params - model.embedder.token_embedders.tokens.gradient_checkpointing = None
0 | 2021-07-13 08:46:25,668 - INFO - allennlp.common.params - model.embedder.token_embedders.tokens.tokenizer_kwargs = None
0 | 2021-07-13 08:46:25,669 - INFO - allennlp.common.params - model.embedder.token_embedders.tokens.transformer_kwargs = None
0 | 2021-07-13 08:46:38,349 - INFO - allennlp.common.params - model.threshold = 0.5
0 | 2021-07-13 08:46:38,357 - WARNING - allennlp.data.vocabulary - vocabulary serialization directory save/vocabulary is not empty
0 | 2021-07-13 08:46:38,366 - INFO - filelock - Lock 139753487798960 acquired on save/vocabulary/.lock
0 | 2021-07-13 08:46:38,451 - INFO - filelock - Lock 139753487798960 released on save/vocabulary/.lock
0 | 2021-07-13 08:46:39,212 - INFO - allennlp.common.params - trainer.type = gradient_descent
0 | 2021-07-13 08:46:39,212 - INFO - allennlp.common.params - trainer.patience = 20
0 | 2021-07-13 08:46:39,213 - INFO - allennlp.common.params - trainer.validation_metric = +f1
0 | 2021-07-13 08:46:39,213 - INFO - allennlp.common.params - trainer.num_epochs = 100
0 | 2021-07-13 08:46:39,213 - INFO - allennlp.common.params - trainer.cuda_device = 0
0 | 2021-07-13 08:46:39,213 - INFO - allennlp.common.params - trainer.grad_norm = None
0 | 2021-07-13 08:46:39,213 - INFO - allennlp.common.params - trainer.grad_clipping = None
0 | 2021-07-13 08:46:39,214 - INFO - allennlp.common.params - trainer.distributed = True
0 | 2021-07-13 08:46:39,214 - INFO - allennlp.common.params - trainer.world_size = 2
0 | 2021-07-13 08:46:39,214 - INFO - allennlp.common.params - trainer.num_gradient_accumulation_steps = 1
0 | 2021-07-13 08:46:39,214 - INFO - allennlp.common.params - trainer.use_amp = False
0 | 2021-07-13 08:46:39,214 - INFO - allennlp.common.params - trainer.no_grad = None
0 | 2021-07-13 08:46:39,215 - INFO - allennlp.common.params - trainer.learning_rate_scheduler = None
0 | 2021-07-13 08:46:39,215 - INFO - allennlp.common.params - trainer.momentum_scheduler = None
0 | 2021-07-13 08:46:39,215 - INFO - allennlp.common.params - trainer.moving_average = None
0 | 2021-07-13 08:46:39,215 - INFO - allennlp.common.params - trainer.checkpointer = <allennlp.common.lazy.Lazy object at 0x7f1aedac7130>
0 | 2021-07-13 08:46:39,215 - INFO - allennlp.common.params - trainer.callbacks = None
0 | 2021-07-13 08:46:39,215 - INFO - allennlp.common.params - trainer.enable_default_callbacks = True
0 | 2021-07-13 08:46:39,215 - INFO - allennlp.common.params - trainer.run_sanity_checks = True
0 | 2021-07-13 08:46:42,543 - INFO - allennlp.common.params - trainer.optimizer.type = huggingface_adamw
0 | 2021-07-13 08:46:42,546 - INFO - allennlp.common.params - trainer.optimizer.parameter_groups = None
0 | 2021-07-13 08:46:42,546 - INFO - allennlp.common.params - trainer.optimizer.lr = 1e-05
0 | 2021-07-13 08:46:42,547 - INFO - allennlp.common.params - trainer.optimizer.betas = (0.9, 0.999)
0 | 2021-07-13 08:46:42,547 - INFO - allennlp.common.params - trainer.optimizer.eps = 1e-08
0 | 2021-07-13 08:46:42,547 - INFO - allennlp.common.params - trainer.optimizer.weight_decay = 0.0
0 | 2021-07-13 08:46:42,547 - INFO - allennlp.common.params - trainer.optimizer.correct_bias = True
0 | 2021-07-13 08:46:42,547 - INFO - allennlp.training.optimizers - Number of trainable parameters: 325523457
0 | 2021-07-13 08:46:42,548 - INFO - allennlp.common.util - The following parameters are Frozen (without gradient):
0 | 2021-07-13 08:46:42,550 - INFO - allennlp.common.util - The following parameters are Tunable (with gradient):
0 | 2021-07-13 08:46:42,550 - INFO - allennlp.common.util - embedder.token_embedder_tokens.transformer_model.embeddings.word_embeddings.weight
0 | 2021-07-13 08:46:42,550 - INFO - allennlp.common.util - embedder.token_embedder_tokens.transformer_model.embeddings.position_embeddings.weight
0 | 2021-07-13 08:46:42,550 - INFO - allennlp.common.util - embedder.token_embedder_tokens.transformer_model.embeddings.token_type_embeddings.weight
0 | 2021-07-13 08:46:42,550 - INFO - allennlp.common.util - embedder.token_embedder_tokens.transformer_model.embeddings.LayerNorm.weight
0 | 2021-07-13 08:46:42,550 - INFO - allennlp.common.util - embedder.token_embedder_tokens.transformer_model.embeddings.LayerNorm.bias
0 | 2021-07-13 08:46:42,550 - INFO - allennlp.common.util - embedder.token_embedder_tokens.transformer_model.encoder.layer.0.attention.self.query.weight
0 | 2021-07-13 08:46:42,550 - INFO - allennlp.common.util - embedder.token_embedder_tokens.transformer_model.encoder.layer.0.attention.self.query.bias
0 | 2021-07-13 08:46:42,550 - INFO - allennlp.common.util - embedder.token_embedder_tokens.transformer_model.encoder.layer.0.attention.self.key.weight
0 | 2021-07-13 08:46:42,551 - INFO - allennlp.common.util - embedder.token_embedder_tokens.transformer_model.encoder.layer.0.attention.self.key.bias
0 | 2021-07-13 08:46:42,551 - INFO - allennlp.common.util - embedder.token_embedder_tokens.transformer_model.encoder.layer.0.attention.self.value.weight
0 | 2021-07-13 08:46:42,551 - INFO - allennlp.common.util - embedder.token_embedder_tokens.transformer_model.encoder.layer.0.attention.self.value.bias
0 | 2021-07-13 08:46:42,551 - INFO - allennlp.common.util - embedder.token_embedder_tokens.transformer_model.encoder.layer.0.attention.output.dense.weight
0 | 2021-07-13 08:46:42,551 - INFO - allennlp.common.util - embedder.token_embedder_tokens.transformer_model.encoder.layer.0.attention.output.dense.bias
0 | 2021-07-13 08:46:42,551 - INFO - allennlp.common.util - embedder.token_embedder_tokens.transformer_model.encoder.layer.0.attention.output.LayerNorm.weight
0 | 2021-07-13 08:46:42,551 - INFO - allennlp.common.util - embedder.token_embedder_tokens.transformer_model.encoder.layer.0.attention.output.LayerNorm.bias
0 | 2021-07-13 08:46:42,551 - INFO - allennlp.common.util - embedder.token_embedder_tokens.transformer_model.encoder.layer.0.intermediate.dense.weight
0 | 2021-07-13 08:46:42,551 - INFO - allennlp.common.util - embedder.token_embedder_tokens.transformer_model.encoder.layer.0.intermediate.dense.bias
0 | 2021-07-13 08:46:42,551 - INFO - allennlp.common.util - embedder.token_embedder_tokens.transformer_model.encoder.layer.0.output.dense.weight
0 | 2021-07-13 08:46:42,551 - INFO - allennlp.common.util - embedder.token_embedder_tokens.transformer_model.encoder.layer.0.output.dense.bias
0 | 2021-07-13 08:46:42,551 - INFO - allennlp.common.util - embedder.token_embedder_tokens.transformer_model.encoder.layer.0.output.LayerNorm.weight
0 | 2021-07-13 08:46:42,551 - INFO - allennlp.common.util - embedder.token_embedder_tokens.transformer_model.encoder.layer.0.output.LayerNorm.bias
0 | 2021-07-13 08:46:42,551 - INFO - allennlp.common.util - embedder.token_embedder_tokens.transformer_model.encoder.layer.1.attention.self.query.weight
0 | 2021-07-13 08:46:42,551 - INFO - allennlp.common.util - embedder.token_embedder_tokens.transformer_model.encoder.layer.1.attention.self.query.bias
0 | 2021-07-13 08:46:42,552 - INFO - allennlp.common.util - embedder.token_embedder_tokens.transformer_model.encoder.layer.1.attention.self.key.weight
0 | 2021-07-13 08:46:42,552 - INFO - allennlp.common.util - embedder.token_embedder_tokens.transformer_model.encoder.layer.1.attention.self.key.bias
0 | 2021-07-13 08:46:42,552 - INFO - allennlp.common.util - embedder.token_embedder_tokens.transformer_model.encoder.layer.1.attention.self.value.weight
0 | 2021-07-13 08:46:42,552 - INFO - allennlp.common.util - embedder.token_embedder_tokens.transformer_model.encoder.layer.1.attention.self.value.bias
0 | 2021-07-13 08:46:42,552 - INFO - allennlp.common.util - embedder.token_embedder_tokens.transformer_model.encoder.layer.1.attention.output.dense.weight
0 | 2021-07-13 08:46:42,552 - INFO - allennlp.common.util - embedder.token_embedder_tokens.transformer_model.encoder.layer.1.attention.output.dense.bias
0 | 2021-07-13 08:46:42,552 - INFO - allennlp.common.util - embedder.token_embedder_tokens.transformer_model.encoder.layer.1.attention.output.LayerNorm.weight
0 | 2021-07-13 08:46:42,552 - INFO - allennlp.common.util - embedder.token_embedder_tokens.transformer_model.encoder.layer.1.attention.output.LayerNorm.bias
0 | 2021-07-13 08:46:42,552 - INFO - allennlp.common.util - embedder.token_embedder_tokens.transformer_model.encoder.layer.1.intermediate.dense.weight
0 | 2021-07-13 08:46:42,552 - INFO - allennlp.common.util - embedder.token_embedder_tokens.transformer_model.encoder.layer.1.intermediate.dense.bias
0 | 2021-07-13 08:46:42,552 - INFO - allennlp.common.util - embedder.token_embedder_tokens.transformer_model.encoder.layer.1.output.dense.weight
0 | 2021-07-13 08:46:42,552 - INFO - allennlp.common.util - embedder.token_embedder_tokens.transformer_model.encoder.layer.1.output.dense.bias
0 | 2021-07-13 08:46:42,552 - INFO - allennlp.common.util - embedder.token_embedder_tokens.transformer_model.encoder.layer.1.output.LayerNorm.weight
0 | 2021-07-13 08:46:42,552 - INFO - allennlp.common.util - embedder.token_embedder_tokens.transformer_model.encoder.layer.1.output.LayerNorm.bias
0 | 2021-07-13 08:46:42,552 - INFO - allennlp.common.util - embedder.token_embedder_tokens.transformer_model.encoder.layer.2.attention.self.query.weight
0 | 2021-07-13 08:46:42,553 - INFO - allennlp.common.util - embedder.token_embedder_tokens.transformer_model.encoder.layer.2.attention.self.query.bias
0 | 2021-07-13 08:46:42,553 - INFO - allennlp.common.util - embedder.token_embedder_tokens.transformer_model.encoder.layer.2.attention.self.key.weight
0 | 2021-07-13 08:46:42,553 - INFO - allennlp.common.util - embedder.token_embedder_tokens.transformer_model.encoder.layer.2.attention.self.key.bias
0 | 2021-07-13 08:46:42,553 - INFO - allennlp.common.util - embedder.token_embedder_tokens.transformer_model.encoder.layer.2.attention.self.value.weight
0 | 2021-07-13 08:46:42,553 - INFO - allennlp.common.util - embedder.token_embedder_tokens.transformer_model.encoder.layer.2.attention.self.value.bias
0 | 2021-07-13 08:46:42,553 - INFO - allennlp.common.util - embedder.token_embedder_tokens.transformer_model.encoder.layer.2.attention.output.dense.weight
0 | 2021-07-13 08:46:42,553 - INFO - allennlp.common.util - embedder.token_embedder_tokens.transformer_model.encoder.layer.2.attention.output.dense.bias
0 | 2021-07-13 08:46:42,553 - INFO - allennlp.common.util - embedder.token_embedder_tokens.transformer_model.encoder.layer.2.attention.output.LayerNorm.weight
0 | 2021-07-13 08:46:42,553 - INFO - allennlp.common.util - embedder.token_embedder_tokens.transformer_model.encoder.layer.2.attention.output.LayerNorm.bias
0 | 2021-07-13 08:46:42,553 - INFO - allennlp.common.util - embedder.token_embedder_tokens.transformer_model.encoder.layer.2.intermediate.dense.weight
0 | 2021-07-13 08:46:42,553 - INFO - allennlp.common.util - embedder.token_embedder_tokens.transformer_model.encoder.layer.2.intermediate.dense.bias
0 | 2021-07-13 08:46:42,553 - INFO - allennlp.common.util - embedder.token_embedder_tokens.transformer_model.encoder.layer.2.output.dense.weight
0 | 2021-07-13 08:46:42,553 - INFO - allennlp.common.util - embedder.token_embedder_tokens.transformer_model.encoder.layer.2.output.dense.bias
0 | 2021-07-13 08:46:42,553 - INFO - allennlp.common.util - embedder.token_embedder_tokens.transformer_model.encoder.layer.2.output.LayerNorm.weight
0 | 2021-07-13 08:46:42,553 - INFO - allennlp.common.util - embedder.token_embedder_tokens.transformer_model.encoder.layer.2.output.LayerNorm.bias
0 | 2021-07-13 08:46:42,553 - INFO - allennlp.common.util - embedder.token_embedder_tokens.transformer_model.encoder.layer.3.attention.self.query.weight
0 | 2021-07-13 08:46:42,554 - INFO - allennlp.common.util - embedder.token_embedder_tokens.transformer_model.encoder.layer.3.attention.self.query.bias
0 | 2021-07-13 08:46:42,554 - INFO - allennlp.common.util - embedder.token_embedder_tokens.transformer_model.encoder.layer.3.attention.self.key.weight
0 | 2021-07-13 08:46:42,554 - INFO - allennlp.common.util - embedder.token_embedder_tokens.transformer_model.encoder.layer.3.attention.self.key.bias
0 | 2021-07-13 08:46:42,554 - INFO - allennlp.common.util - embedder.token_embedder_tokens.transformer_model.encoder.layer.3.attention.self.value.weight
0 | 2021-07-13 08:46:42,554 - INFO - allennlp.common.util - embedder.token_embedder_tokens.transformer_model.encoder.layer.3.attention.self.value.bias
0 | 2021-07-13 08:46:42,554 - INFO - allennlp.common.util - embedder.token_embedder_tokens.transformer_model.encoder.layer.3.attention.output.dense.weight
0 | 2021-07-13 08:46:42,554 - INFO - allennlp.common.util - embedder.token_embedder_tokens.transformer_model.encoder.layer.3.attention.output.dense.bias
0 | 2021-07-13 08:46:42,554 - INFO - allennlp.common.util - embedder.token_embedder_tokens.transformer_model.encoder.layer.3.attention.output.LayerNorm.weight
0 | 2021-07-13 08:46:42,554 - INFO - allennlp.common.util - embedder.token_embedder_tokens.transformer_model.encoder.layer.3.attention.output.LayerNorm.bias
0 | 2021-07-13 08:46:42,554 - INFO - allennlp.common.util - embedder.token_embedder_tokens.transformer_model.encoder.layer.3.intermediate.dense.weight
0 | 2021-07-13 08:46:42,554 - INFO - allennlp.common.util - embedder.token_embedder_tokens.transformer_model.encoder.layer.3.intermediate.dense.bias
0 | 2021-07-13 08:46:42,554 - INFO - allennlp.common.util - embedder.token_embedder_tokens.transformer_model.encoder.layer.3.output.dense.weight
0 | 2021-07-13 08:46:42,554 - INFO - allennlp.common.util - embedder.token_embedder_tokens.transformer_model.encoder.layer.3.output.dense.bias
0 | 2021-07-13 08:46:42,554 - INFO - allennlp.common.util - embedder.token_embedder_tokens.transformer_model.encoder.layer.3.output.LayerNorm.weight
0 | 2021-07-13 08:46:42,554 - INFO - allennlp.common.util - embedder.token_embedder_tokens.transformer_model.encoder.layer.3.output.LayerNorm.bias
0 | 2021-07-13 08:46:42,555 - INFO - allennlp.common.util - embedder.token_embedder_tokens.transformer_model.encoder.layer.4.attention.self.query.weight
0 | 2021-07-13 08:46:42,555 - INFO - allennlp.common.util - embedder.token_embedder_tokens.transformer_model.encoder.layer.4.attention.self.query.bias
0 | 2021-07-13 08:46:42,555 - INFO - allennlp.common.util - embedder.token_embedder_tokens.transformer_model.encoder.layer.4.attention.self.key.weight
0 | 2021-07-13 08:46:42,555 - INFO - allennlp.common.util - embedder.token_embedder_tokens.transformer_model.encoder.layer.4.attention.self.key.bias
0 | 2021-07-13 08:46:42,555 - INFO - allennlp.common.util - embedder.token_embedder_tokens.transformer_model.encoder.layer.4.attention.self.value.weight
0 | 2021-07-13 08:46:42,555 - INFO - allennlp.common.util - embedder.token_embedder_tokens.transformer_model.encoder.layer.4.attention.self.value.bias
0 | 2021-07-13 08:46:42,555 - INFO - allennlp.common.util - embedder.token_embedder_tokens.transformer_model.encoder.layer.4.attention.output.dense.weight
0 | 2021-07-13 08:46:42,555 - INFO - allennlp.common.util - embedder.token_embedder_tokens.transformer_model.encoder.layer.4.attention.output.dense.bias
0 | 2021-07-13 08:46:42,555 - INFO - allennlp.common.util - embedder.token_embedder_tokens.transformer_model.encoder.layer.4.attention.output.LayerNorm.weight
0 | 2021-07-13 08:46:42,555 - INFO - allennlp.common.util - embedder.token_embedder_tokens.transformer_model.encoder.layer.4.attention.output.LayerNorm.bias
0 | 2021-07-13 08:46:42,555 - INFO - allennlp.common.util - embedder.token_embedder_tokens.transformer_model.encoder.layer.4.intermediate.dense.weight
0 | 2021-07-13 08:46:42,555 - INFO - allennlp.common.util - embedder.token_embedder_tokens.transformer_model.encoder.layer.4.intermediate.dense.bias
0 | 2021-07-13 08:46:42,555 - INFO - allennlp.common.util - embedder.token_embedder_tokens.transformer_model.encoder.layer.4.output.dense.weight
0 | 2021-07-13 08:46:42,555 - INFO - allennlp.common.util - embedder.token_embedder_tokens.transformer_model.encoder.layer.4.output.dense.bias
0 | 2021-07-13 08:46:42,555 - INFO - allennlp.common.util - embedder.token_embedder_tokens.transformer_model.encoder.layer.4.output.LayerNorm.weight
0 | 2021-07-13 08:46:42,556 - INFO - allennlp.common.util - embedder.token_embedder_tokens.transformer_model.encoder.layer.4.output.LayerNorm.bias
0 | 2021-07-13 08:46:42,556 - INFO - allennlp.common.util - embedder.token_embedder_tokens.transformer_model.encoder.layer.5.attention.self.query.weight
0 | 2021-07-13 08:46:42,556 - INFO - allennlp.common.util - embedder.token_embedder_tokens.transformer_model.encoder.layer.5.attention.self.query.bias
0 | 2021-07-13 08:46:42,556 - INFO - allennlp.common.util - embedder.token_embedder_tokens.transformer_model.encoder.layer.5.attention.self.key.weight
0 | 2021-07-13 08:46:42,556 - INFO - allennlp.common.util - embedder.token_embedder_tokens.transformer_model.encoder.layer.5.attention.self.key.bias
0 | 2021-07-13 08:46:42,556 - INFO - allennlp.common.util - embedder.token_embedder_tokens.transformer_model.encoder.layer.5.attention.self.value.weight
0 | 2021-07-13 08:46:42,556 - INFO - allennlp.common.util - embedder.token_embedder_tokens.transformer_model.encoder.layer.5.attention.self.value.bias
0 | 2021-07-13 08:46:42,556 - INFO - allennlp.common.util - embedder.token_embedder_tokens.transformer_model.encoder.layer.5.attention.output.dense.weight
0 | 2021-07-13 08:46:42,556 - INFO - allennlp.common.util - embedder.token_embedder_tokens.transformer_model.encoder.layer.5.attention.output.dense.bias
0 | 2021-07-13 08:46:42,556 - INFO - allennlp.common.util - embedder.token_embedder_tokens.transformer_model.encoder.layer.5.attention.output.LayerNorm.weight
0 | 2021-07-13 08:46:42,556 - INFO - allennlp.common.util - embedder.token_embedder_tokens.transformer_model.encoder.layer.5.attention.output.LayerNorm.bias
0 | 2021-07-13 08:46:42,556 - INFO - allennlp.common.util - embedder.token_embedder_tokens.transformer_model.encoder.layer.5.intermediate.dense.weight
0 | 2021-07-13 08:46:42,556 - INFO - allennlp.common.util - embedder.token_embedder_tokens.transformer_model.encoder.layer.5.intermediate.dense.bias
0 | 2021-07-13 08:46:42,556 - INFO - allennlp.common.util - embedder.token_embedder_tokens.transformer_model.encoder.layer.5.output.dense.weight
0 | 2021-07-13 08:46:42,556 - INFO - allennlp.common.util - embedder.token_embedder_tokens.transformer_model.encoder.layer.5.output.dense.bias
0 | 2021-07-13 08:46:42,556 - INFO - allennlp.common.util - embedder.token_embedder_tokens.transformer_model.encoder.layer.5.output.LayerNorm.weight
0 | 2021-07-13 08:46:42,557 - INFO - allennlp.common.util - embedder.token_embedder_tokens.transformer_model.encoder.layer.5.output.LayerNorm.bias
0 | 2021-07-13 08:46:42,557 - INFO - allennlp.common.util - embedder.token_embedder_tokens.transformer_model.encoder.layer.6.attention.self.query.weight
0 | 2021-07-13 08:46:42,557 - INFO - allennlp.common.util - embedder.token_embedder_tokens.transformer_model.encoder.layer.6.attention.self.query.bias
0 | 2021-07-13 08:46:42,557 - INFO - allennlp.common.util - embedder.token_embedder_tokens.transformer_model.encoder.layer.6.attention.self.key.weight
0 | 2021-07-13 08:46:42,557 - INFO - allennlp.common.util - embedder.token_embedder_tokens.transformer_model.encoder.layer.6.attention.self.key.bias
0 | 2021-07-13 08:46:42,557 - INFO - allennlp.common.util - embedder.token_embedder_tokens.transformer_model.encoder.layer.6.attention.self.value.weight
0 | 2021-07-13 08:46:42,557 - INFO - allennlp.common.util - embedder.token_embedder_tokens.transformer_model.encoder.layer.6.attention.self.value.bias
0 | 2021-07-13 08:46:42,557 - INFO - allennlp.common.util - embedder.token_embedder_tokens.transformer_model.encoder.layer.6.attention.output.dense.weight
0 | 2021-07-13 08:46:42,557 - INFO - allennlp.common.util - embedder.token_embedder_tokens.transformer_model.encoder.layer.6.attention.output.dense.bias
0 | 2021-07-13 08:46:42,557 - INFO - allennlp.common.util - embedder.token_embedder_tokens.transformer_model.encoder.layer.6.attention.output.LayerNorm.weight
0 | 2021-07-13 08:46:42,557 - INFO - allennlp.common.util - embedder.token_embedder_tokens.transformer_model.encoder.layer.6.attention.output.LayerNorm.bias
0 | 2021-07-13 08:46:42,557 - INFO - allennlp.common.util - embedder.token_embedder_tokens.transformer_model.encoder.layer.6.intermediate.dense.weight
0 | 2021-07-13 08:46:42,557 - INFO - allennlp.common.util - embedder.token_embedder_tokens.transformer_model.encoder.layer.6.intermediate.dense.bias
0 | 2021-07-13 08:46:42,557 - INFO - allennlp.common.util - embedder.token_embedder_tokens.transformer_model.encoder.layer.6.output.dense.weight
0 | 2021-07-13 08:46:42,557 - INFO - allennlp.common.util - embedder.token_embedder_tokens.transformer_model.encoder.layer.6.output.dense.bias
0 | 2021-07-13 08:46:42,558 - INFO - allennlp.common.util - embedder.token_embedder_tokens.transformer_model.encoder.layer.6.output.LayerNorm.weight
0 | 2021-07-13 08:46:42,558 - INFO - allennlp.common.util - embedder.token_embedder_tokens.transformer_model.encoder.layer.6.output.LayerNorm.bias
0 | 2021-07-13 08:46:42,558 - INFO - allennlp.common.util - embedder.token_embedder_tokens.transformer_model.encoder.layer.7.attention.self.query.weight
0 | 2021-07-13 08:46:42,558 - INFO - allennlp.common.util - embedder.token_embedder_tokens.transformer_model.encoder.layer.7.attention.self.query.bias
0 | 2021-07-13 08:46:42,558 - INFO - allennlp.common.util - embedder.token_embedder_tokens.transformer_model.encoder.layer.7.attention.self.key.weight
0 | 2021-07-13 08:46:42,558 - INFO - allennlp.common.util - embedder.token_embedder_tokens.transformer_model.encoder.layer.7.attention.self.key.bias
0 | 2021-07-13 08:46:42,558 - INFO - allennlp.common.util - embedder.token_embedder_tokens.transformer_model.encoder.layer.7.attention.self.value.weight
0 | 2021-07-13 08:46:42,558 - INFO - allennlp.common.util - embedder.token_embedder_tokens.transformer_model.encoder.layer.7.attention.self.value.bias
0 | 2021-07-13 08:46:42,558 - INFO - allennlp.common.util - embedder.token_embedder_tokens.transformer_model.encoder.layer.7.attention.output.dense.weight
0 | 2021-07-13 08:46:42,558 - INFO - allennlp.common.util - embedder.token_embedder_tokens.transformer_model.encoder.layer.7.attention.output.dense.bias
0 | 2021-07-13 08:46:42,558 - INFO - allennlp.common.util - embedder.token_embedder_tokens.transformer_model.encoder.layer.7.attention.output.LayerNorm.weight
0 | 2021-07-13 08:46:42,558 - INFO - allennlp.common.util - embedder.token_embedder_tokens.transformer_model.encoder.layer.7.attention.output.LayerNorm.bias
0 | 2021-07-13 08:46:42,558 - INFO - allennlp.common.util - embedder.token_embedder_tokens.transformer_model.encoder.layer.7.intermediate.dense.weight
0 | 2021-07-13 08:46:42,558 - INFO - allennlp.common.util - embedder.token_embedder_tokens.transformer_model.encoder.layer.7.intermediate.dense.bias
0 | 2021-07-13 08:46:42,558 - INFO - allennlp.common.util - embedder.token_embedder_tokens.transformer_model.encoder.layer.7.output.dense.weight
0 | 2021-07-13 08:46:42,558 - INFO - allennlp.common.util - embedder.token_embedder_tokens.transformer_model.encoder.layer.7.output.dense.bias
0 | 2021-07-13 08:46:42,559 - INFO - allennlp.common.util - embedder.token_embedder_tokens.transformer_model.encoder.layer.7.output.LayerNorm.weight
0 | 2021-07-13 08:46:42,559 - INFO - allennlp.common.util - embedder.token_embedder_tokens.transformer_model.encoder.layer.7.output.LayerNorm.bias
0 | 2021-07-13 08:46:42,559 - INFO - allennlp.common.util - embedder.token_embedder_tokens.transformer_model.encoder.layer.8.attention.self.query.weight
0 | 2021-07-13 08:46:42,559 - INFO - allennlp.common.util - embedder.token_embedder_tokens.transformer_model.encoder.layer.8.attention.self.query.bias
0 | 2021-07-13 08:46:42,559 - INFO - allennlp.common.util - embedder.token_embedder_tokens.transformer_model.encoder.layer.8.attention.self.key.weight
0 | 2021-07-13 08:46:42,559 - INFO - allennlp.common.util - embedder.token_embedder_tokens.transformer_model.encoder.layer.8.attention.self.key.bias
0 | 2021-07-13 08:46:42,559 - INFO - allennlp.common.util - embedder.token_embedder_tokens.transformer_model.encoder.layer.8.attention.self.value.weight
0 | 2021-07-13 08:46:42,559 - INFO - allennlp.common.util - embedder.token_embedder_tokens.transformer_model.encoder.layer.8.attention.self.value.bias
0 | 2021-07-13 08:46:42,559 - INFO - allennlp.common.util - embedder.token_embedder_tokens.transformer_model.encoder.layer.8.attention.output.dense.weight
0 | 2021-07-13 08:46:42,559 - INFO - allennlp.common.util - embedder.token_embedder_tokens.transformer_model.encoder.layer.8.attention.output.dense.bias
0 | 2021-07-13 08:46:42,559 - INFO - allennlp.common.util - embedder.token_embedder_tokens.transformer_model.encoder.layer.8.attention.output.LayerNorm.weight
0 | 2021-07-13 08:46:42,559 - INFO - allennlp.common.util - embedder.token_embedder_tokens.transformer_model.encoder.layer.8.attention.output.LayerNorm.bias
0 | 2021-07-13 08:46:42,559 - INFO - allennlp.common.util - embedder.token_embedder_tokens.transformer_model.encoder.layer.8.intermediate.dense.weight
0 | 2021-07-13 08:46:42,559 - INFO - allennlp.common.util - embedder.token_embedder_tokens.transformer_model.encoder.layer.8.intermediate.dense.bias
0 | 2021-07-13 08:46:42,560 - INFO - allennlp.common.util - embedder.token_embedder_tokens.transformer_model.encoder.layer.8.output.dense.weight
0 | 2021-07-13 08:46:42,560 - INFO - allennlp.common.util - embedder.token_embedder_tokens.transformer_model.encoder.layer.8.output.dense.bias
0 | 2021-07-13 08:46:42,560 - INFO - allennlp.common.util - embedder.token_embedder_tokens.transformer_model.encoder.layer.8.output.LayerNorm.weight
0 | 2021-07-13 08:46:42,560 - INFO - allennlp.common.util - embedder.token_embedder_tokens.transformer_model.encoder.layer.8.output.LayerNorm.bias
0 | 2021-07-13 08:46:42,560 - INFO - allennlp.common.util - embedder.token_embedder_tokens.transformer_model.encoder.layer.9.attention.self.query.weight
0 | 2021-07-13 08:46:42,560 - INFO - allennlp.common.util - embedder.token_embedder_tokens.transformer_model.encoder.layer.9.attention.self.query.bias
0 | 2021-07-13 08:46:42,560 - INFO - allennlp.common.util - embedder.token_embedder_tokens.transformer_model.encoder.layer.9.attention.self.key.weight
0 | 2021-07-13 08:46:42,560 - INFO - allennlp.common.util - embedder.token_embedder_tokens.transformer_model.encoder.layer.9.attention.self.key.bias
0 | 2021-07-13 08:46:42,560 - INFO - allennlp.common.util - embedder.token_embedder_tokens.transformer_model.encoder.layer.9.attention.self.value.weight
0 | 2021-07-13 08:46:42,560 - INFO - allennlp.common.util - embedder.token_embedder_tokens.transformer_model.encoder.layer.9.attention.self.value.bias
0 | 2021-07-13 08:46:42,560 - INFO - allennlp.common.util - embedder.token_embedder_tokens.transformer_model.encoder.layer.9.attention.output.dense.weight
0 | 2021-07-13 08:46:42,560 - INFO - allennlp.common.util - embedder.token_embedder_tokens.transformer_model.encoder.layer.9.attention.output.dense.bias
0 | 2021-07-13 08:46:42,560 - INFO - allennlp.common.util - embedder.token_embedder_tokens.transformer_model.encoder.layer.9.attention.output.LayerNorm.weight
0 | 2021-07-13 08:46:42,560 - INFO - allennlp.common.util - embedder.token_embedder_tokens.transformer_model.encoder.layer.9.attention.output.LayerNorm.bias
0 | 2021-07-13 08:46:42,560 - INFO - allennlp.common.util - embedder.token_embedder_tokens.transformer_model.encoder.layer.9.intermediate.dense.weight
0 | 2021-07-13 08:46:42,560 - INFO - allennlp.common.util - embedder.token_embedder_tokens.transformer_model.encoder.layer.9.intermediate.dense.bias
0 | 2021-07-13 08:46:42,561 - INFO - allennlp.common.util - embedder.token_embedder_tokens.transformer_model.encoder.layer.9.output.dense.weight
0 | 2021-07-13 08:46:42,561 - INFO - allennlp.common.util - embedder.token_embedder_tokens.transformer_model.encoder.layer.9.output.dense.bias
0 | 2021-07-13 08:46:42,561 - INFO - allennlp.common.util - embedder.token_embedder_tokens.transformer_model.encoder.layer.9.output.LayerNorm.weight
0 | 2021-07-13 08:46:42,561 - INFO - allennlp.common.util - embedder.token_embedder_tokens.transformer_model.encoder.layer.9.output.LayerNorm.bias
0 | 2021-07-13 08:46:42,561 - INFO - allennlp.common.util - embedder.token_embedder_tokens.transformer_model.encoder.layer.10.attention.self.query.weight
0 | 2021-07-13 08:46:42,561 - INFO - allennlp.common.util - embedder.token_embedder_tokens.transformer_model.encoder.layer.10.attention.self.query.bias
0 | 2021-07-13 08:46:42,561 - INFO - allennlp.common.util - embedder.token_embedder_tokens.transformer_model.encoder.layer.10.attention.self.key.weight
0 | 2021-07-13 08:46:42,561 - INFO - allennlp.common.util - embedder.token_embedder_tokens.transformer_model.encoder.layer.10.attention.self.key.bias
0 | 2021-07-13 08:46:42,561 - INFO - allennlp.common.util - embedder.token_embedder_tokens.transformer_model.encoder.layer.10.attention.self.value.weight
0 | 2021-07-13 08:46:42,561 - INFO - allennlp.common.util - embedder.token_embedder_tokens.transformer_model.encoder.layer.10.attention.self.value.bias
0 | 2021-07-13 08:46:42,561 - INFO - allennlp.common.util - embedder.token_embedder_tokens.transformer_model.encoder.layer.10.attention.output.dense.weight
0 | 2021-07-13 08:46:42,561 - INFO - allennlp.common.util - embedder.token_embedder_tokens.transformer_model.encoder.layer.10.attention.output.dense.bias
0 | 2021-07-13 08:46:42,561 - INFO - allennlp.common.util - embedder.token_embedder_tokens.transformer_model.encoder.layer.10.attention.output.LayerNorm.weight
0 | 2021-07-13 08:46:42,561 - INFO - allennlp.common.util - embedder.token_embedder_tokens.transformer_model.encoder.layer.10.attention.output.LayerNorm.bias
0 | 2021-07-13 08:46:42,561 - INFO - allennlp.common.util - embedder.token_embedder_tokens.transformer_model.encoder.layer.10.intermediate.dense.weight
0 | 2021-07-13 08:46:42,562 - INFO - allennlp.common.util - embedder.token_embedder_tokens.transformer_model.encoder.layer.10.intermediate.dense.bias
0 | 2021-07-13 08:46:42,562 - INFO - allennlp.common.util - embedder.token_embedder_tokens.transformer_model.encoder.layer.10.output.dense.weight
0 | 2021-07-13 08:46:42,562 - INFO - allennlp.common.util - embedder.token_embedder_tokens.transformer_model.encoder.layer.10.output.dense.bias
0 | 2021-07-13 08:46:42,562 - INFO - allennlp.common.util - embedder.token_embedder_tokens.transformer_model.encoder.layer.10.output.LayerNorm.weight
0 | 2021-07-13 08:46:42,562 - INFO - allennlp.common.util - embedder.token_embedder_tokens.transformer_model.encoder.layer.10.output.LayerNorm.bias
0 | 2021-07-13 08:46:42,562 - INFO - allennlp.common.util - embedder.token_embedder_tokens.transformer_model.encoder.layer.11.attention.self.query.weight
0 | 2021-07-13 08:46:42,562 - INFO - allennlp.common.util - embedder.token_embedder_tokens.transformer_model.encoder.layer.11.attention.self.query.bias
0 | 2021-07-13 08:46:42,562 - INFO - allennlp.common.util - embedder.token_embedder_tokens.transformer_model.encoder.layer.11.attention.self.key.weight
0 | 2021-07-13 08:46:42,562 - INFO - allennlp.common.util - embedder.token_embedder_tokens.transformer_model.encoder.layer.11.attention.self.key.bias
0 | 2021-07-13 08:46:42,562 - INFO - allennlp.common.util - embedder.token_embedder_tokens.transformer_model.encoder.layer.11.attention.self.value.weight
0 | 2021-07-13 08:46:42,562 - INFO - allennlp.common.util - embedder.token_embedder_tokens.transformer_model.encoder.layer.11.attention.self.value.bias
0 | 2021-07-13 08:46:42,562 - INFO - allennlp.common.util - embedder.token_embedder_tokens.transformer_model.encoder.layer.11.attention.output.dense.weight
0 | 2021-07-13 08:46:42,562 - INFO - allennlp.common.util - embedder.token_embedder_tokens.transformer_model.encoder.layer.11.attention.output.dense.bias
0 | 2021-07-13 08:46:42,562 - INFO - allennlp.common.util - embedder.token_embedder_tokens.transformer_model.encoder.layer.11.attention.output.LayerNorm.weight
0 | 2021-07-13 08:46:42,562 - INFO - allennlp.common.util - embedder.token_embedder_tokens.transformer_model.encoder.layer.11.attention.output.LayerNorm.bias
0 | 2021-07-13 08:46:42,562 - INFO - allennlp.common.util - embedder.token_embedder_tokens.transformer_model.encoder.layer.11.intermediate.dense.weight
0 | 2021-07-13 08:46:42,563 - INFO - allennlp.common.util - embedder.token_embedder_tokens.transformer_model.encoder.layer.11.intermediate.dense.bias
0 | 2021-07-13 08:46:42,563 - INFO - allennlp.common.util - embedder.token_embedder_tokens.transformer_model.encoder.layer.11.output.dense.weight
0 | 2021-07-13 08:46:42,563 - INFO - allennlp.common.util - embedder.token_embedder_tokens.transformer_model.encoder.layer.11.output.dense.bias
0 | 2021-07-13 08:46:42,563 - INFO - allennlp.common.util - embedder.token_embedder_tokens.transformer_model.encoder.layer.11.output.LayerNorm.weight
0 | 2021-07-13 08:46:42,563 - INFO - allennlp.common.util - embedder.token_embedder_tokens.transformer_model.encoder.layer.11.output.LayerNorm.bias
0 | 2021-07-13 08:46:42,563 - INFO - allennlp.common.util - embedder.token_embedder_tokens.transformer_model.encoder.layer.12.attention.self.query.weight
0 | 2021-07-13 08:46:42,563 - INFO - allennlp.common.util - embedder.token_embedder_tokens.transformer_model.encoder.layer.12.attention.self.query.bias
0 | 2021-07-13 08:46:42,563 - INFO - allennlp.common.util - embedder.token_embedder_tokens.transformer_model.encoder.layer.12.attention.self.key.weight
0 | 2021-07-13 08:46:42,563 - INFO - allennlp.common.util - embedder.token_embedder_tokens.transformer_model.encoder.layer.12.attention.self.key.bias
0 | 2021-07-13 08:46:42,563 - INFO - allennlp.common.util - embedder.token_embedder_tokens.transformer_model.encoder.layer.12.attention.self.value.weight
0 | 2021-07-13 08:46:42,563 - INFO - allennlp.common.util - embedder.token_embedder_tokens.transformer_model.encoder.layer.12.attention.self.value.bias
0 | 2021-07-13 08:46:42,563 - INFO - allennlp.common.util - embedder.token_embedder_tokens.transformer_model.encoder.layer.12.attention.output.dense.weight
0 | 2021-07-13 08:46:42,563 - INFO - allennlp.common.util - embedder.token_embedder_tokens.transformer_model.encoder.layer.12.attention.output.dense.bias
0 | 2021-07-13 08:46:42,563 - INFO - allennlp.common.util - embedder.token_embedder_tokens.transformer_model.encoder.layer.12.attention.output.LayerNorm.weight
0 | 2021-07-13 08:46:42,563 - INFO - allennlp.common.util - embedder.token_embedder_tokens.transformer_model.encoder.layer.12.attention.output.LayerNorm.bias
0 | 2021-07-13 08:46:42,564 - INFO - allennlp.common.util - embedder.token_embedder_tokens.transformer_model.encoder.layer.12.intermediate.dense.weight
0 | 2021-07-13 08:46:42,564 - INFO - allennlp.common.util - embedder.token_embedder_tokens.transformer_model.encoder.layer.12.intermediate.dense.bias
0 | 2021-07-13 08:46:42,564 - INFO - allennlp.common.util - embedder.token_embedder_tokens.transformer_model.encoder.layer.12.output.dense.weight
0 | 2021-07-13 08:46:42,564 - INFO - allennlp.common.util - embedder.token_embedder_tokens.transformer_model.encoder.layer.12.output.dense.bias
0 | 2021-07-13 08:46:42,564 - INFO - allennlp.common.util - embedder.token_embedder_tokens.transformer_model.encoder.layer.12.output.LayerNorm.weight
0 | 2021-07-13 08:46:42,564 - INFO - allennlp.common.util - embedder.token_embedder_tokens.transformer_model.encoder.layer.12.output.LayerNorm.bias
0 | 2021-07-13 08:46:42,564 - INFO - allennlp.common.util - embedder.token_embedder_tokens.transformer_model.encoder.layer.13.attention.self.query.weight
0 | 2021-07-13 08:46:42,564 - INFO - allennlp.common.util - embedder.token_embedder_tokens.transformer_model.encoder.layer.13.attention.self.query.bias
0 | 2021-07-13 08:46:42,564 - INFO - allennlp.common.util - embedder.token_embedder_tokens.transformer_model.encoder.layer.13.attention.self.key.weight
0 | 2021-07-13 08:46:42,564 - INFO - allennlp.common.util - embedder.token_embedder_tokens.transformer_model.encoder.layer.13.attention.self.key.bias
0 | 2021-07-13 08:46:42,564 - INFO - allennlp.common.util - embedder.token_embedder_tokens.transformer_model.encoder.layer.13.attention.self.value.weight
0 | 2021-07-13 08:46:42,564 - INFO - allennlp.common.util - embedder.token_embedder_tokens.transformer_model.encoder.layer.13.attention.self.value.bias
0 | 2021-07-13 08:46:42,564 - INFO - allennlp.common.util - embedder.token_embedder_tokens.transformer_model.encoder.layer.13.attention.output.dense.weight
0 | 2021-07-13 08:46:42,564 - INFO - allennlp.common.util - embedder.token_embedder_tokens.transformer_model.encoder.layer.13.attention.output.dense.bias
0 | 2021-07-13 08:46:42,564 - INFO - allennlp.common.util - embedder.token_embedder_tokens.transformer_model.encoder.layer.13.attention.output.LayerNorm.weight
0 | 2021-07-13 08:46:42,565 - INFO - allennlp.common.util - embedder.token_embedder_tokens.transformer_model.encoder.layer.13.attention.output.LayerNorm.bias
0 | 2021-07-13 08:46:42,565 - INFO - allennlp.common.util - embedder.token_embedder_tokens.transformer_model.encoder.layer.13.intermediate.dense.weight
0 | 2021-07-13 08:46:42,565 - INFO - allennlp.common.util - embedder.token_embedder_tokens.transformer_model.encoder.layer.13.intermediate.dense.bias
0 | 2021-07-13 08:46:42,565 - INFO - allennlp.common.util - embedder.token_embedder_tokens.transformer_model.encoder.layer.13.output.dense.weight
0 | 2021-07-13 08:46:42,565 - INFO - allennlp.common.util - embedder.token_embedder_tokens.transformer_model.encoder.layer.13.output.dense.bias
0 | 2021-07-13 08:46:42,565 - INFO - allennlp.common.util - embedder.token_embedder_tokens.transformer_model.encoder.layer.13.output.LayerNorm.weight
0 | 2021-07-13 08:46:42,565 - INFO - allennlp.common.util - embedder.token_embedder_tokens.transformer_model.encoder.layer.13.output.LayerNorm.bias
0 | 2021-07-13 08:46:42,565 - INFO - allennlp.common.util - embedder.token_embedder_tokens.transformer_model.encoder.layer.14.attention.self.query.weight
0 | 2021-07-13 08:46:42,565 - INFO - allennlp.common.util - embedder.token_embedder_tokens.transformer_model.encoder.layer.14.attention.self.query.bias
0 | 2021-07-13 08:46:42,565 - INFO - allennlp.common.util - embedder.token_embedder_tokens.transformer_model.encoder.layer.14.attention.self.key.weight
0 | 2021-07-13 08:46:42,565 - INFO - allennlp.common.util - embedder.token_embedder_tokens.transformer_model.encoder.layer.14.attention.self.key.bias
0 | 2021-07-13 08:46:42,565 - INFO - allennlp.common.util - embedder.token_embedder_tokens.transformer_model.encoder.layer.14.attention.self.value.weight
0 | 2021-07-13 08:46:42,565 - INFO - allennlp.common.util - embedder.token_embedder_tokens.transformer_model.encoder.layer.14.attention.self.value.bias
0 | 2021-07-13 08:46:42,565 - INFO - allennlp.common.util - embedder.token_embedder_tokens.transformer_model.encoder.layer.14.attention.output.dense.weight
0 | 2021-07-13 08:46:42,565 - INFO - allennlp.common.util - embedder.token_embedder_tokens.transformer_model.encoder.layer.14.attention.output.dense.bias
0 | 2021-07-13 08:46:42,565 - INFO - allennlp.common.util - embedder.token_embedder_tokens.transformer_model.encoder.layer.14.attention.output.LayerNorm.weight
0 | 2021-07-13 08:46:42,566 - INFO - allennlp.common.util - embedder.token_embedder_tokens.transformer_model.encoder.layer.14.attention.output.LayerNorm.bias
0 | 2021-07-13 08:46:42,566 - INFO - allennlp.common.util - embedder.token_embedder_tokens.transformer_model.encoder.layer.14.intermediate.dense.weight
0 | 2021-07-13 08:46:42,566 - INFO - allennlp.common.util - embedder.token_embedder_tokens.transformer_model.encoder.layer.14.intermediate.dense.bias
0 | 2021-07-13 08:46:42,566 - INFO - allennlp.common.util - embedder.token_embedder_tokens.transformer_model.encoder.layer.14.output.dense.weight
0 | 2021-07-13 08:46:42,566 - INFO - allennlp.common.util - embedder.token_embedder_tokens.transformer_model.encoder.layer.14.output.dense.bias
0 | 2021-07-13 08:46:42,566 - INFO - allennlp.common.util - embedder.token_embedder_tokens.transformer_model.encoder.layer.14.output.LayerNorm.weight
0 | 2021-07-13 08:46:42,566 - INFO - allennlp.common.util - embedder.token_embedder_tokens.transformer_model.encoder.layer.14.output.LayerNorm.bias
0 | 2021-07-13 08:46:42,566 - INFO - allennlp.common.util - embedder.token_embedder_tokens.transformer_model.encoder.layer.15.attention.self.query.weight
0 | 2021-07-13 08:46:42,566 - INFO - allennlp.common.util - embedder.token_embedder_tokens.transformer_model.encoder.layer.15.attention.self.query.bias
0 | 2021-07-13 08:46:42,566 - INFO - allennlp.common.util - embedder.token_embedder_tokens.transformer_model.encoder.layer.15.attention.self.key.weight
0 | 2021-07-13 08:46:42,566 - INFO - allennlp.common.util - embedder.token_embedder_tokens.transformer_model.encoder.layer.15.attention.self.key.bias
0 | 2021-07-13 08:46:42,566 - INFO - allennlp.common.util - embedder.token_embedder_tokens.transformer_model.encoder.layer.15.attention.self.value.weight
0 | 2021-07-13 08:46:42,566 - INFO - allennlp.common.util - embedder.token_embedder_tokens.transformer_model.encoder.layer.15.attention.self.value.bias
0 | 2021-07-13 08:46:42,566 - INFO - allennlp.common.util - embedder.token_embedder_tokens.transformer_model.encoder.layer.15.attention.output.dense.weight
0 | 2021-07-13 08:46:42,566 - INFO - allennlp.common.util - embedder.token_embedder_tokens.transformer_model.encoder.layer.15.attention.output.dense.bias
0 | 2021-07-13 08:46:42,567 - INFO - allennlp.common.util - embedder.token_embedder_tokens.transformer_model.encoder.layer.15.attention.output.LayerNorm.weight
0 | 2021-07-13 08:46:42,567 - INFO - allennlp.common.util - embedder.token_embedder_tokens.transformer_model.encoder.layer.15.attention.output.LayerNorm.bias
0 | 2021-07-13 08:46:42,567 - INFO - allennlp.common.util - embedder.token_embedder_tokens.transformer_model.encoder.layer.15.intermediate.dense.weight
0 | 2021-07-13 08:46:42,567 - INFO - allennlp.common.util - embedder.token_embedder_tokens.transformer_model.encoder.layer.15.intermediate.dense.bias
0 | 2021-07-13 08:46:42,567 - INFO - allennlp.common.util - embedder.token_embedder_tokens.transformer_model.encoder.layer.15.output.dense.weight
0 | 2021-07-13 08:46:42,567 - INFO - allennlp.common.util - embedder.token_embedder_tokens.transformer_model.encoder.layer.15.output.dense.bias
0 | 2021-07-13 08:46:42,567 - INFO - allennlp.common.util - embedder.token_embedder_tokens.transformer_model.encoder.layer.15.output.LayerNorm.weight
0 | 2021-07-13 08:46:42,567 - INFO - allennlp.common.util - embedder.token_embedder_tokens.transformer_model.encoder.layer.15.output.LayerNorm.bias
0 | 2021-07-13 08:46:42,567 - INFO - allennlp.common.util - embedder.token_embedder_tokens.transformer_model.encoder.layer.16.attention.self.query.weight
0 | 2021-07-13 08:46:42,567 - INFO - allennlp.common.util - embedder.token_embedder_tokens.transformer_model.encoder.layer.16.attention.self.query.bias
0 | 2021-07-13 08:46:42,567 - INFO - allennlp.common.util - embedder.token_embedder_tokens.transformer_model.encoder.layer.16.attention.self.key.weight
0 | 2021-07-13 08:46:42,567 - INFO - allennlp.common.util - embedder.token_embedder_tokens.transformer_model.encoder.layer.16.attention.self.key.bias
0 | 2021-07-13 08:46:42,567 - INFO - allennlp.common.util - embedder.token_embedder_tokens.transformer_model.encoder.layer.16.attention.self.value.weight
0 | 2021-07-13 08:46:42,567 - INFO - allennlp.common.util - embedder.token_embedder_tokens.transformer_model.encoder.layer.16.attention.self.value.bias
0 | 2021-07-13 08:46:42,567 - INFO - allennlp.common.util - embedder.token_embedder_tokens.transformer_model.encoder.layer.16.attention.output.dense.weight
0 | 2021-07-13 08:46:42,568 - INFO - allennlp.common.util - embedder.token_embedder_tokens.transformer_model.encoder.layer.16.attention.output.dense.bias
0 | 2021-07-13 08:46:42,568 - INFO - allennlp.common.util - embedder.token_embedder_tokens.transformer_model.encoder.layer.16.attention.output.LayerNorm.weight
0 | 2021-07-13 08:46:42,568 - INFO - allennlp.common.util - embedder.token_embedder_tokens.transformer_model.encoder.layer.16.attention.output.LayerNorm.bias
0 | 2021-07-13 08:46:42,568 - INFO - allennlp.common.util - embedder.token_embedder_tokens.transformer_model.encoder.layer.16.intermediate.dense.weight
0 | 2021-07-13 08:46:42,568 - INFO - allennlp.common.util - embedder.token_embedder_tokens.transformer_model.encoder.layer.16.intermediate.dense.bias
0 | 2021-07-13 08:46:42,568 - INFO - allennlp.common.util - embedder.token_embedder_tokens.transformer_model.encoder.layer.16.output.dense.weight
0 | 2021-07-13 08:46:42,568 - INFO - allennlp.common.util - embedder.token_embedder_tokens.transformer_model.encoder.layer.16.output.dense.bias
0 | 2021-07-13 08:46:42,568 - INFO - allennlp.common.util - embedder.token_embedder_tokens.transformer_model.encoder.layer.16.output.LayerNorm.weight
0 | 2021-07-13 08:46:42,568 - INFO - allennlp.common.util - embedder.token_embedder_tokens.transformer_model.encoder.layer.16.output.LayerNorm.bias
0 | 2021-07-13 08:46:42,568 - INFO - allennlp.common.util - embedder.token_embedder_tokens.transformer_model.encoder.layer.17.attention.self.query.weight
0 | 2021-07-13 08:46:42,568 - INFO - allennlp.common.util - embedder.token_embedder_tokens.transformer_model.encoder.layer.17.attention.self.query.bias
0 | 2021-07-13 08:46:42,568 - INFO - allennlp.common.util - embedder.token_embedder_tokens.transformer_model.encoder.layer.17.attention.self.key.weight
0 | 2021-07-13 08:46:42,568 - INFO - allennlp.common.util - embedder.token_embedder_tokens.transformer_model.encoder.layer.17.attention.self.key.bias
0 | 2021-07-13 08:46:42,568 - INFO - allennlp.common.util - embedder.token_embedder_tokens.transformer_model.encoder.layer.17.attention.self.value.weight
0 | 2021-07-13 08:46:42,568 - INFO - allennlp.common.util - embedder.token_embedder_tokens.transformer_model.encoder.layer.17.attention.self.value.bias
0 | 2021-07-13 08:46:42,569 - INFO - allennlp.common.util - embedder.token_embedder_tokens.transformer_model.encoder.layer.17.attention.output.dense.weight
0 | 2021-07-13 08:46:42,569 - INFO - allennlp.common.util - embedder.token_embedder_tokens.transformer_model.encoder.layer.17.attention.output.dense.bias
0 | 2021-07-13 08:46:42,569 - INFO - allennlp.common.util - embedder.token_embedder_tokens.transformer_model.encoder.layer.17.attention.output.LayerNorm.weight
0 | 2021-07-13 08:46:42,569 - INFO - allennlp.common.util - embedder.token_embedder_tokens.transformer_model.encoder.layer.17.attention.output.LayerNorm.bias
0 | 2021-07-13 08:46:42,569 - INFO - allennlp.common.util - embedder.token_embedder_tokens.transformer_model.encoder.layer.17.intermediate.dense.weight
0 | 2021-07-13 08:46:42,569 - INFO - allennlp.common.util - embedder.token_embedder_tokens.transformer_model.encoder.layer.17.intermediate.dense.bias
0 | 2021-07-13 08:46:42,569 - INFO - allennlp.common.util - embedder.token_embedder_tokens.transformer_model.encoder.layer.17.output.dense.weight
0 | 2021-07-13 08:46:42,569 - INFO - allennlp.common.util - embedder.token_embedder_tokens.transformer_model.encoder.layer.17.output.dense.bias
0 | 2021-07-13 08:46:42,569 - INFO - allennlp.common.util - embedder.token_embedder_tokens.transformer_model.encoder.layer.17.output.LayerNorm.weight
0 | 2021-07-13 08:46:42,569 - INFO - allennlp.common.util - embedder.token_embedder_tokens.transformer_model.encoder.layer.17.output.LayerNorm.bias
0 | 2021-07-13 08:46:42,569 - INFO - allennlp.common.util - embedder.token_embedder_tokens.transformer_model.encoder.layer.18.attention.self.query.weight
0 | 2021-07-13 08:46:42,569 - INFO - allennlp.common.util - embedder.token_embedder_tokens.transformer_model.encoder.layer.18.attention.self.query.bias
0 | 2021-07-13 08:46:42,569 - INFO - allennlp.common.util - embedder.token_embedder_tokens.transformer_model.encoder.layer.18.attention.self.key.weight
0 | 2021-07-13 08:46:42,569 - INFO - allennlp.common.util - embedder.token_embedder_tokens.transformer_model.encoder.layer.18.attention.self.key.bias
0 | 2021-07-13 08:46:42,569 - INFO - allennlp.common.util - embedder.token_embedder_tokens.transformer_model.encoder.layer.18.attention.self.value.weight
0 | 2021-07-13 08:46:42,570 - INFO - allennlp.common.util - embedder.token_embedder_tokens.transformer_model.encoder.layer.18.attention.self.value.bias
0 | 2021-07-13 08:46:42,570 - INFO - allennlp.common.util - embedder.token_embedder_tokens.transformer_model.encoder.layer.18.attention.output.dense.weight
0 | 2021-07-13 08:46:42,570 - INFO - allennlp.common.util - embedder.token_embedder_tokens.transformer_model.encoder.layer.18.attention.output.dense.bias
0 | 2021-07-13 08:46:42,570 - INFO - allennlp.common.util - embedder.token_embedder_tokens.transformer_model.encoder.layer.18.attention.output.LayerNorm.weight
0 | 2021-07-13 08:46:42,570 - INFO - allennlp.common.util - embedder.token_embedder_tokens.transformer_model.encoder.layer.18.attention.output.LayerNorm.bias
0 | 2021-07-13 08:46:42,570 - INFO - allennlp.common.util - embedder.token_embedder_tokens.transformer_model.encoder.layer.18.intermediate.dense.weight
0 | 2021-07-13 08:46:42,570 - INFO - allennlp.common.util - embedder.token_embedder_tokens.transformer_model.encoder.layer.18.intermediate.dense.bias
0 | 2021-07-13 08:46:42,570 - INFO - allennlp.common.util - embedder.token_embedder_tokens.transformer_model.encoder.layer.18.output.dense.weight
0 | 2021-07-13 08:46:42,570 - INFO - allennlp.common.util - embedder.token_embedder_tokens.transformer_model.encoder.layer.18.output.dense.bias
0 | 2021-07-13 08:46:42,570 - INFO - allennlp.common.util - embedder.token_embedder_tokens.transformer_model.encoder.layer.18.output.LayerNorm.weight
0 | 2021-07-13 08:46:42,570 - INFO - allennlp.common.util - embedder.token_embedder_tokens.transformer_model.encoder.layer.18.output.LayerNorm.bias
0 | 2021-07-13 08:46:42,570 - INFO - allennlp.common.util - embedder.token_embedder_tokens.transformer_model.encoder.layer.19.attention.self.query.weight
0 | 2021-07-13 08:46:42,570 - INFO - allennlp.common.util - embedder.token_embedder_tokens.transformer_model.encoder.layer.19.attention.self.query.bias
0 | 2021-07-13 08:46:42,570 - INFO - allennlp.common.util - embedder.token_embedder_tokens.transformer_model.encoder.layer.19.attention.self.key.weight
0 | 2021-07-13 08:46:42,570 - INFO - allennlp.common.util - embedder.token_embedder_tokens.transformer_model.encoder.layer.19.attention.self.key.bias
0 | 2021-07-13 08:46:42,571 - INFO - allennlp.common.util - embedder.token_embedder_tokens.transformer_model.encoder.layer.19.attention.self.value.weight
0 | 2021-07-13 08:46:42,571 - INFO - allennlp.common.util - embedder.token_embedder_tokens.transformer_model.encoder.layer.19.attention.self.value.bias
0 | 2021-07-13 08:46:42,571 - INFO - allennlp.common.util - embedder.token_embedder_tokens.transformer_model.encoder.layer.19.attention.output.dense.weight
0 | 2021-07-13 08:46:42,571 - INFO - allennlp.common.util - embedder.token_embedder_tokens.transformer_model.encoder.layer.19.attention.output.dense.bias
0 | 2021-07-13 08:46:42,571 - INFO - allennlp.common.util - embedder.token_embedder_tokens.transformer_model.encoder.layer.19.attention.output.LayerNorm.weight
0 | 2021-07-13 08:46:42,571 - INFO - allennlp.common.util - embedder.token_embedder_tokens.transformer_model.encoder.layer.19.attention.output.LayerNorm.bias
0 | 2021-07-13 08:46:42,571 - INFO - allennlp.common.util - embedder.token_embedder_tokens.transformer_model.encoder.layer.19.intermediate.dense.weight
0 | 2021-07-13 08:46:42,571 - INFO - allennlp.common.util - embedder.token_embedder_tokens.transformer_model.encoder.layer.19.intermediate.dense.bias
0 | 2021-07-13 08:46:42,571 - INFO - allennlp.common.util - embedder.token_embedder_tokens.transformer_model.encoder.layer.19.output.dense.weight
0 | 2021-07-13 08:46:42,571 - INFO - allennlp.common.util - embedder.token_embedder_tokens.transformer_model.encoder.layer.19.output.dense.bias
0 | 2021-07-13 08:46:42,571 - INFO - allennlp.common.util - embedder.token_embedder_tokens.transformer_model.encoder.layer.19.output.LayerNorm.weight
0 | 2021-07-13 08:46:42,571 - INFO - allennlp.common.util - embedder.token_embedder_tokens.transformer_model.encoder.layer.19.output.LayerNorm.bias
0 | 2021-07-13 08:46:42,571 - INFO - allennlp.common.util - embedder.token_embedder_tokens.transformer_model.encoder.layer.20.attention.self.query.weight
0 | 2021-07-13 08:46:42,571 - INFO - allennlp.common.util - embedder.token_embedder_tokens.transformer_model.encoder.layer.20.attention.self.query.bias
0 | 2021-07-13 08:46:42,571 - INFO - allennlp.common.util - embedder.token_embedder_tokens.transformer_model.encoder.layer.20.attention.self.key.weight
0 | 2021-07-13 08:46:42,572 - INFO - allennlp.common.util - embedder.token_embedder_tokens.transformer_model.encoder.layer.20.attention.self.key.bias
0 | 2021-07-13 08:46:42,572 - INFO - allennlp.common.util - embedder.token_embedder_tokens.transformer_model.encoder.layer.20.attention.self.value.weight
0 | 2021-07-13 08:46:42,572 - INFO - allennlp.common.util - embedder.token_embedder_tokens.transformer_model.encoder.layer.20.attention.self.value.bias
0 | 2021-07-13 08:46:42,572 - INFO - allennlp.common.util - embedder.token_embedder_tokens.transformer_model.encoder.layer.20.attention.output.dense.weight
0 | 2021-07-13 08:46:42,572 - INFO - allennlp.common.util - embedder.token_embedder_tokens.transformer_model.encoder.layer.20.attention.output.dense.bias
0 | 2021-07-13 08:46:42,572 - INFO - allennlp.common.util - embedder.token_embedder_tokens.transformer_model.encoder.layer.20.attention.output.LayerNorm.weight
0 | 2021-07-13 08:46:42,572 - INFO - allennlp.common.util - embedder.token_embedder_tokens.transformer_model.encoder.layer.20.attention.output.LayerNorm.bias
0 | 2021-07-13 08:46:42,572 - INFO - allennlp.common.util - embedder.token_embedder_tokens.transformer_model.encoder.layer.20.intermediate.dense.weight
0 | 2021-07-13 08:46:42,572 - INFO - allennlp.common.util - embedder.token_embedder_tokens.transformer_model.encoder.layer.20.intermediate.dense.bias
0 | 2021-07-13 08:46:42,572 - INFO - allennlp.common.util - embedder.token_embedder_tokens.transformer_model.encoder.layer.20.output.dense.weight
0 | 2021-07-13 08:46:42,572 - INFO - allennlp.common.util - embedder.token_embedder_tokens.transformer_model.encoder.layer.20.output.dense.bias
0 | 2021-07-13 08:46:42,572 - INFO - allennlp.common.util - embedder.token_embedder_tokens.transformer_model.encoder.layer.20.output.LayerNorm.weight
0 | 2021-07-13 08:46:42,572 - INFO - allennlp.common.util - embedder.token_embedder_tokens.transformer_model.encoder.layer.20.output.LayerNorm.bias
0 | 2021-07-13 08:46:42,572 - INFO - allennlp.common.util - embedder.token_embedder_tokens.transformer_model.encoder.layer.21.attention.self.query.weight
0 | 2021-07-13 08:46:42,572 - INFO - allennlp.common.util - embedder.token_embedder_tokens.transformer_model.encoder.layer.21.attention.self.query.bias
0 | 2021-07-13 08:46:42,572 - INFO - allennlp.common.util - embedder.token_embedder_tokens.transformer_model.encoder.layer.21.attention.self.key.weight
0 | 2021-07-13 08:46:42,573 - INFO - allennlp.common.util - embedder.token_embedder_tokens.transformer_model.encoder.layer.21.attention.self.key.bias
0 | 2021-07-13 08:46:42,573 - INFO - allennlp.common.util - embedder.token_embedder_tokens.transformer_model.encoder.layer.21.attention.self.value.weight
0 | 2021-07-13 08:46:42,573 - INFO - allennlp.common.util - embedder.token_embedder_tokens.transformer_model.encoder.layer.21.attention.self.value.bias
0 | 2021-07-13 08:46:42,573 - INFO - allennlp.common.util - embedder.token_embedder_tokens.transformer_model.encoder.layer.21.attention.output.dense.weight
0 | 2021-07-13 08:46:42,573 - INFO - allennlp.common.util - embedder.token_embedder_tokens.transformer_model.encoder.layer.21.attention.output.dense.bias
0 | 2021-07-13 08:46:42,573 - INFO - allennlp.common.util - embedder.token_embedder_tokens.transformer_model.encoder.layer.21.attention.output.LayerNorm.weight
0 | 2021-07-13 08:46:42,573 - INFO - allennlp.common.util - embedder.token_embedder_tokens.transformer_model.encoder.layer.21.attention.output.LayerNorm.bias
0 | 2021-07-13 08:46:42,573 - INFO - allennlp.common.util - embedder.token_embedder_tokens.transformer_model.encoder.layer.21.intermediate.dense.weight
0 | 2021-07-13 08:46:42,573 - INFO - allennlp.common.util - embedder.token_embedder_tokens.transformer_model.encoder.layer.21.intermediate.dense.bias
0 | 2021-07-13 08:46:42,573 - INFO - allennlp.common.util - embedder.token_embedder_tokens.transformer_model.encoder.layer.21.output.dense.weight
0 | 2021-07-13 08:46:42,573 - INFO - allennlp.common.util - embedder.token_embedder_tokens.transformer_model.encoder.layer.21.output.dense.bias
0 | 2021-07-13 08:46:42,573 - INFO - allennlp.common.util - embedder.token_embedder_tokens.transformer_model.encoder.layer.21.output.LayerNorm.weight
0 | 2021-07-13 08:46:42,573 - INFO - allennlp.common.util - embedder.token_embedder_tokens.transformer_model.encoder.layer.21.output.LayerNorm.bias
0 | 2021-07-13 08:46:42,573 - INFO - allennlp.common.util - embedder.token_embedder_tokens.transformer_model.encoder.layer.22.attention.self.query.weight
0 | 2021-07-13 08:46:42,573 - INFO - allennlp.common.util - embedder.token_embedder_tokens.transformer_model.encoder.layer.22.attention.self.query.bias
0 | 2021-07-13 08:46:42,574 - INFO - allennlp.common.util - embedder.token_embedder_tokens.transformer_model.encoder.layer.22.attention.self.key.weight
0 | 2021-07-13 08:46:42,574 - INFO - allennlp.common.util - embedder.token_embedder_tokens.transformer_model.encoder.layer.22.attention.self.key.bias
0 | 2021-07-13 08:46:42,574 - INFO - allennlp.common.util - embedder.token_embedder_tokens.transformer_model.encoder.layer.22.attention.self.value.weight
0 | 2021-07-13 08:46:42,574 - INFO - allennlp.common.util - embedder.token_embedder_tokens.transformer_model.encoder.layer.22.attention.self.value.bias
0 | 2021-07-13 08:46:42,574 - INFO - allennlp.common.util - embedder.token_embedder_tokens.transformer_model.encoder.layer.22.attention.output.dense.weight
0 | 2021-07-13 08:46:42,574 - INFO - allennlp.common.util - embedder.token_embedder_tokens.transformer_model.encoder.layer.22.attention.output.dense.bias
0 | 2021-07-13 08:46:42,574 - INFO - allennlp.common.util - embedder.token_embedder_tokens.transformer_model.encoder.layer.22.attention.output.LayerNorm.weight
0 | 2021-07-13 08:46:42,574 - INFO - allennlp.common.util - embedder.token_embedder_tokens.transformer_model.encoder.layer.22.attention.output.LayerNorm.bias
0 | 2021-07-13 08:46:42,574 - INFO - allennlp.common.util - embedder.token_embedder_tokens.transformer_model.encoder.layer.22.intermediate.dense.weight
0 | 2021-07-13 08:46:42,574 - INFO - allennlp.common.util - embedder.token_embedder_tokens.transformer_model.encoder.layer.22.intermediate.dense.bias
0 | 2021-07-13 08:46:42,574 - INFO - allennlp.common.util - embedder.token_embedder_tokens.transformer_model.encoder.layer.22.output.dense.weight
0 | 2021-07-13 08:46:42,574 - INFO - allennlp.common.util - embedder.token_embedder_tokens.transformer_model.encoder.layer.22.output.dense.bias
0 | 2021-07-13 08:46:42,574 - INFO - allennlp.common.util - embedder.token_embedder_tokens.transformer_model.encoder.layer.22.output.LayerNorm.weight
0 | 2021-07-13 08:46:42,574 - INFO - allennlp.common.util - embedder.token_embedder_tokens.transformer_model.encoder.layer.22.output.LayerNorm.bias
0 | 2021-07-13 08:46:42,574 - INFO - allennlp.common.util - embedder.token_embedder_tokens.transformer_model.encoder.layer.23.attention.self.query.weight
0 | 2021-07-13 08:46:42,575 - INFO - allennlp.common.util - embedder.token_embedder_tokens.transformer_model.encoder.layer.23.attention.self.query.bias
0 | 2021-07-13 08:46:42,575 - INFO - allennlp.common.util - embedder.token_embedder_tokens.transformer_model.encoder.layer.23.attention.self.key.weight
0 | 2021-07-13 08:46:42,575 - INFO - allennlp.common.util - embedder.token_embedder_tokens.transformer_model.encoder.layer.23.attention.self.key.bias
0 | 2021-07-13 08:46:42,575 - INFO - allennlp.common.util - embedder.token_embedder_tokens.transformer_model.encoder.layer.23.attention.self.value.weight
0 | 2021-07-13 08:46:42,575 - INFO - allennlp.common.util - embedder.token_embedder_tokens.transformer_model.encoder.layer.23.attention.self.value.bias
0 | 2021-07-13 08:46:42,575 - INFO - allennlp.common.util - embedder.token_embedder_tokens.transformer_model.encoder.layer.23.attention.output.dense.weight
0 | 2021-07-13 08:46:42,575 - INFO - allennlp.common.util - embedder.token_embedder_tokens.transformer_model.encoder.layer.23.attention.output.dense.bias
0 | 2021-07-13 08:46:42,575 - INFO - allennlp.common.util - embedder.token_embedder_tokens.transformer_model.encoder.layer.23.attention.output.LayerNorm.weight
0 | 2021-07-13 08:46:42,575 - INFO - allennlp.common.util - embedder.token_embedder_tokens.transformer_model.encoder.layer.23.attention.output.LayerNorm.bias
0 | 2021-07-13 08:46:42,575 - INFO - allennlp.common.util - embedder.token_embedder_tokens.transformer_model.encoder.layer.23.intermediate.dense.weight
0 | 2021-07-13 08:46:42,575 - INFO - allennlp.common.util - embedder.token_embedder_tokens.transformer_model.encoder.layer.23.intermediate.dense.bias
0 | 2021-07-13 08:46:42,575 - INFO - allennlp.common.util - embedder.token_embedder_tokens.transformer_model.encoder.layer.23.output.dense.weight
0 | 2021-07-13 08:46:42,575 - INFO - allennlp.common.util - embedder.token_embedder_tokens.transformer_model.encoder.layer.23.output.dense.bias
0 | 2021-07-13 08:46:42,575 - INFO - allennlp.common.util - embedder.token_embedder_tokens.transformer_model.encoder.layer.23.output.LayerNorm.weight
0 | 2021-07-13 08:46:42,575 - INFO - allennlp.common.util - embedder.token_embedder_tokens.transformer_model.encoder.layer.23.output.LayerNorm.bias
0 | 2021-07-13 08:46:42,576 - INFO - allennlp.common.util - embedder.token_embedder_tokens.transformer_model.pooler.dense.weight
0 | 2021-07-13 08:46:42,576 - INFO - allennlp.common.util - embedder.token_embedder_tokens.transformer_model.pooler.dense.bias
0 | 2021-07-13 08:46:42,576 - INFO - allennlp.common.util - classifier.weight
0 | 2021-07-13 08:46:42,576 - INFO - allennlp.common.util - classifier.bias
0 | 2021-07-13 08:46:42,576 - INFO - allennlp.common.params - type = default
0 | 2021-07-13 08:46:42,576 - INFO - allennlp.common.params - keep_serialized_model_every_num_seconds = None
0 | 2021-07-13 08:46:42,576 - INFO - allennlp.common.params - num_serialized_models_to_keep = 2
0 | 2021-07-13 08:46:42,576 - INFO - allennlp.common.params - model_save_interval = None
0 | 2021-07-13 08:46:42,864 - INFO - allennlp.training.trainer - Beginning training.
0 | 2021-07-13 08:46:42,865 - INFO - allennlp.training.trainer - Epoch 0/99
0 | 2021-07-13 08:46:42,865 - INFO - allennlp.training.trainer - Worker 0 memory usage: 6.1G
0 | 2021-07-13 08:46:42,865 - INFO - allennlp.training.trainer - Worker 1 memory usage: 6.1G
0 | 2021-07-13 08:46:42,866 - INFO - allennlp.training.trainer - GPU 0 memory usage: 2.4G
0 | 2021-07-13 08:46:42,866 - INFO - allennlp.training.trainer - GPU 1 memory usage: 2.4G
0 | 2021-07-13 08:46:42,868 - INFO - allennlp.training.trainer - Training
0 | 2021-07-13 08:46:42,868 - INFO - tqdm - 0%|          | 0/375 [00:00<?, ?it/s]
0 | 2021-07-13 08:46:53,204 - INFO - tqdm - pre: 0.1286, rec: 0.0696, f1: 0.0903, batch_loss: 0.4951, loss: 0.3639 ||:   5%|5         | 20/375 [00:10<03:39,  1.62it/s]
0 | 2021-07-13 08:47:03,559 - INFO - tqdm - pre: 0.1834, rec: 0.0486, f1: 0.0768, batch_loss: 0.1585, loss: 0.2768 ||:  10%|#         | 39/375 [00:20<03:19,  1.68it/s]
0 | 2021-07-13 08:47:13,603 - INFO - tqdm - pre: 0.3886, rec: 0.1043, f1: 0.1644, batch_loss: 0.3229, loss: 0.2266 ||:  15%|#5        | 58/375 [00:30<02:56,  1.80it/s]
0 | 2021-07-13 08:47:23,685 - INFO - tqdm - pre: 0.5352, rec: 0.1595, f1: 0.2458, batch_loss: 0.1593, loss: 0.1976 ||:  20%|##        | 76/375 [00:40<03:00,  1.65it/s]
0 | 2021-07-13 08:47:33,760 - INFO - tqdm - pre: 0.6436, rec: 0.2646, f1: 0.3750, batch_loss: 0.1312, loss: 0.1718 ||:  25%|##5       | 95/375 [00:50<02:36,  1.79it/s]
0 | 2021-07-13 08:47:44,276 - INFO - tqdm - pre: 0.7077, rec: 0.3671, f1: 0.4834, batch_loss: 0.1429, loss: 0.1577 ||:  30%|###       | 113/375 [01:01<02:43,  1.61it/s]
0 | 2021-07-13 08:47:54,428 - INFO - tqdm - pre: 0.7309, rec: 0.4195, f1: 0.5330, batch_loss: 0.1936, loss: 0.1474 ||:  35%|###4      | 131/375 [01:11<02:23,  1.71it/s]
0 | 2021-07-13 08:48:04,743 - INFO - tqdm - pre: 0.7486, rec: 0.4605, f1: 0.5702, batch_loss: 0.1013, loss: 0.1335 ||:  41%|####      | 152/375 [01:21<01:41,  2.21it/s]
0 | 2021-07-13 08:48:15,194 - INFO - tqdm - pre: 0.7653, rec: 0.4998, f1: 0.6047, batch_loss: 0.1109, loss: 0.1246 ||:  45%|####5     | 170/375 [01:32<02:10,  1.57it/s]
0 | 2021-07-13 08:48:25,345 - INFO - tqdm - pre: 0.7817, rec: 0.5390, f1: 0.6381, batch_loss: 0.1278, loss: 0.1170 ||:  50%|#####     | 189/375 [01:42<01:50,  1.68it/s]
0 | 2021-07-13 08:48:35,783 - INFO - tqdm - pre: 0.7859, rec: 0.5491, f1: 0.6465, batch_loss: 0.0002, loss: 0.1072 ||:  56%|#####6    | 210/375 [01:52<01:41,  1.62it/s]
0 | 2021-07-13 08:48:46,571 - INFO - tqdm - pre: 0.7924, rec: 0.5745, f1: 0.6661, batch_loss: 0.0912, loss: 0.1038 ||:  61%|######1   | 229/375 [02:03<01:42,  1.43it/s]
0 | 2021-07-13 08:48:56,683 - INFO - tqdm - pre: 0.8012, rec: 0.5933, f1: 0.6817, batch_loss: 0.0388, loss: 0.0993 ||:  66%|######6   | 248/375 [02:13<00:56,  2.23it/s]
0 | 2021-07-13 08:49:06,770 - INFO - tqdm - pre: 0.8089, rec: 0.6119, f1: 0.6968, batch_loss: 0.0001, loss: 0.0963 ||:  71%|#######1  | 267/375 [02:23<00:51,  2.11it/s]
0 | 2021-07-13 08:49:17,492 - INFO - tqdm - pre: 0.8124, rec: 0.6268, f1: 0.7076, batch_loss: 0.0747, loss: 0.0937 ||:  77%|#######6  | 287/375 [02:34<00:57,  1.54it/s]
